2026-07-20T09:50:39-0300 INFO --- logging initialized ---
2026-07-20T10:22:45-0300 INFO --- logging initialized ---
2026-07-20T11:52:45-0300 INFO --- logging initialized ---
2026-07-20T13:40:45-0300 INFO --- logging initialized ---
2026-07-20T15:02:45-0300 INFO --- logging initialized ---
2026-07-20T16:19:45-0300 INFO --- logging initialized ---
2026-07-20T17:24:45-0300 INFO --- logging initialized ---
2026-07-20T18:50:45-0300 INFO --- logging initialized ---
2026-07-20T20:05:45-0300 INFO --- logging initialized ---
2026-07-20T21:25:45-0300 INFO --- logging initialized ---
2026-07-20T21:50:39-0300 INFO --- logging initialized ---
2026-07-20T21:51:03-0300 INFO --- logging initialized ---
2026-07-20T21:53:48-0300 SUBDEBUG Upgrade: linux-firmware-whence-20260411-155.5.el9_7.noarch
2026-07-20T21:53:48-0300 SUBDEBUG Upgrade: tzdata-2026b-1.el9.noarch
2026-07-20T21:53:49-0300 SUBDEBUG Upgrade: setup-2.13.7-10.el9.noarch
2026-07-20T21:53:49-0300 INFO warning: /etc/shadow created as /etc/shadow.rpmnew

2026-07-20T21:53:49-0300 SUBDEBUG Upgrade: filesystem-3.16-5.el9.x86_64
2026-07-20T21:53:50-0300 SUBDEBUG Upgrade: hwdata-0.348-9.22.el9.noarch
2026-07-20T21:53:51-0300 SUBDEBUG Upgrade: linux-firmware-20260411-155.5.el9_7.noarch
2026-07-20T21:54:06-0300 SUBDEBUG Upgrade: python3-setuptools-wheel-53.0.0-15.el9.noarch
2026-07-20T21:54:06-0300 SUBDEBUG Upgrade: pcre2-syntax-10.40-6.el9.noarch
2026-07-20T21:54:06-0300 SUBDEBUG Upgrade: ncurses-base-6.2-12.20210508.el9.noarch
2026-07-20T21:54:06-0300 SUBDEBUG Upgrade: ncurses-libs-6.2-12.20210508.el9.x86_64
2026-07-20T21:54:06-0300 SUBDEBUG Upgrade: bash-5.1.8-9.el9.x86_64
2026-07-20T21:54:06-0300 SUBDEBUG Upgrade: glibc-gconv-extra-2.34-272.el9_8.x86_64
2026-07-20T21:54:07-0300 SUBDEBUG Upgrade: libgcc-11.5.0-14.el9.alma.1.x86_64
2026-07-20T21:54:08-0300 SUBDEBUG Upgrade: glibc-langpack-en-2.34-272.el9_8.x86_64
2026-07-20T21:54:08-0300 SUBDEBUG Upgrade: glibc-common-2.34-272.el9_8.x86_64
2026-07-20T21:54:08-0300 SUBDEBUG Upgrade: glibc-2.34-272.el9_8.x86_64
2026-07-20T21:54:09-0300 SUBDEBUG Upgrade: audit-libs-3.1.5-8.el9.x86_64
2026-07-20T21:54:09-0300 SUBDEBUG Upgrade: libzstd-1.5.5-1.el9.x86_64
2026-07-20T21:54:09-0300 SUBDEBUG Upgrade: libacl-2.3.1-4.el9.x86_64
2026-07-20T21:54:09-0300 SUBDEBUG Upgrade: libcap-2.48-10.el9_8.1.x86_64
2026-07-20T21:54:10-0300 SUBDEBUG Upgrade: bzip2-libs-1.0.8-11.el9.x86_64
2026-07-20T21:54:10-0300 SUBDEBUG Upgrade: libuuid-2.37.4-25.el9.x86_64
2026-07-20T21:54:10-0300 SUBDEBUG Upgrade: sqlite-libs-3.34.1-10.el9_8.x86_64
2026-07-20T21:54:10-0300 SUBDEBUG Upgrade: libcom_err-1.46.5-8.el9.x86_64
2026-07-20T21:54:10-0300 SUBDEBUG Upgrade: elfutils-libelf-0.194-1.el9.alma.1.x86_64
2026-07-20T21:54:10-0300 SUBDEBUG Upgrade: libmnl-1.0.4-16.el9_4.x86_64
2026-07-20T21:54:10-0300 SUBDEBUG Upgrade: libstdc++-11.5.0-14.el9.alma.1.x86_64
2026-07-20T21:54:10-0300 SUBDEBUG Upgrade: crypto-policies-20260224-1.gitea0f072.el9_8.noarch
2026-07-20T21:54:10-0300 SUBDEBUG Upgrade: alternatives-1.24-2.el9.x86_64
2026-07-20T21:54:10-0300 SUBDEBUG Upgrade: libsepol-3.6-3.el9.x86_64
2026-07-20T21:54:10-0300 SUBDEBUG Upgrade: libtalloc-2.4.3-1.el9.x86_64
2026-07-20T21:54:10-0300 SUBDEBUG Upgrade: which-2.21-30.el9_6.x86_64
2026-07-20T21:54:10-0300 SUBDEBUG Upgrade: libedit-3.1-39.20210216cvs.el9.x86_64
2026-07-20T21:54:10-0300 SUBDEBUG Upgrade: libnl3-3.11.0-1.el9.x86_64
2026-07-20T21:54:10-0300 SUBDEBUG Upgrade: libsmartcols-2.37.4-25.el9.x86_64
2026-07-20T21:54:10-0300 SUBDEBUG Upgrade: pcre2-10.40-6.el9.x86_64
2026-07-20T21:54:26-0300 SUBDEBUG Upgrade: libselinux-3.6-3.el9.x86_64
2026-07-20T21:54:27-0300 SUBDEBUG Upgrade: sed-4.8-10.el9.x86_64
2026-07-20T21:54:27-0300 SUBDEBUG Upgrade: findutils-1:4.8.0-7.el9.x86_64
2026-07-20T21:54:27-0300 SUBDEBUG Upgrade: libsemanage-3.6-5.el9_6.x86_64
2026-07-20T21:54:27-0300 SUBDEBUG Upgrade: shadow-utils-2:4.9-16.el9.x86_64
2026-07-20T21:54:28-0300 SUBDEBUG Upgrade: libtevent-0.17.1-1.el9.x86_64
2026-07-20T21:54:28-0300 SUBDEBUG Upgrade: dmidecode-1:3.6-2.el9.x86_64
2026-07-20T21:54:28-0300 SUBDEBUG Upgrade: gdbm-libs-1:1.23-1.el9.x86_64
2026-07-20T21:54:28-0300 SUBDEBUG Upgrade: iptables-libs-1.8.10-11.el9_5.x86_64
2026-07-20T21:54:28-0300 SUBDEBUG Upgrade: libgcrypt-1.10.0-11.el9.x86_64
2026-07-20T21:54:28-0300 SUBDEBUG Upgrade: libtasn1-4.16.0-10.el9_8.x86_64
2026-07-20T21:54:28-0300 SUBDEBUG Upgrade: p11-kit-0.26.2-1.el9.x86_64
2026-07-20T21:54:29-0300 SUBDEBUG Upgrade: libtdb-1.4.14-1.el9.x86_64
2026-07-20T21:54:29-0300 SUBDEBUG Upgrade: libxml2-2.9.13-14.el9_8.2.x86_64
2026-07-20T21:54:29-0300 SUBDEBUG Upgrade: libldb-4.23.5-10.el9_8.x86_64
2026-07-20T21:54:29-0300 SUBDEBUG Upgrade: p11-kit-trust-0.26.2-1.el9.x86_64
2026-07-20T21:54:29-0300 SUBDEBUG Upgrade: libnftnl-1.2.6-4.el9_4.x86_64
2026-07-20T21:54:29-0300 SUBDEBUG Upgrade: libbpf-2:1.5.0-3.el9.x86_64
2026-07-20T21:54:29-0300 SUBDEBUG Upgrade: iproute-6.17.0-2.el9.x86_64
2026-07-20T21:54:29-0300 SUBDEBUG Upgrade: file-libs-5.39-17.el9.x86_64
2026-07-20T21:54:29-0300 SUBDEBUG Upgrade: file-5.39-17.el9.x86_64
2026-07-20T21:54:29-0300 SUBDEBUG Upgrade: fuse-libs-2.9.9-17.el9.x86_64
2026-07-20T21:54:29-0300 SUBDEBUG Upgrade: libbrotli-1.0.9-9.el9_7.x86_64
2026-07-20T21:54:29-0300 SUBDEBUG Upgrade: libsss_idmap-2.9.8-4.el9_8.x86_64
2026-07-20T21:54:30-0300 SUBDEBUG Upgrade: numactl-libs-2.0.19-3.el9.x86_64
2026-07-20T21:54:30-0300 SUBDEBUG Upgrade: pciutils-libs-3.7.0-7.el9.x86_64
2026-07-20T21:54:30-0300 SUBDEBUG Upgrade: nftables-1:1.0.9-7.el9_8.x86_64
2026-07-20T21:54:30-0300 SUBDEBUG Upgrade: libselinux-utils-3.6-3.el9.x86_64
2026-07-20T21:54:30-0300 SUBDEBUG Installed: graphite2-1.3.14-9.el9.x86_64
2026-07-20T21:54:30-0300 SUBDEBUG Upgrade: ethtool-2:6.15-2.el9.x86_64
2026-07-20T21:54:30-0300 SUBDEBUG Upgrade: ipset-libs-7.11-11.el9_5.x86_64
2026-07-20T21:54:30-0300 SUBDEBUG Upgrade: ipset-7.11-11.el9_5.x86_64
2026-07-20T21:54:30-0300 SUBDEBUG Upgrade: e2fsprogs-libs-1.46.5-8.el9.x86_64
2026-07-20T21:54:30-0300 SUBDEBUG Upgrade: libss-1.46.5-8.el9.x86_64
2026-07-20T21:54:30-0300 SUBDEBUG Upgrade: acl-2.3.1-4.el9.x86_64
2026-07-20T21:54:30-0300 SUBDEBUG Upgrade: squashfs-tools-4.4-10.git1.el9.x86_64
2026-07-20T21:54:30-0300 SUBDEBUG Installed: attr-2.5.1-3.el9.x86_64
2026-07-20T21:54:30-0300 SUBDEBUG Installed: keyutils-1.6.3-1.el9.x86_64
2026-07-20T21:54:30-0300 SUBDEBUG Installed: libpng-2:1.6.37-15.el9_8.2.x86_64
2026-07-20T21:54:30-0300 SUBDEBUG Installed: libtool-ltdl-2.4.6-46.el9.x86_64
2026-07-20T21:54:30-0300 SUBDEBUG Installed: oniguruma-6.9.6-1.el9.6.x86_64
2026-07-20T21:54:30-0300 SUBDEBUG Installed: jq-1.6-19.el9_8.2.x86_64
2026-07-20T21:54:30-0300 SUBDEBUG Upgrade: c-ares-1.19.1-2.el9_4.x86_64
2026-07-20T21:54:30-0300 SUBDEBUG Upgrade: cracklib-2.9.6-28.el9.x86_64
2026-07-20T21:54:30-0300 SUBDEBUG Upgrade: expat-2.5.0-6.el9_8.1.x86_64
2026-07-20T21:54:31-0300 SUBDEBUG Upgrade: kernel-tools-libs-5.14.0-687.26.1.el9_8.x86_64
2026-07-20T21:54:31-0300 SUBDEBUG Upgrade: less-590-6.el9.x86_64
2026-07-20T21:54:31-0300 SUBDEBUG Upgrade: libdb-5.3.28-57.el9_6.x86_64
2026-07-20T21:54:31-0300 SUBDEBUG Upgrade: libeconf-0.4.1-7.el9_8.x86_64
2026-07-20T21:54:31-0300 SUBDEBUG Upgrade: libgomp-11.5.0-14.el9.alma.1.x86_64
2026-07-20T21:54:31-0300 SUBDEBUG Upgrade: libksba-1.5.1-7.el9.x86_64
2026-07-20T21:54:31-0300 SUBDEBUG Upgrade: libndp-1.9-1.el9.x86_64
2026-07-20T21:54:31-0300 SUBDEBUG Upgrade: libnghttp2-1.43.0-6.el9_8.1.x86_64
2026-07-20T21:54:31-0300 SUBDEBUG Upgrade: libsss_nss_idmap-2.9.8-4.el9_8.x86_64
2026-07-20T21:54:31-0300 SUBDEBUG Upgrade: libsss_sudo-2.9.8-4.el9_8.x86_64
2026-07-20T21:54:31-0300 SUBDEBUG Upgrade: nettle-3.10.1-1.el9.x86_64
2026-07-20T21:54:31-0300 SUBDEBUG Upgrade: gnutls-3.8.10-4.el9_8.x86_64
2026-07-20T21:54:31-0300 SUBDEBUG Upgrade: pcre-8.44-4.el9.x86_64
2026-07-20T21:54:31-0300 SUBDEBUG Upgrade: pigz-2.8-1.el9.x86_64
2026-07-20T21:54:31-0300 SUBDEBUG Upgrade: sg3_utils-libs-1.47-10.el9.x86_64
2026-07-20T21:54:31-0300 SUBDEBUG Upgrade: checkpolicy-3.6-1.el9.x86_64
2026-07-20T21:54:31-0300 SUBDEBUG Upgrade: liburing-2.12-1.el9.x86_64
2026-07-20T21:54:31-0300 SUBDEBUG Upgrade: systemd-rpm-macros-252-67.el9_8.4.alma.1.noarch
2026-07-20T21:54:31-0300 SUBDEBUG Upgrade: libssh-config-0.10.4-18.el9.noarch
2026-07-20T21:54:31-0300 SUBDEBUG Upgrade: libreport-filesystem-2.15.2-6.el9.alma.noarch
2026-07-20T21:54:31-0300 SUBDEBUG Upgrade: dnf-data-4.14.0-34.el9_8.alma.1.noarch
2026-07-20T21:54:31-0300 SUBDEBUG Upgrade: kbd-misc-2.4.0-11.el9.noarch
2026-07-20T21:54:33-0300 SUBDEBUG Upgrade: kbd-legacy-2.4.0-11.el9.noarch
2026-07-20T21:54:33-0300 SUBDEBUG Upgrade: firewalld-filesystem-1.3.4-18.el9_7.noarch
2026-07-20T21:54:33-0300 SUBDEBUG Upgrade: coreutils-common-8.32-41.el9_8.x86_64
2026-07-20T21:54:33-0300 SUBDEBUG Installed: openssl-fips-provider-1:3.5.5-5.el9_8.x86_64
2026-07-20T21:54:33-0300 SUBDEBUG Upgrade: openssl-libs-1:3.5.5-5.el9_8.x86_64
2026-07-20T21:54:34-0300 SUBDEBUG Upgrade: coreutils-8.32-41.el9_8.x86_64
2026-07-20T21:54:34-0300 SUBDEBUG Upgrade: ca-certificates-2025.2.80_v9.0.305-91.el9.noarch
2026-07-20T21:54:37-0300 SUBDEBUG Upgrade: systemd-libs-252-67.el9_8.4.alma.1.x86_64
2026-07-20T21:54:37-0300 SUBDEBUG Upgrade: libblkid-2.37.4-25.el9.x86_64
2026-07-20T21:54:37-0300 SUBDEBUG Upgrade: krb5-libs-1.21.1-10.el9_8.x86_64
2026-07-20T21:54:37-0300 SUBDEBUG Upgrade: libmount-2.37.4-25.el9.x86_64
2026-07-20T21:54:37-0300 SUBDEBUG Upgrade: glib2-2.68.4-19.el9_8.1.x86_64
2026-07-20T21:54:38-0300 SUBDEBUG Upgrade: kmod-28-11.el9.x86_64
2026-07-20T21:54:38-0300 SUBDEBUG Upgrade: kmod-libs-28-11.el9.x86_64
2026-07-20T21:54:38-0300 SUBDEBUG Upgrade: util-linux-core-2.37.4-25.el9.x86_64
2026-07-20T21:54:38-0300 SUBDEBUG Upgrade: libfdisk-2.37.4-25.el9.x86_64
2026-07-20T21:54:38-0300 SUBDEBUG Upgrade: NetworkManager-libnm-1:1.54.3-3.el9_8.x86_64
2026-07-20T21:54:38-0300 SUBDEBUG Installed: libnvme-1.16.1-3.el9_8.x86_64
2026-07-20T21:54:38-0300 SUBDEBUG Installed: harfbuzz-2.7.4-10.el9.x86_64
2026-07-20T21:54:38-0300 SUBDEBUG Installed: freetype-2.10.4-10.el9_5.x86_64
2026-07-20T21:54:39-0300 SUBDEBUG Upgrade: cyrus-sasl-lib-2.1.27-22.el9.x86_64
2026-07-20T21:54:39-0300 SUBDEBUG Upgrade: libssh-0.10.4-18.el9.x86_64
2026-07-20T21:54:39-0300 SUBDEBUG Upgrade: device-mapper-persistent-data-1.1.0-1.el9.x86_64
2026-07-20T21:54:39-0300 SUBDEBUG Upgrade: procps-ng-3.3.17-14.el9.x86_64
2026-07-20T21:54:39-0300 SUBDEBUG Upgrade: python3-pip-wheel-21.3.1-2.el9_8.noarch
2026-07-20T21:54:39-0300 SUBDEBUG Upgrade: python-unversioned-command-3.9.25-7.el9_8.2.noarch
2026-07-20T21:54:39-0300 SUBDEBUG Upgrade: python3-3.9.25-7.el9_8.2.x86_64
2026-07-20T21:54:39-0300 SUBDEBUG Upgrade: python3-libs-3.9.25-7.el9_8.2.x86_64
2026-07-20T21:54:42-0300 SUBDEBUG Upgrade: python3-dateutil-1:2.9.0.post0-1.el9_7.noarch
2026-07-20T21:54:42-0300 SUBDEBUG Upgrade: python3-idna-2.10-7.el9_4.1.noarch
2026-07-20T21:54:42-0300 SUBDEBUG Upgrade: python3-setuptools-53.0.0-15.el9.noarch
2026-07-20T21:54:43-0300 SUBDEBUG Upgrade: python3-libselinux-3.6-3.el9.x86_64
2026-07-20T21:54:43-0300 SUBDEBUG Upgrade: python3-libsemanage-3.6-5.el9_6.x86_64
2026-07-20T21:54:43-0300 SUBDEBUG Upgrade: python3-setools-4.4.4-1.el9.x86_64
2026-07-20T21:54:44-0300 SUBDEBUG Upgrade: python3-urllib3-1.26.5-8.el9_8.noarch
2026-07-20T21:54:44-0300 SUBDEBUG Upgrade: python3-requests-2.25.1-10.el9_6.noarch
2026-07-20T21:54:44-0300 SUBDEBUG Upgrade: python3-cloud-what-1.29.50-1.el9.alma.1.x86_64
2026-07-20T21:54:44-0300 SUBDEBUG Upgrade: python3-nftables-1:1.0.9-7.el9_8.x86_64
2026-07-20T21:54:44-0300 SUBDEBUG Upgrade: python3-firewall-1.3.4-18.el9_7.noarch
2026-07-20T21:54:44-0300 SUBDEBUG Upgrade: python3-systemd-234-19.el9.x86_64
2026-07-20T21:54:44-0300 SUBDEBUG Upgrade: python3-audit-3.1.5-8.el9.x86_64
2026-07-20T21:54:44-0300 SUBDEBUG Upgrade: iptables-nft-1.8.10-11.el9_5.x86_64
2026-07-20T21:54:45-0300 SUBDEBUG Upgrade: openssl-1:3.5.5-5.el9_8.x86_64
2026-07-20T21:54:45-0300 SUBDEBUG Upgrade: pam-1.5.1-28.el9.x86_64
2026-07-20T21:54:46-0300 SUBDEBUG Upgrade: util-linux-2.37.4-25.el9.x86_64
2026-07-20T21:54:47-0300 SUBDEBUG Upgrade: systemd-252-67.el9_8.4.alma.1.x86_64
2026-07-20T21:54:49-0300 SUBDEBUG Upgrade: systemd-pam-252-67.el9_8.4.alma.1.x86_64
2026-07-20T21:54:49-0300 SUBDEBUG Upgrade: grub2-common-1:2.06-126.el9_8.alma.1.noarch
2026-07-20T21:54:49-0300 SUBDEBUG Upgrade: device-mapper-libs-9:1.02.207-4.el9_8.1.x86_64
2026-07-20T21:54:49-0300 SUBDEBUG Upgrade: device-mapper-9:1.02.207-4.el9_8.1.x86_64
2026-07-20T21:54:49-0300 SUBDEBUG Upgrade: grub2-tools-minimal-1:2.06-126.el9_8.alma.1.x86_64
2026-07-20T21:54:49-0300 SUBDEBUG Upgrade: device-mapper-event-libs-9:1.02.207-4.el9_8.1.x86_64
2026-07-20T21:54:49-0300 SUBDEBUG Upgrade: iputils-20210202-15.el9_7.x86_64
2026-07-20T21:54:49-0300 SUBDEBUG Upgrade: openssh-9.9p1-7.el9_8.alma.1.x86_64
2026-07-20T21:54:49-0300 SUBDEBUG Upgrade: device-mapper-event-9:1.02.207-4.el9_8.1.x86_64
2026-07-20T21:54:50-0300 SUBDEBUG Upgrade: lvm2-libs-9:2.03.33-4.el9_8.1.x86_64
2026-07-20T21:54:50-0300 SUBDEBUG Upgrade: cryptsetup-libs-2.8.1-3.el9.x86_64
2026-07-20T21:54:50-0300 SUBDEBUG Upgrade: kpartx-0.8.7-45.el9.x86_64
2026-07-20T21:54:50-0300 SUBDEBUG Upgrade: grub2-pc-modules-1:2.06-126.el9_8.alma.1.noarch
2026-07-20T21:54:51-0300 SUBDEBUG Upgrade: authselect-libs-1.2.6-3.el9.x86_64
2026-07-20T21:54:51-0300 SUBDEBUG Upgrade: cronie-anacron-1.5.7-16.el9.x86_64
2026-07-20T21:54:51-0300 SUBDEBUG Upgrade: cronie-1.5.7-16.el9.x86_64
2026-07-20T21:54:51-0300 SUBDEBUG Upgrade: elfutils-default-yama-scope-0.194-1.el9.alma.1.noarch
2026-07-20T21:54:51-0300 SUBDEBUG Upgrade: elfutils-libs-0.194-1.el9.alma.1.x86_64
2026-07-20T21:54:51-0300 SUBDEBUG Upgrade: initscripts-service-10.11.8-4.el9.noarch
2026-07-20T21:54:51-0300 SUBDEBUG Upgrade: libkcapi-1.4.0-2.el9.x86_64
2026-07-20T21:54:51-0300 SUBDEBUG Upgrade: libkcapi-hmaccalc-1.4.0-2.el9.x86_64
2026-07-20T21:54:51-0300 SUBDEBUG Upgrade: logrotate-3.18.0-12.el9.x86_64
2026-07-20T21:54:51-0300 SUBDEBUG Upgrade: virt-what-1.27-2.el9.x86_64
2026-07-20T21:54:51-0300 SUBDEBUG Upgrade: kbd-2.4.0-11.el9.x86_64
2026-07-20T21:54:52-0300 SUBDEBUG Upgrade: sssd-client-2.9.8-4.el9_8.x86_64
2026-07-20T21:54:52-0300 SUBDEBUG Upgrade: libarchive-3.5.3-9.el9_7.x86_64
2026-07-20T21:54:52-0300 SUBDEBUG Upgrade: libevent-2.1.12-8.el9_4.x86_64
2026-07-20T21:54:52-0300 SUBDEBUG Upgrade: openldap-2.6.8-4.el9.x86_64
2026-07-20T21:54:52-0300 SUBDEBUG Upgrade: libcurl-7.76.1-40.el9.x86_64
2026-07-20T21:54:52-0300 SUBDEBUG Upgrade: librepo-1.19.0-1.el9.x86_64
2026-07-20T21:54:52-0300 SUBDEBUG Upgrade: elfutils-debuginfod-client-0.194-1.el9.alma.1.x86_64
2026-07-20T21:54:52-0300 SUBDEBUG Upgrade: binutils-gold-2.35.2-72.el9.x86_64
2026-07-20T21:54:52-0300 SUBDEBUG Upgrade: binutils-2.35.2-72.el9.x86_64
2026-07-20T21:54:53-0300 SUBDEBUG Upgrade: tpm2-tss-3.2.3-1.el9.x86_64
2026-07-20T21:54:53-0300 SUBDEBUG Upgrade: systemd-udev-252-67.el9_8.4.alma.1.x86_64
2026-07-20T21:54:55-0300 SUBDEBUG Upgrade: dracut-057-117.git20260625.el9_8.x86_64
2026-07-20T21:54:56-0300 SUBDEBUG Installed: kernel-modules-core-5.14.0-687.26.1.el9_8.x86_64
2026-07-20T21:55:00-0300 SUBDEBUG Installed: kernel-core-5.14.0-687.26.1.el9_8.x86_64
2026-07-20T21:55:06-0300 SUBDEBUG Upgrade: NetworkManager-1:1.54.3-3.el9_8.x86_64
2026-07-20T21:55:08-0300 SUBDEBUG Upgrade: os-prober-1.77-12.el9_5.x86_64
2026-07-20T21:55:08-0300 SUBDEBUG Upgrade: grub2-tools-1:2.06-126.el9_8.alma.1.x86_64
2026-07-20T21:55:08-0300 SUBDEBUG Upgrade: dracut-network-057-117.git20260625.el9_8.x86_64
2026-07-20T21:55:09-0300 SUBDEBUG Installed: kernel-modules-5.14.0-687.26.1.el9_8.x86_64
2026-07-20T21:55:22-0300 SUBDEBUG Upgrade: dracut-squash-057-117.git20260625.el9_8.x86_64
2026-07-20T21:55:22-0300 SUBDEBUG Upgrade: libfido2-1.13.0-2.el9.x86_64
2026-07-20T21:55:22-0300 SUBDEBUG Upgrade: ima-evm-utils-1.6.2-2.el9.x86_64
2026-07-20T21:55:22-0300 SUBDEBUG Upgrade: python3-librepo-1.19.0-1.el9.x86_64
2026-07-20T21:55:22-0300 SUBDEBUG Upgrade: curl-7.76.1-40.el9.x86_64
2026-07-20T21:55:22-0300 SUBDEBUG Upgrade: rpm-libs-4.16.1.3-40.el9.x86_64
2026-07-20T21:55:22-0300 SUBDEBUG Upgrade: rpm-4.16.1.3-40.el9.x86_64
2026-07-20T21:55:22-0300 SUBDEBUG Upgrade: policycoreutils-3.6-5.el9.x86_64
2026-07-20T21:55:23-0300 SUBDEBUG Upgrade: selinux-policy-38.1.75-2.el9_8.noarch
2026-07-20T21:55:35-0300 SUBDEBUG Upgrade: selinux-policy-targeted-38.1.75-2.el9_8.noarch
2026-07-20T21:55:52-0300 SUBDEBUG Upgrade: grubby-8.40-69.el9.x86_64
2026-07-20T21:55:53-0300 SUBDEBUG Upgrade: libsolv-0.7.24-6.el9_8.x86_64
2026-07-20T21:55:53-0300 SUBDEBUG Upgrade: libdnf-0.69.0-18.el9.alma.1.x86_64
2026-07-20T21:55:53-0300 SUBDEBUG Upgrade: python3-libdnf-0.69.0-18.el9.alma.1.x86_64
2026-07-20T21:55:53-0300 SUBDEBUG Upgrade: python3-hawkey-0.69.0-18.el9.alma.1.x86_64
2026-07-20T21:55:53-0300 SUBDEBUG Upgrade: libdnf-plugin-subscription-manager-1.29.50-1.el9.alma.1.x86_64
2026-07-20T21:55:53-0300 SUBDEBUG Upgrade: python3-policycoreutils-3.6-5.el9.noarch
2026-07-20T21:55:54-0300 SUBDEBUG Upgrade: rpm-build-libs-4.16.1.3-40.el9.x86_64
2026-07-20T21:55:54-0300 SUBDEBUG Upgrade: rpm-plugin-systemd-inhibit-4.16.1.3-40.el9.x86_64
2026-07-20T21:55:54-0300 SUBDEBUG Upgrade: rsyslog-logrotate-8.2510.0-2.el9.x86_64
2026-07-20T21:55:54-0300 SUBDEBUG Upgrade: rsyslog-8.2510.0-2.el9.x86_64
2026-07-20T21:55:54-0300 SUBDEBUG Upgrade: gnupg2-2.3.3-5.el9_7.x86_64
2026-07-20T21:55:54-0300 SUBDEBUG Upgrade: rpm-sign-libs-4.16.1.3-40.el9.x86_64
2026-07-20T21:55:54-0300 SUBDEBUG Upgrade: python3-rpm-4.16.1.3-40.el9.x86_64
2026-07-20T21:55:54-0300 SUBDEBUG Upgrade: python3-dnf-4.14.0-34.el9_8.alma.1.noarch
2026-07-20T21:55:55-0300 SUBDEBUG Upgrade: python3-dnf-plugins-core-4.3.0-26.el9.noarch
2026-07-20T21:55:55-0300 SUBDEBUG Upgrade: dnf-4.14.0-34.el9_8.alma.1.noarch
2026-07-20T21:55:55-0300 SUBDEBUG Upgrade: python3-subscription-manager-rhsm-1.29.50-1.el9.alma.1.x86_64
2026-07-20T21:55:55-0300 SUBDEBUG Upgrade: libuser-0.63-17.el9.x86_64
2026-07-20T21:55:55-0300 SUBDEBUG Upgrade: usermode-1.114-7.el9.x86_64
2026-07-20T21:55:55-0300 SUBDEBUG Upgrade: libsss_certmap-2.9.8-4.el9_8.x86_64
2026-07-20T21:55:55-0300 SUBDEBUG Upgrade: sssd-common-2.9.8-4.el9_8.x86_64
2026-07-20T21:55:56-0300 SUBDEBUG Upgrade: sssd-kcm-2.9.8-4.el9_8.x86_64
2026-07-20T21:55:56-0300 SUBDEBUG Upgrade: subscription-manager-1.29.50-1.el9.alma.1.x86_64
2026-07-20T21:55:56-0300 SUBDEBUG Upgrade: yum-4.14.0-34.el9_8.alma.1.noarch
2026-07-20T21:55:56-0300 SUBDEBUG Upgrade: dnf-plugins-core-4.3.0-26.el9.noarch
2026-07-20T21:55:56-0300 SUBDEBUG Upgrade: policycoreutils-python-utils-3.6-5.el9.noarch
2026-07-20T21:55:57-0300 SUBDEBUG Upgrade: crypto-policies-scripts-20260224-1.gitea0f072.el9_8.noarch
2026-07-20T21:55:57-0300 SUBDEBUG Upgrade: kexec-tools-2.0.29-17.el9.x86_64
2026-07-20T21:55:57-0300 SUBDEBUG Upgrade: rpm-plugin-selinux-4.16.1.3-40.el9.x86_64
2026-07-20T21:55:57-0300 SUBDEBUG Upgrade: rpm-plugin-audit-4.16.1.3-40.el9.x86_64
2026-07-20T21:55:57-0300 SUBDEBUG Upgrade: openssh-clients-9.9p1-7.el9_8.alma.1.x86_64
2026-07-20T21:55:57-0300 SUBDEBUG Installed: kernel-5.14.0-687.26.1.el9_8.x86_64
2026-07-20T21:55:57-0300 SUBDEBUG Upgrade: grub2-pc-1:2.06-126.el9_8.alma.1.x86_64
2026-07-20T21:55:57-0300 SUBDEBUG Installed: grub2-tools-efi-1:2.06-126.el9_8.alma.1.x86_64
2026-07-20T21:55:57-0300 SUBDEBUG Installed: grub2-tools-extra-1:2.06-126.el9_8.alma.1.x86_64
2026-07-20T21:55:58-0300 SUBDEBUG Upgrade: NetworkManager-team-1:1.54.3-3.el9_8.x86_64
2026-07-20T21:55:58-0300 SUBDEBUG Upgrade: NetworkManager-tui-1:1.54.3-3.el9_8.x86_64
2026-07-20T21:55:58-0300 SUBDEBUG Upgrade: dracut-config-rescue-057-117.git20260625.el9_8.x86_64
2026-07-20T21:55:58-0300 SUBDEBUG Upgrade: sudo-1.9.17p2-3.el9_8.x86_64
2026-07-20T21:55:58-0300 SUBDEBUG Upgrade: audit-3.1.5-8.el9.x86_64
2026-07-20T21:55:59-0300 INFO Warning: The unit file, source configuration file or drop-ins of auditd.service changed on disk. Run 'systemctl daemon-reload' to reload units.

2026-07-20T21:55:59-0300 SUBDEBUG Upgrade: authselect-1.2.6-3.el9.x86_64
2026-07-20T21:55:59-0300 SUBDEBUG Upgrade: lvm2-9:2.03.33-4.el9_8.1.x86_64
2026-07-20T21:56:00-0300 SUBDEBUG Upgrade: openssh-server-9.9p1-7.el9_8.alma.1.x86_64
2026-07-20T21:56:00-0300 SUBDEBUG Upgrade: parted-3.5-3.el9.x86_64
2026-07-20T21:56:00-0300 SUBDEBUG Upgrade: xfsprogs-6.4.0-7.el9.x86_64
2026-07-20T21:56:00-0300 SUBDEBUG Upgrade: chrony-4.8-1.el9.x86_64
2026-07-20T21:56:00-0300 INFO warning: /etc/chrony.conf created as /etc/chrony.conf.rpmnew

2026-07-20T21:56:00-0300 SUBDEBUG Upgrade: firewalld-1.3.4-18.el9_7.noarch
2026-07-20T21:56:01-0300 SUBDEBUG Upgrade: microcode_ctl-4:20260210-1.el9_8.noarch
2026-07-20T21:56:13-0300 SUBDEBUG Upgrade: qemu-guest-agent-17:10.1.0-17.el9_8.3.alma.1.x86_64
2026-07-20T21:56:13-0300 SUBDEBUG Upgrade: kernel-tools-5.14.0-687.26.1.el9_8.x86_64
2026-07-20T21:56:14-0300 SUBDEBUG Upgrade: python3-file-magic-5.39-17.el9.noarch
2026-07-20T21:56:14-0300 SUBDEBUG Upgrade: pciutils-3.7.0-7.el9.x86_64
2026-07-20T21:56:14-0300 SUBDEBUG Upgrade: initscripts-rename-device-10.11.8-4.el9.x86_64
2026-07-20T21:56:14-0300 SUBDEBUG Upgrade: irqbalance-2:1.9.4-5.el9.x86_64
2026-07-20T21:56:14-0300 SUBDEBUG Upgrade: librhsm-0.0.3-9.el9.x86_64
2026-07-20T21:56:14-0300 SUBDEBUG Upgrade: e2fsprogs-1.46.5-8.el9.x86_64
2026-07-20T21:56:14-0300 SUBDEBUG Upgrade: man-db-2.9.3-9.el9.x86_64
2026-07-20T21:56:15-0300 SUBDEBUG Upgrade: sg3_utils-1.47-10.el9.x86_64
2026-07-20T21:56:15-0300 SUBDEBUG Upgrade: cracklib-dicts-2.9.6-28.el9.x86_64
2026-07-20T21:56:15-0300 SUBDEBUG Upgrade: iproute-tc-6.17.0-2.el9.x86_64
2026-07-20T21:56:15-0300 SUBDEBUG Upgrade: tar-2:1.34-11.el9.x86_64
2026-07-20T21:56:15-0300 SUBDEBUG Upgrade: vim-minimal-2:8.2.2637-26.el9_8.10.x86_64
2026-07-20T21:56:16-0300 SUBDEBUG Upgrade: libibverbs-61.0-2.el9.x86_64
2026-07-20T21:56:16-0300 SUBDEBUG Upgrade: libnl3-cli-3.11.0-1.el9.x86_64
2026-07-20T21:56:16-0300 SUBDEBUG Upgrade: lshw-B.02.20-4.el9.x86_64
2026-07-20T21:56:16-0300 SUBDEBUG Upgrade: libnfnetlink-1.0.1-23.el9_5.x86_64
2026-07-20T21:56:16-0300 SUBDEBUG Upgrade: libsysfs-2.1.1-11.el9.x86_64
2026-07-20T21:56:16-0300 SUBDEBUG Upgrade: mpfr-4.1.0-10.el9.x86_64
2026-07-20T21:56:16-0300 SUBDEBUG Upgrade: ncurses-6.2-12.20210508.el9.x86_64
2026-07-20T21:56:16-0300 SUBDEBUG Upgrade: iwl100-firmware-39.31.5.1-160.el9.noarch
2026-07-20T21:56:16-0300 SUBDEBUG Upgrade: iwl1000-firmware-1:39.31.5.1-160.el9.noarch
2026-07-20T21:56:16-0300 SUBDEBUG Upgrade: iwl105-firmware-18.168.6.1-160.el9.noarch
2026-07-20T21:56:16-0300 SUBDEBUG Upgrade: iwl135-firmware-18.168.6.1-160.el9.noarch
2026-07-20T21:56:16-0300 SUBDEBUG Upgrade: iwl2000-firmware-18.168.6.1-160.el9.noarch
2026-07-20T21:56:16-0300 SUBDEBUG Upgrade: iwl2030-firmware-18.168.6.1-160.el9.noarch
2026-07-20T21:56:16-0300 SUBDEBUG Upgrade: iwl3160-firmware-1:25.30.13.0-160.el9.noarch
2026-07-20T21:56:16-0300 SUBDEBUG Upgrade: iwl5000-firmware-8.83.5.1_1-160.el9.noarch
2026-07-20T21:56:16-0300 SUBDEBUG Upgrade: iwl5150-firmware-8.24.2.2-160.el9.noarch
2026-07-20T21:56:16-0300 SUBDEBUG Upgrade: iwl6000g2a-firmware-18.168.6.1-160.el9.noarch
2026-07-20T21:56:16-0300 SUBDEBUG Upgrade: iwl6050-firmware-41.28.5.1-160.el9.noarch
2026-07-20T21:56:16-0300 SUBDEBUG Upgrade: iwl7260-firmware-1:25.30.13.0-160.el9.noarch
2026-07-20T21:56:18-0300 SUBDEBUG Upgrade: rootfiles-8.1-35.el9.noarch
2026-07-20T21:56:18-0300 SUBDEBUG Upgraded: NetworkManager-tui-1:1.44.0-3.el9.x86_64
2026-07-20T21:56:18-0300 SUBDEBUG Upgraded: lvm2-9:2.03.21-3.el9.x86_64
2026-07-20T21:56:18-0300 SUBDEBUG Upgraded: openssh-server-8.7p1-34.el9.x86_64
2026-07-20T21:56:18-0300 SUBDEBUG Upgraded: qemu-guest-agent-17:8.0.0-16.el9_3.x86_64
2026-07-20T21:56:18-0300 SUBDEBUG Upgraded: kexec-tools-2.0.26-8.el9.x86_64
2026-07-20T21:56:18-0300 SUBDEBUG Upgraded: binutils-2.35.2-42.el9.x86_64
2026-07-20T21:56:18-0300 SUBDEBUG Upgraded: sssd-kcm-2.9.1-2.el9.x86_64
2026-07-20T21:56:18-0300 SUBDEBUG Upgraded: sssd-common-2.9.1-2.el9.x86_64
2026-07-20T21:56:18-0300 SUBDEBUG Upgraded: sssd-client-2.9.1-2.el9.x86_64
2026-07-20T21:56:18-0300 SUBDEBUG Upgraded: chrony-4.3-1.el9.x86_64
2026-07-20T21:56:19-0300 SUBDEBUG Upgraded: rsyslog-8.2102.0-117.el9.x86_64
2026-07-20T21:56:19-0300 SUBDEBUG Upgraded: audit-3.0.7-104.el9.x86_64
2026-07-20T21:56:19-0300 SUBDEBUG Upgraded: lvm2-libs-9:2.03.21-3.el9.x86_64
2026-07-20T21:56:19-0300 SUBDEBUG Upgraded: kernel-tools-5.14.0-362.8.1.el9_3.x86_64
2026-07-20T21:56:19-0300 SUBDEBUG Upgraded: e2fsprogs-1.46.5-3.el9.x86_64
2026-07-20T21:56:19-0300 SUBDEBUG Upgraded: subscription-manager-1.29.38-1.el9_3.x86_64
2026-07-20T21:56:20-0300 SUBDEBUG Upgraded: sudo-1.9.5p2-9.el9.x86_64
2026-07-20T21:56:20-0300 SUBDEBUG Upgraded: device-mapper-event-9:1.02.195-3.el9.x86_64
2026-07-20T21:56:20-0300 SUBDEBUG Upgraded: iproute-tc-6.2.0-5.el9.x86_64
2026-07-20T21:56:20-0300 SUBDEBUG Upgraded: openssh-clients-8.7p1-34.el9.x86_64
2026-07-20T21:56:20-0300 SUBDEBUG Upgraded: binutils-gold-2.35.2-42.el9.x86_64
2026-07-20T21:56:20-0300 SUBDEBUG Upgraded: xfsprogs-5.19.0-4.el9.x86_64
2026-07-20T21:56:20-0300 SUBDEBUG Upgraded: man-db-2.9.3-7.el9.x86_64
2026-07-20T21:56:20-0300 SUBDEBUG Upgraded: cronie-1.5.7-8.el9.x86_64
2026-07-20T21:56:20-0300 SUBDEBUG Upgraded: libldb-2.7.2-2.el9.x86_64
2026-07-20T21:56:20-0300 SUBDEBUG Upgraded: lshw-B.02.19.2-10.el9.x86_64
2026-07-20T21:56:20-0300 SUBDEBUG Upgraded: parted-3.5-2.el9.x86_64
2026-07-20T21:56:20-0300 SUBDEBUG Upgraded: device-mapper-persistent-data-1.0.6-3.el9_3.x86_64
2026-07-20T21:56:20-0300 SUBDEBUG Upgraded: libnl3-cli-3.7.0-1.el9.x86_64
2026-07-20T21:56:20-0300 SUBDEBUG Upgraded: openssh-8.7p1-34.el9.x86_64
2026-07-20T21:56:20-0300 SUBDEBUG Upgraded: elfutils-debuginfod-client-0.189-3.el9.x86_64
2026-07-20T21:56:20-0300 SUBDEBUG Upgraded: irqbalance-2:1.9.2-3.el9.x86_64
2026-07-20T21:56:20-0300 SUBDEBUG Upgraded: sg3_utils-1.47-9.el9.x86_64
2026-07-20T21:56:20-0300 SUBDEBUG Upgraded: pciutils-3.7.0-5.el9.x86_64
2026-07-20T21:56:20-0300 SUBDEBUG Upgraded: libibverbs-46.0-1.el9.x86_64
2026-07-20T21:56:21-0300 SUBDEBUG Upgraded: libfido2-1.13.0-1.el9.x86_64
2026-07-20T21:56:21-0300 SUBDEBUG Upgraded: usermode-1.114-4.el9.x86_64
2026-07-20T21:56:21-0300 SUBDEBUG Upgraded: libuser-0.63-13.el9.x86_64
2026-07-20T21:56:21-0300 SUBDEBUG Upgraded: tar-2:1.34-6.el9_1.x86_64
2026-07-20T21:56:21-0300 SUBDEBUG Upgraded: rpm-plugin-selinux-4.16.1.3-25.el9.x86_64
2026-07-20T21:56:21-0300 SUBDEBUG Upgraded: vim-minimal-2:8.2.2637-20.el9_1.x86_64
2026-07-20T21:56:21-0300 SUBDEBUG Upgraded: authselect-1.2.6-2.el9.x86_64
2026-07-20T21:56:21-0300 SUBDEBUG Upgraded: microcode_ctl-4:20230808-2.el9.noarch
2026-07-20T21:56:23-0300 SUBDEBUG Upgraded: firewalld-1.2.1-1.el9.noarch
2026-07-20T21:56:23-0300 SUBDEBUG Upgraded: iptables-nft-1.8.8-6.el9_1.x86_64
2026-07-20T21:56:23-0300 SUBDEBUG Upgraded: authselect-libs-1.2.6-2.el9.x86_64
2026-07-20T21:56:23-0300 SUBDEBUG Upgraded: libnl3-3.7.0-1.el9.x86_64
2026-07-20T21:56:23-0300 SUBDEBUG Upgraded: e2fsprogs-libs-1.46.5-3.el9.x86_64
2026-07-20T21:56:23-0300 SUBDEBUG Upgraded: rpm-plugin-audit-4.16.1.3-25.el9.x86_64
2026-07-20T21:56:23-0300 SUBDEBUG Upgraded: ethtool-2:6.2-1.el9.x86_64
2026-07-20T21:56:23-0300 SUBDEBUG Upgraded: libtevent-0.14.1-2.el9.x86_64
2026-07-20T21:56:23-0300 SUBDEBUG Upgraded: cronie-anacron-1.5.7-8.el9.x86_64
2026-07-20T21:56:23-0300 SUBDEBUG Upgraded: python3-librepo-1.14.5-1.el9.x86_64
2026-07-20T21:56:23-0300 SUBDEBUG Upgraded: libsss_nss_idmap-2.9.1-2.el9.x86_64
2026-07-20T21:56:23-0300 SUBDEBUG Upgraded: ncurses-6.2-10.20210508.el9.x86_64
2026-07-20T21:56:23-0300 SUBDEBUG Upgraded: numactl-libs-2.0.16-1.el9.x86_64
2026-07-20T21:56:23-0300 SUBDEBUG Upgraded: less-590-2.el9_2.x86_64
2026-07-20T21:56:23-0300 SUBDEBUG Upgraded: device-mapper-event-libs-9:1.02.195-3.el9.x86_64
2026-07-20T21:56:23-0300 SUBDEBUG Upgraded: libdnf-plugin-subscription-manager-1.29.38-1.el9_3.x86_64
2026-07-20T21:56:23-0300 SUBDEBUG Upgraded: NetworkManager-team-1:1.44.0-3.el9.x86_64
2026-07-20T21:56:23-0300 SUBDEBUG Upgraded: selinux-policy-38.1.23-1.el9.noarch
2026-07-20T21:56:23-0300 SUBDEBUG Upgraded: grub2-pc-1:2.06-70.el9_3.1.x86_64
2026-07-20T21:56:23-0300 SUBDEBUG Upgraded: dracut-network-057-44.git20230822.el9.x86_64
2026-07-20T21:56:23-0300 SUBDEBUG Upgraded: selinux-policy-targeted-38.1.23-1.el9.noarch
2026-07-20T21:56:24-0300 SUBDEBUG Upgraded: initscripts-service-10.11.5-1.el9.noarch
2026-07-20T21:56:24-0300 SUBDEBUG Upgraded: crypto-policies-scripts-20230731-1.git94f0e2c.el9.noarch
2026-07-20T21:56:24-0300 SUBDEBUG Upgraded: dracut-squash-057-44.git20230822.el9.x86_64
2026-07-20T21:56:24-0300 SUBDEBUG Upgraded: python3-firewall-1.2.1-1.el9.noarch
2026-07-20T21:56:24-0300 SUBDEBUG Upgraded: python3-nftables-1:1.0.4-11.el9_3.x86_64
2026-07-20T21:56:24-0300 SUBDEBUG Upgraded: python3-file-magic-5.39-14.el9.noarch
2026-07-20T21:56:24-0300 SUBDEBUG Upgraded: policycoreutils-python-utils-3.5-2.el9.noarch
2026-07-20T21:56:24-0300 SUBDEBUG Upgraded: python3-policycoreutils-3.5-2.el9.noarch
2026-07-20T21:56:24-0300 SUBDEBUG Upgraded: dracut-config-rescue-057-44.git20230822.el9.x86_64
2026-07-20T21:56:24-0300 SUBDEBUG Upgraded: grub2-pc-modules-1:2.06-70.el9_3.1.noarch
2026-07-20T21:56:24-0300 SUBDEBUG Upgraded: rsyslog-logrotate-8.2102.0-117.el9.x86_64
2026-07-20T21:56:24-0300 SUBDEBUG Upgraded: yum-4.14.0-8.el9.noarch
2026-07-20T21:56:24-0300 SUBDEBUG Upgraded: dnf-4.14.0-8.el9.noarch
2026-07-20T21:56:24-0300 SUBDEBUG Upgraded: linux-firmware-20230814-140.el9_3.noarch
2026-07-20T21:56:25-0300 SUBDEBUG Upgraded: iwl7260-firmware-1:25.30.13.0-140.el9_3.noarch
2026-07-20T21:56:25-0300 SUBDEBUG Upgraded: iwl6050-firmware-41.28.5.1-140.el9_3.noarch
2026-07-20T21:56:25-0300 SUBDEBUG Upgraded: iwl6000g2a-firmware-18.168.6.1-140.el9_3.noarch
2026-07-20T21:56:25-0300 SUBDEBUG Upgraded: iwl5150-firmware-8.24.2.2-140.el9_3.noarch
2026-07-20T21:56:25-0300 SUBDEBUG Upgraded: iwl5000-firmware-8.83.5.1_1-140.el9_3.noarch
2026-07-20T21:56:25-0300 SUBDEBUG Upgraded: iwl3160-firmware-1:25.30.13.0-140.el9_3.noarch
2026-07-20T21:56:25-0300 SUBDEBUG Upgraded: iwl2030-firmware-18.168.6.1-140.el9_3.noarch
2026-07-20T21:56:25-0300 SUBDEBUG Upgraded: iwl2000-firmware-18.168.6.1-140.el9_3.noarch
2026-07-20T21:56:26-0300 SUBDEBUG Upgraded: iwl135-firmware-18.168.6.1-140.el9_3.noarch
2026-07-20T21:56:26-0300 SUBDEBUG Upgraded: iwl105-firmware-18.168.6.1-140.el9_3.noarch
2026-07-20T21:56:26-0300 SUBDEBUG Upgraded: iwl1000-firmware-1:39.31.5.1-140.el9_3.noarch
2026-07-20T21:56:26-0300 SUBDEBUG Upgraded: iwl100-firmware-39.31.5.1-140.el9_3.noarch
2026-07-20T21:56:26-0300 SUBDEBUG Upgraded: dnf-plugins-core-4.3.0-11.el9_3.noarch
2026-07-20T21:56:26-0300 SUBDEBUG Upgraded: python3-dnf-plugins-core-4.3.0-11.el9_3.noarch
2026-07-20T21:56:26-0300 SUBDEBUG Upgraded: python3-dnf-4.14.0-8.el9.noarch
2026-07-20T21:56:26-0300 SUBDEBUG Upgraded: dnf-data-4.14.0-8.el9.noarch
2026-07-20T21:56:26-0300 SUBDEBUG Upgraded: cracklib-dicts-2.9.6-27.el9.x86_64
2026-07-20T21:56:26-0300 SUBDEBUG Upgraded: NetworkManager-1:1.44.0-3.el9.x86_64
2026-07-20T21:56:27-0300 SUBDEBUG Upgraded: iproute-6.2.0-5.el9.x86_64
2026-07-20T21:56:27-0300 SUBDEBUG Upgraded: policycoreutils-3.5-2.el9.x86_64
2026-07-20T21:56:27-0300 SUBDEBUG Upgraded: NetworkManager-libnm-1:1.44.0-3.el9.x86_64
2026-07-20T21:56:27-0300 SUBDEBUG Upgraded: nftables-1:1.0.4-11.el9_3.x86_64
2026-07-20T21:56:27-0300 SUBDEBUG Upgraded: logrotate-3.18.0-8.el9.x86_64
2026-07-20T21:56:27-0300 SUBDEBUG Upgraded: python3-hawkey-0.69.0-6.el9_3.x86_64
2026-07-20T21:56:27-0300 SUBDEBUG Upgraded: python3-libdnf-0.69.0-6.el9_3.x86_64
2026-07-20T21:56:27-0300 SUBDEBUG Upgraded: libdnf-0.69.0-6.el9_3.x86_64
2026-07-20T21:56:27-0300 SUBDEBUG Upgraded: libstdc++-11.4.1-2.1.el9.x86_64
2026-07-20T21:56:27-0300 SUBDEBUG Upgraded: librepo-1.14.5-1.el9.x86_64
2026-07-20T21:56:27-0300 SUBDEBUG Upgraded: libsolv-0.7.24-2.el9.x86_64
2026-07-20T21:56:27-0300 SUBDEBUG Upgraded: squashfs-tools-4.4-8.git1.el9.x86_64
2026-07-20T21:56:28-0300 SUBDEBUG Upgraded: libbpf-2:1.2.0-1.el9.x86_64
2026-07-20T21:56:28-0300 SUBDEBUG Upgraded: iputils-20210202-9.el9.x86_64
2026-07-20T21:56:28-0300 SUBDEBUG Upgraded: libselinux-utils-3.5-1.el9.x86_64
2026-07-20T21:56:28-0300 SUBDEBUG Upgraded: python3-systemd-234-18.el9.x86_64
2026-07-20T21:56:28-0300 SUBDEBUG Upgraded: iptables-libs-1.8.8-6.el9_1.x86_64
2026-07-20T21:56:28-0300 SUBDEBUG Upgraded: rpm-plugin-systemd-inhibit-4.16.1.3-25.el9.x86_64
2026-07-20T21:56:28-0300 SUBDEBUG Upgraded: python3-setools-4.4.3-1.el9.x86_64
2026-07-20T21:56:28-0300 SUBDEBUG Upgraded: grubby-8.40-63.el9.x86_64
2026-07-20T21:56:28-0300 SUBDEBUG Upgraded: grub2-tools-1:2.06-70.el9_3.1.x86_64
2026-07-20T21:56:28-0300 SUBDEBUG Upgraded: dracut-057-44.git20230822.el9.x86_64
2026-07-20T21:56:28-0300 SUBDEBUG Upgraded: procps-ng-3.3.17-13.el9.x86_64
2026-07-20T21:56:28-0300 SUBDEBUG Upgraded: pigz-2.5-4.el9.x86_64
2026-07-20T21:56:28-0300 SUBDEBUG Upgraded: python3-libsemanage-3.5-2.el9.x86_64
2026-07-20T21:56:28-0300 SUBDEBUG Upgraded: python3-libselinux-3.5-1.el9.x86_64
2026-07-20T21:56:28-0300 SUBDEBUG Upgraded: kpartx-0.8.7-22.el9.x86_64
2026-07-20T21:56:28-0300 SUBDEBUG Upgraded: libkcapi-hmaccalc-1.3.1-3.el9.x86_64
2026-07-20T21:56:28-0300 SUBDEBUG Upgraded: findutils-1:4.8.0-6.el9.x86_64
2026-07-20T21:56:28-0300 SUBDEBUG Upgraded: os-prober-1.77-10.el9.x86_64
2026-07-20T21:56:28-0300 SUBDEBUG Upgraded: systemd-udev-252-18.el9.x86_64
2026-07-20T21:56:29-0300 SUBDEBUG Upgraded: cryptsetup-libs-2.6.0-3.el9.x86_64
2026-07-20T21:56:29-0300 SUBDEBUG Upgraded: kmod-28-9.el9.x86_64
2026-07-20T21:56:29-0300 SUBDEBUG Upgraded: grub2-tools-minimal-1:2.06-70.el9_3.1.x86_64
2026-07-20T21:56:29-0300 SUBDEBUG Upgraded: device-mapper-9:1.02.195-3.el9.x86_64
2026-07-20T21:56:29-0300 SUBDEBUG Upgraded: device-mapper-libs-9:1.02.195-3.el9.x86_64
2026-07-20T21:56:29-0300 SUBDEBUG Upgraded: kbd-2.4.0-9.el9.x86_64
2026-07-20T21:56:29-0300 SUBDEBUG Upgraded: fuse-libs-2.9.9-15.el9.x86_64
2026-07-20T21:56:29-0300 SUBDEBUG Upgraded: librhsm-0.0.3-7.el9.x86_64
2026-07-20T21:56:29-0300 SUBDEBUG Upgraded: libkcapi-1.3.1-3.el9.x86_64
2026-07-20T21:56:29-0300 SUBDEBUG Upgraded: libedit-3.1-38.20210216cvs.el9.x86_64
2026-07-20T21:56:29-0300 SUBDEBUG Upgraded: python3-subscription-manager-rhsm-1.29.38-1.el9_3.x86_64
2026-07-20T21:56:29-0300 SUBDEBUG Upgraded: python3-rpm-4.16.1.3-25.el9.x86_64
2026-07-20T21:56:29-0300 SUBDEBUG Upgraded: rpm-build-libs-4.16.1.3-25.el9.x86_64
2026-07-20T21:56:29-0300 SUBDEBUG Upgraded: elfutils-libs-0.189-3.el9.x86_64
2026-07-20T21:56:29-0300 SUBDEBUG Upgraded: rpm-sign-libs-4.16.1.3-25.el9.x86_64
2026-07-20T21:56:29-0300 SUBDEBUG Upgraded: gnupg2-2.3.3-4.el9.x86_64
2026-07-20T21:56:29-0300 SUBDEBUG Upgraded: rpm-4.16.1.3-25.el9.x86_64
2026-07-20T21:56:29-0300 SUBDEBUG Upgraded: rpm-libs-4.16.1.3-25.el9.x86_64
2026-07-20T21:56:29-0300 SUBDEBUG Upgraded: libarchive-3.5.3-4.el9.x86_64
2026-07-20T21:56:29-0300 SUBDEBUG Upgraded: libxml2-2.9.13-4.el9.x86_64
2026-07-20T21:56:29-0300 SUBDEBUG Upgraded: ima-evm-utils-1.4-4.el9.x86_64
2026-07-20T21:56:29-0300 SUBDEBUG Upgraded: tpm2-tss-3.2.2-2.el9.x86_64
2026-07-20T21:56:29-0300 SUBDEBUG Upgraded: curl-7.76.1-26.el9.x86_64
2026-07-20T21:56:29-0300 SUBDEBUG Upgraded: libcurl-7.76.1-26.el9.x86_64
2026-07-20T21:56:29-0300 SUBDEBUG Upgraded: libssh-0.10.4-11.el9.x86_64
2026-07-20T21:56:29-0300 SUBDEBUG Upgraded: openldap-2.6.3-1.el9.x86_64
2026-07-20T21:56:29-0300 SUBDEBUG Upgraded: libevent-2.1.12-6.el9.x86_64
2026-07-20T21:56:29-0300 SUBDEBUG Upgraded: cyrus-sasl-lib-2.1.27-21.el9.x86_64
2026-07-20T21:56:29-0300 SUBDEBUG Upgraded: krb5-libs-1.21.1-1.el9.x86_64
2026-07-20T21:56:29-0300 SUBDEBUG Upgraded: libgomp-11.4.1-2.1.el9.x86_64
2026-07-20T21:56:29-0300 SUBDEBUG Upgraded: libss-1.46.5-3.el9.x86_64
2026-07-20T21:56:29-0300 SUBDEBUG Upgraded: libsss_certmap-2.9.1-2.el9.x86_64
2026-07-20T21:56:29-0300 SUBDEBUG Upgraded: initscripts-rename-device-10.11.5-1.el9.x86_64
2026-07-20T21:56:30-0300 SUBDEBUG Upgraded: glib2-2.68.4-11.el9.x86_64
2026-07-20T21:56:30-0300 SUBDEBUG Upgraded: gnutls-3.7.6-23.el9.x86_64
2026-07-20T21:56:30-0300 SUBDEBUG Upgraded: elfutils-libelf-0.189-3.el9.x86_64
2026-07-20T21:56:30-0300 SUBDEBUG Upgraded: python3-audit-3.0.7-104.el9.x86_64
2026-07-20T21:56:30-0300 SUBDEBUG Upgraded: checkpolicy-3.5-1.el9.x86_64
2026-07-20T21:56:30-0300 SUBDEBUG Upgraded: ipset-7.11-8.el9.x86_64
2026-07-20T21:56:30-0300 SUBDEBUG Upgraded: ipset-libs-7.11-8.el9.x86_64
2026-07-20T21:56:30-0300 SUBDEBUG Upgraded: libsss_sudo-2.9.1-2.el9.x86_64
2026-07-20T21:56:30-0300 SUBDEBUG Upgraded: mpfr-4.1.0-7.el9.x86_64
2026-07-20T21:56:30-0300 SUBDEBUG Upgraded: libnftnl-1.2.2-1.el9.x86_64
2026-07-20T21:56:30-0300 SUBDEBUG Upgraded: libndp-1.8-4.el9.x86_64
2026-07-20T21:56:30-0300 SUBDEBUG Upgraded: cracklib-2.9.6-27.el9.x86_64
2026-07-20T21:56:30-0300 SUBDEBUG Upgraded: pciutils-libs-3.7.0-5.el9.x86_64
2026-07-20T21:56:30-0300 SUBDEBUG Upgraded: sg3_utils-libs-1.47-9.el9.x86_64
2026-07-20T21:56:30-0300 SUBDEBUG Upgraded: libtdb-1.4.8-2.el9.x86_64
2026-07-20T21:56:30-0300 SUBDEBUG Upgraded: virt-what-1.25-5.el9.x86_64
2026-07-20T21:56:30-0300 SUBDEBUG Upgraded: which-2.21-29.el9.x86_64
2026-07-20T21:56:30-0300 SUBDEBUG Upgraded: kernel-tools-libs-5.14.0-362.8.1.el9_3.x86_64
2026-07-20T21:56:30-0300 SUBDEBUG Upgraded: c-ares-1.19.1-1.el9.x86_64
2026-07-20T21:56:30-0300 SUBDEBUG Upgraded: nettle-3.8-3.el9_0.x86_64
2026-07-20T21:56:30-0300 SUBDEBUG Upgraded: libcom_err-1.46.5-3.el9.x86_64
2026-07-20T21:56:30-0300 SUBDEBUG Upgraded: libbrotli-1.0.9-6.el9.x86_64
2026-07-20T21:56:30-0300 SUBDEBUG Upgraded: file-5.39-14.el9.x86_64
2026-07-20T21:56:30-0300 SUBDEBUG Upgraded: file-libs-5.39-14.el9.x86_64
2026-07-20T21:56:30-0300 SUBDEBUG Upgraded: libmnl-1.0.4-15.el9.x86_64
2026-07-20T21:56:30-0300 SUBDEBUG Upgraded: pcre-8.44-3.el9.3.x86_64
2026-07-20T21:56:30-0300 SUBDEBUG Upgraded: libtalloc-2.4.0-2.el9.x86_64
2026-07-20T21:56:30-0300 SUBDEBUG Upgraded: libksba-1.5.1-6.el9_1.x86_64
2026-07-20T21:56:30-0300 SUBDEBUG Upgraded: libsss_idmap-2.9.1-2.el9.x86_64
2026-07-20T21:56:30-0300 SUBDEBUG Upgraded: libnghttp2-1.43.0-5.el9.x86_64
2026-07-20T21:56:30-0300 SUBDEBUG Upgraded: libsysfs-2.1.1-10.el9.x86_64
2026-07-20T21:56:30-0300 SUBDEBUG Upgraded: libnfnetlink-1.0.1-21.el9.x86_64
2026-07-20T21:56:30-0300 SUBDEBUG Upgraded: python3-cloud-what-1.29.38-1.el9_3.x86_64
2026-07-20T21:56:31-0300 SUBDEBUG Upgraded: python3-requests-2.25.1-7.el9_2.noarch
2026-07-20T21:56:31-0300 SUBDEBUG Upgraded: python3-urllib3-1.26.5-3.el9.noarch
2026-07-20T21:56:31-0300 SUBDEBUG Upgraded: elfutils-default-yama-scope-0.189-3.el9.noarch
2026-07-20T21:56:31-0300 SUBDEBUG Upgraded: python3-dateutil-1:2.8.1-7.el9.noarch
2026-07-20T21:56:31-0300 SUBDEBUG Upgraded: grub2-common-1:2.06-70.el9_3.1.noarch
2026-07-20T21:56:31-0300 SUBDEBUG Upgraded: python3-idna-2.10-7.el9.noarch
2026-07-20T21:56:31-0300 SUBDEBUG Upgraded: python3-setuptools-53.0.0-12.el9.noarch
2026-07-20T21:56:31-0300 SUBDEBUG Upgraded: libssh-config-0.10.4-11.el9.noarch
2026-07-20T21:56:31-0300 SUBDEBUG Upgraded: kbd-legacy-2.4.0-9.el9.noarch
2026-07-20T21:56:31-0300 SUBDEBUG Upgraded: kbd-misc-2.4.0-9.el9.noarch
2026-07-20T21:56:31-0300 SUBDEBUG Upgraded: libreport-filesystem-2.15.2-6.el9.noarch
2026-07-20T21:56:31-0300 SUBDEBUG Upgraded: linux-firmware-whence-20230814-140.el9_3.noarch
2026-07-20T21:56:31-0300 SUBDEBUG Upgraded: firewalld-filesystem-1.2.1-1.el9.noarch
2026-07-20T21:56:31-0300 SUBDEBUG Upgraded: hwdata-0.348-9.11.el9.noarch
2026-07-20T21:56:31-0300 SUBDEBUG Upgraded: rootfiles-8.1-31.el9.noarch
2026-07-20T21:56:31-0300 SUBDEBUG Upgraded: systemd-252-18.el9.x86_64
2026-07-20T21:56:32-0300 SUBDEBUG Upgraded: util-linux-2.37.4-15.el9.x86_64
2026-07-20T21:56:32-0300 SUBDEBUG Upgraded: util-linux-core-2.37.4-15.el9.x86_64
2026-07-20T21:56:32-0300 SUBDEBUG Upgraded: systemd-libs-252-18.el9.x86_64
2026-07-20T21:56:32-0300 SUBDEBUG Upgraded: systemd-pam-252-18.el9.x86_64
2026-07-20T21:56:32-0300 SUBDEBUG Upgraded: pam-1.5.1-15.el9.x86_64
2026-07-20T21:56:32-0300 SUBDEBUG Upgraded: libmount-2.37.4-15.el9.x86_64
2026-07-20T21:56:32-0300 SUBDEBUG Upgraded: libfdisk-2.37.4-15.el9.x86_64
2026-07-20T21:56:32-0300 SUBDEBUG Upgraded: shadow-utils-2:4.9-8.el9.x86_64
2026-07-20T21:56:32-0300 SUBDEBUG Upgraded: libsemanage-3.5-2.el9.x86_64
2026-07-20T21:56:32-0300 SUBDEBUG Upgraded: openssl-1:3.0.7-24.el9.x86_64
2026-07-20T21:56:32-0300 SUBDEBUG Upgraded: kmod-libs-28-9.el9.x86_64
2026-07-20T21:56:33-0300 SUBDEBUG Upgraded: libblkid-2.37.4-15.el9.x86_64
2026-07-20T21:56:33-0300 SUBDEBUG Upgraded: libdb-5.3.28-53.el9.x86_64
2026-07-20T21:56:33-0300 SUBDEBUG Upgraded: audit-libs-3.0.7-104.el9.x86_64
2026-07-20T21:56:33-0300 SUBDEBUG Upgraded: acl-2.3.1-3.el9.x86_64
2026-07-20T21:56:33-0300 SUBDEBUG Upgraded: libgcrypt-1.10.0-10.el9_2.x86_64
2026-07-20T21:56:33-0300 SUBDEBUG Upgraded: libzstd-1.5.1-2.el9.x86_64
2026-07-20T21:56:33-0300 SUBDEBUG Upgraded: libeconf-0.4.1-3.el9_2.x86_64
2026-07-20T21:56:33-0300 SUBDEBUG Upgraded: dmidecode-1:3.5-1.el9.x86_64
2026-07-20T21:56:33-0300 SUBDEBUG Upgraded: libsmartcols-2.37.4-15.el9.x86_64
2026-07-20T21:56:33-0300 SUBDEBUG Upgraded: python3-libs-3.9.18-1.el9_3.x86_64
2026-07-20T21:56:33-0300 SUBDEBUG Upgraded: python3-3.9.18-1.el9_3.x86_64
2026-07-20T21:56:33-0300 SUBDEBUG Upgraded: libuuid-2.37.4-15.el9.x86_64
2026-07-20T21:56:33-0300 SUBDEBUG Upgraded: sqlite-libs-3.34.1-6.el9_1.x86_64
2026-07-20T21:56:33-0300 SUBDEBUG Upgraded: expat-2.5.0-1.el9.x86_64
2026-07-20T21:56:33-0300 SUBDEBUG Upgraded: gdbm-libs-1:1.19-4.el9.x86_64
2026-07-20T21:56:33-0300 SUBDEBUG Upgraded: bzip2-libs-1.0.8-8.el9.x86_64
2026-07-20T21:56:33-0300 SUBDEBUG Upgraded: liburing-2.3-2.el9.x86_64
2026-07-20T21:56:33-0300 SUBDEBUG Upgraded: python3-pip-wheel-21.2.3-7.el9.noarch
2026-07-20T21:56:33-0300 SUBDEBUG Upgraded: coreutils-8.32-34.el9.x86_64
2026-07-20T21:56:34-0300 SUBDEBUG Upgraded: openssl-libs-1:3.0.7-24.el9.x86_64
2026-07-20T21:56:34-0300 SUBDEBUG Upgraded: ca-certificates-2023.2.60_v7.0.306-90.1.el9_2.noarch
2026-07-20T21:56:34-0300 SUBDEBUG Upgraded: systemd-rpm-macros-252-18.el9.noarch
2026-07-20T21:56:34-0300 SUBDEBUG Upgraded: crypto-policies-20230731-1.git94f0e2c.el9.noarch
2026-07-20T21:56:34-0300 SUBDEBUG Upgraded: coreutils-common-8.32-34.el9.x86_64
2026-07-20T21:56:34-0300 SUBDEBUG Upgraded: python-unversioned-command-3.9.18-1.el9_3.noarch
2026-07-20T21:56:34-0300 SUBDEBUG Upgraded: python3-setuptools-wheel-53.0.0-12.el9.noarch
2026-07-20T21:56:34-0300 SUBDEBUG Upgraded: p11-kit-trust-0.24.1-2.el9.x86_64
2026-07-20T21:56:34-0300 SUBDEBUG Upgraded: p11-kit-0.24.1-2.el9.x86_64
2026-07-20T21:56:34-0300 SUBDEBUG Upgraded: libcap-2.48-9.el9_2.x86_64
2026-07-20T21:56:34-0300 SUBDEBUG Upgraded: sed-4.8-9.el9.x86_64
2026-07-20T21:56:34-0300 SUBDEBUG Upgraded: libselinux-3.5-1.el9.x86_64
2026-07-20T21:56:34-0300 SUBDEBUG Upgraded: libsepol-3.5-1.el9.x86_64
2026-07-20T21:56:34-0300 SUBDEBUG Upgraded: alternatives-1.24-1.el9.x86_64
2026-07-20T21:56:34-0300 SUBDEBUG Upgraded: pcre2-10.40-2.el9.x86_64
2026-07-20T21:56:34-0300 SUBDEBUG Upgraded: libacl-2.3.1-3.el9.x86_64
2026-07-20T21:56:34-0300 SUBDEBUG Upgraded: libtasn1-4.16.0-8.el9_1.x86_64
2026-07-20T21:56:34-0300 SUBDEBUG Upgraded: pcre2-syntax-10.40-2.el9.noarch
2026-07-20T21:56:34-0300 SUBDEBUG Upgraded: glibc-gconv-extra-2.34-83.el9_3.7.x86_64
2026-07-20T21:56:34-0300 SUBDEBUG Upgraded: ncurses-libs-6.2-10.20210508.el9.x86_64
2026-07-20T21:56:34-0300 SUBDEBUG Upgraded: bash-5.1.8-6.el9_1.x86_64
2026-07-20T21:56:34-0300 SUBDEBUG Upgraded: glibc-2.34-83.el9_3.7.x86_64
2026-07-20T21:56:34-0300 SUBDEBUG Upgraded: glibc-langpack-en-2.34-83.el9_3.7.x86_64
2026-07-20T21:56:35-0300 SUBDEBUG Upgraded: glibc-common-2.34-83.el9_3.7.x86_64
2026-07-20T21:56:35-0300 SUBDEBUG Upgraded: filesystem-3.16-2.el9.x86_64
2026-07-20T21:56:37-0300 SUBDEBUG Upgraded: setup-2.13.7-9.el9.noarch
2026-07-20T21:56:37-0300 SUBDEBUG Upgraded: tzdata-2023c-1.el9.noarch
2026-07-20T21:56:38-0300 SUBDEBUG Upgraded: ncurses-base-6.2-10.20210508.el9.noarch
2026-07-20T21:56:38-0300 SUBDEBUG Upgraded: libgcc-11.4.1-2.1.el9.x86_64
2026-07-20T22:20:37-0300 INFO --- logging initialized ---
2026-07-20T22:20:42-0300 INFO --- logging initialized ---
2026-07-20T22:40:45-0300 INFO --- logging initialized ---
2026-07-20T22:55:36-0300 INFO --- logging initialized ---
2026-07-20T22:55:39-0300 SUBDEBUG Installed: gpm-libs-1.20.7-29.el9.x86_64
2026-07-20T22:55:39-0300 SUBDEBUG Installed: vim-filesystem-2:8.2.2637-26.el9_8.10.noarch
2026-07-20T22:55:39-0300 SUBDEBUG Installed: vim-common-2:8.2.2637-26.el9_8.10.x86_64
2026-07-20T22:55:42-0300 SUBDEBUG Installed: vim-enhanced-2:8.2.2637-26.el9_8.10.x86_64
2026-07-20T23:00:12-0300 INFO --- logging initialized ---
2026-07-20T23:00:19-0300 SUBDEBUG Installed: git-core-2.52.0-1.el9.x86_64
2026-07-20T23:00:19-0300 SUBDEBUG Installed: git-core-doc-2.52.0-1.el9.noarch
2026-07-20T23:00:21-0300 SUBDEBUG Installed: perl-Digest-1.19-4.el9.noarch
2026-07-20T23:00:21-0300 SUBDEBUG Installed: perl-Digest-MD5-2.58-4.el9.x86_64
2026-07-20T23:00:21-0300 SUBDEBUG Installed: perl-B-1.80-481.1.el9_6.x86_64
2026-07-20T23:00:21-0300 SUBDEBUG Installed: perl-FileHandle-2.03-481.1.el9_6.noarch
2026-07-20T23:00:21-0300 SUBDEBUG Installed: perl-Data-Dumper-2.174-462.el9.x86_64
2026-07-20T23:00:21-0300 SUBDEBUG Installed: perl-libnet-3.13-4.el9.noarch
2026-07-20T23:00:21-0300 SUBDEBUG Installed: perl-base-2.27-481.1.el9_6.noarch
2026-07-20T23:00:21-0300 SUBDEBUG Installed: perl-URI-5.09-3.el9.noarch
2026-07-20T23:00:21-0300 SUBDEBUG Installed: perl-AutoLoader-5.74-481.1.el9_6.noarch
2026-07-20T23:00:21-0300 SUBDEBUG Installed: perl-Mozilla-CA-20200520-6.el9.noarch
2026-07-20T23:00:21-0300 SUBDEBUG Installed: perl-if-0.60.800-481.1.el9_6.noarch
2026-07-20T23:00:21-0300 SUBDEBUG Installed: perl-IO-Socket-IP-0.41-5.el9.noarch
2026-07-20T23:00:21-0300 SUBDEBUG Installed: perl-Time-Local-2:1.300-7.el9.noarch
2026-07-20T23:00:21-0300 SUBDEBUG Installed: perl-File-Path-2.18-4.el9.noarch
2026-07-20T23:00:21-0300 SUBDEBUG Installed: perl-Pod-Escapes-1:1.07-460.el9.noarch
2026-07-20T23:00:21-0300 SUBDEBUG Installed: perl-Text-Tabs+Wrap-2013.0523-460.el9.noarch
2026-07-20T23:00:21-0300 SUBDEBUG Installed: perl-IO-Socket-SSL-2.073-2.el9.noarch
2026-07-20T23:00:21-0300 SUBDEBUG Installed: perl-Net-SSLeay-1.94-3.el9.x86_64
2026-07-20T23:00:21-0300 SUBDEBUG Installed: perl-Class-Struct-0.66-481.1.el9_6.noarch
2026-07-20T23:00:21-0300 SUBDEBUG Installed: perl-POSIX-1.94-481.1.el9_6.x86_64
2026-07-20T23:00:21-0300 SUBDEBUG Installed: perl-Term-ANSIColor-5.01-461.el9.noarch
2026-07-20T23:00:21-0300 SUBDEBUG Installed: perl-IPC-Open3-1.21-481.1.el9_6.noarch
2026-07-20T23:00:21-0300 SUBDEBUG Installed: perl-subs-1.03-481.1.el9_6.noarch
2026-07-20T23:00:21-0300 SUBDEBUG Installed: perl-File-Temp-1:0.231.100-4.el9.noarch
2026-07-20T23:00:21-0300 SUBDEBUG Installed: perl-Term-Cap-1.17-460.el9.noarch
2026-07-20T23:00:21-0300 SUBDEBUG Installed: perl-Pod-Simple-1:3.42-4.el9.noarch
2026-07-20T23:00:21-0300 SUBDEBUG Installed: perl-HTTP-Tiny-0.076-462.el9.noarch
2026-07-20T23:00:22-0300 SUBDEBUG Installed: perl-Socket-4:2.031-4.el9.x86_64
2026-07-20T23:00:22-0300 SUBDEBUG Installed: perl-SelectSaver-1.02-481.1.el9_6.noarch
2026-07-20T23:00:22-0300 SUBDEBUG Installed: perl-Symbol-1.08-481.1.el9_6.noarch
2026-07-20T23:00:22-0300 SUBDEBUG Installed: perl-File-stat-1.09-481.1.el9_6.noarch
2026-07-20T23:00:22-0300 SUBDEBUG Installed: perl-podlators-1:4.14-460.el9.noarch
2026-07-20T23:00:22-0300 SUBDEBUG Installed: perl-Pod-Perldoc-3.28.01-461.el9.noarch
2026-07-20T23:00:22-0300 SUBDEBUG Installed: perl-Fcntl-1.13-481.1.el9_6.x86_64
2026-07-20T23:00:22-0300 SUBDEBUG Installed: perl-Text-ParseWords-3.30-460.el9.noarch
2026-07-20T23:00:22-0300 SUBDEBUG Installed: perl-mro-1.23-481.1.el9_6.x86_64
2026-07-20T23:00:22-0300 SUBDEBUG Installed: perl-IO-1.43-481.1.el9_6.x86_64
2026-07-20T23:00:22-0300 SUBDEBUG Installed: perl-overloading-0.02-481.1.el9_6.noarch
2026-07-20T23:00:22-0300 SUBDEBUG Installed: perl-Pod-Usage-4:2.01-4.el9.noarch
2026-07-20T23:00:22-0300 SUBDEBUG Installed: perl-Errno-1.30-481.1.el9_6.x86_64
2026-07-20T23:00:22-0300 SUBDEBUG Installed: perl-File-Basename-2.85-481.1.el9_6.noarch
2026-07-20T23:00:22-0300 SUBDEBUG Installed: perl-Getopt-Std-1.12-481.1.el9_6.noarch
2026-07-20T23:00:22-0300 SUBDEBUG Installed: perl-MIME-Base64-3.16-4.el9.x86_64
2026-07-20T23:00:22-0300 SUBDEBUG Installed: perl-Scalar-List-Utils-4:1.56-462.el9.x86_64
2026-07-20T23:00:22-0300 SUBDEBUG Installed: perl-constant-1.33-461.el9.noarch
2026-07-20T23:00:22-0300 SUBDEBUG Installed: perl-Storable-1:3.21-460.el9.x86_64
2026-07-20T23:00:22-0300 SUBDEBUG Installed: perl-overload-1.31-481.1.el9_6.noarch
2026-07-20T23:00:22-0300 SUBDEBUG Installed: perl-parent-1:0.238-460.el9.noarch
2026-07-20T23:00:22-0300 SUBDEBUG Installed: perl-vars-1.05-481.1.el9_6.noarch
2026-07-20T23:00:22-0300 SUBDEBUG Installed: perl-Getopt-Long-1:2.52-4.el9.noarch
2026-07-20T23:00:22-0300 SUBDEBUG Installed: perl-Carp-1.50-460.el9.noarch
2026-07-20T23:00:22-0300 SUBDEBUG Installed: perl-Exporter-5.74-461.el9.noarch
2026-07-20T23:00:22-0300 SUBDEBUG Installed: perl-NDBM_File-1.15-481.1.el9_6.x86_64
2026-07-20T23:00:22-0300 SUBDEBUG Installed: perl-PathTools-3.78-461.el9.x86_64
2026-07-20T23:00:22-0300 SUBDEBUG Installed: perl-Encode-4:3.08-462.el9.x86_64
2026-07-20T23:00:23-0300 SUBDEBUG Installed: perl-libs-4:5.32.1-481.1.el9_6.x86_64
2026-07-20T23:00:23-0300 SUBDEBUG Installed: perl-interpreter-4:5.32.1-481.1.el9_6.x86_64
2026-07-20T23:00:23-0300 SUBDEBUG Installed: perl-DynaLoader-1.47-481.1.el9_6.x86_64
2026-07-20T23:00:23-0300 SUBDEBUG Installed: perl-TermReadKey-2.38-11.el9.x86_64
2026-07-20T23:00:23-0300 SUBDEBUG Installed: perl-Error-1:0.17029-7.el9.noarch
2026-07-20T23:00:23-0300 SUBDEBUG Installed: perl-lib-0.65-481.1.el9_6.x86_64
2026-07-20T23:00:23-0300 SUBDEBUG Installed: perl-Git-2.52.0-1.el9.noarch
2026-07-20T23:00:23-0300 SUBDEBUG Installed: git-2.52.0-1.el9.x86_64
2026-07-20T23:01:55-0300 INFO --- logging initialized ---
2026-07-20T23:02:00-0300 INFO --- logging initialized ---
2026-07-20T23:02:06-0300 INFO --- logging initialized ---
2026-07-20T23:02:09-0300 SUBDEBUG Installed: python3-pip-21.3.1-2.el9_8.noarch
2026-07-20T23:03:26-0300 INFO --- logging initialized ---
2026-07-20T23:03:28-0300 SUBDEBUG Installed: unzip-6.0-60.el9.x86_64
2026-07-20T23:03:29-0300 SUBDEBUG Installed: zip-3.0-35.el9.x86_64
