2026-07-20T09:50:39-0300 INFO Librepo version: 1.14.5 with CURL_GLOBAL_ACK_EINTR support (libcurl/7.76.1 OpenSSL/3.0.7 zlib/1.2.11 brotli/1.0.9 libidn2/2.3.0 libpsl/0.21.1 (+libidn2/2.3.0) libssh/0.10.4/openssl/zlib nghttp2/1.43.0)
2026-07-20T10:22:45-0300 INFO Librepo version: 1.14.5 with CURL_GLOBAL_ACK_EINTR support (libcurl/7.76.1 OpenSSL/3.0.7 zlib/1.2.11 brotli/1.0.9 libidn2/2.3.0 libpsl/0.21.1 (+libidn2/2.3.0) libssh/0.10.4/openssl/zlib nghttp2/1.43.0)
2026-07-20T11:52:45-0300 INFO Librepo version: 1.14.5 with CURL_GLOBAL_ACK_EINTR support (libcurl/7.76.1 OpenSSL/3.0.7 zlib/1.2.11 brotli/1.0.9 libidn2/2.3.0 libpsl/0.21.1 (+libidn2/2.3.0) libssh/0.10.4/openssl/zlib nghttp2/1.43.0)
2026-07-20T13:40:45-0300 INFO Librepo version: 1.14.5 with CURL_GLOBAL_ACK_EINTR support (libcurl/7.76.1 OpenSSL/3.0.7 zlib/1.2.11 brotli/1.0.9 libidn2/2.3.0 libpsl/0.21.1 (+libidn2/2.3.0) libssh/0.10.4/openssl/zlib nghttp2/1.43.0)
2026-07-20T15:02:45-0300 INFO Librepo version: 1.14.5 with CURL_GLOBAL_ACK_EINTR support (libcurl/7.76.1 OpenSSL/3.0.7 zlib/1.2.11 brotli/1.0.9 libidn2/2.3.0 libpsl/0.21.1 (+libidn2/2.3.0) libssh/0.10.4/openssl/zlib nghttp2/1.43.0)
2026-07-20T16:19:45-0300 INFO Librepo version: 1.14.5 with CURL_GLOBAL_ACK_EINTR support (libcurl/7.76.1 OpenSSL/3.0.7 zlib/1.2.11 brotli/1.0.9 libidn2/2.3.0 libpsl/0.21.1 (+libidn2/2.3.0) libssh/0.10.4/openssl/zlib nghttp2/1.43.0)
2026-07-20T17:24:45-0300 INFO Librepo version: 1.14.5 with CURL_GLOBAL_ACK_EINTR support (libcurl/7.76.1 OpenSSL/3.0.7 zlib/1.2.11 brotli/1.0.9 libidn2/2.3.0 libpsl/0.21.1 (+libidn2/2.3.0) libssh/0.10.4/openssl/zlib nghttp2/1.43.0)
2026-07-20T18:50:45-0300 INFO Librepo version: 1.14.5 with CURL_GLOBAL_ACK_EINTR support (libcurl/7.76.1 OpenSSL/3.0.7 zlib/1.2.11 brotli/1.0.9 libidn2/2.3.0 libpsl/0.21.1 (+libidn2/2.3.0) libssh/0.10.4/openssl/zlib nghttp2/1.43.0)
2026-07-20T20:05:45-0300 INFO Librepo version: 1.14.5 with CURL_GLOBAL_ACK_EINTR support (libcurl/7.76.1 OpenSSL/3.0.7 zlib/1.2.11 brotli/1.0.9 libidn2/2.3.0 libpsl/0.21.1 (+libidn2/2.3.0) libssh/0.10.4/openssl/zlib nghttp2/1.43.0)
2026-07-20T21:25:45-0300 INFO Librepo version: 1.14.5 with CURL_GLOBAL_ACK_EINTR support (libcurl/7.76.1 OpenSSL/3.0.7 zlib/1.2.11 brotli/1.0.9 libidn2/2.3.0 libpsl/0.21.1 (+libidn2/2.3.0) libssh/0.10.4/openssl/zlib nghttp2/1.43.0)
2026-07-20T21:50:39-0300 INFO Librepo version: 1.14.5 with CURL_GLOBAL_ACK_EINTR support (libcurl/7.76.1 OpenSSL/3.0.7 zlib/1.2.11 brotli/1.0.9 libidn2/2.3.0 libpsl/0.21.1 (+libidn2/2.3.0) libssh/0.10.4/openssl/zlib nghttp2/1.43.0)
2026-07-20T21:51:03-0300 INFO Librepo version: 1.14.5 with CURL_GLOBAL_ACK_EINTR support (libcurl/7.76.1 OpenSSL/3.0.7 zlib/1.2.11 brotli/1.0.9 libidn2/2.3.0 libpsl/0.21.1 (+libidn2/2.3.0) libssh/0.10.4/openssl/zlib nghttp2/1.43.0)
2026-07-20T21:51:04-0300 INFO Downloading: https://repo.almalinux.org/almalinux/9/BaseOS/x86_64/os/repodata/repomd.xml
2026-07-20T21:51:04-0300 INFO Downloading: https://repo.almalinux.org/almalinux/9/BaseOS/x86_64/os/repodata/3de315878f21a3d78d2fd59eaa9bc17e19fee5528ddbdfb8a3600323ea8d8668-primary.xml.gz
2026-07-20T21:51:04-0300 INFO Downloading: https://repo.almalinux.org/almalinux/9/BaseOS/x86_64/os/repodata/623f594b620cc49bd41b338f31562bdc424a4ff878a3c846eb2257682dd71171-filelists.xml.gz
2026-07-20T21:51:04-0300 INFO Downloading: https://repo.almalinux.org/almalinux/9/BaseOS/x86_64/os/repodata/f74e57c4e5ee833a2363573d34d74df811eef9470325f22db45fd4596baf22ec-comps.xml
2026-07-20T21:51:05-0300 INFO Downloading: https://repo.almalinux.org/almalinux/9/BaseOS/x86_64/os/repodata/61e7b17e6c1fe03cb2ab955ad7535e7e8332581f78bae4afeb900e340403d318-updateinfo.xml.gz
2026-07-20T21:51:09-0300 INFO Downloading: https://repo.almalinux.org/almalinux/9/AppStream/x86_64/os/repodata/repomd.xml
2026-07-20T21:51:10-0300 INFO Downloading: https://repo.almalinux.org/almalinux/9/AppStream/x86_64/os/repodata/9ad2dac29f719e14aba660935dbb976294754342819bfc115d91ccd722761297-primary.xml.gz
2026-07-20T21:51:10-0300 INFO Downloading: https://repo.almalinux.org/almalinux/9/AppStream/x86_64/os/repodata/b6f49ac846a47ff8c01bbdb4144c22ed3bbaf583f4825048a23e87a5fdbd470c-filelists.xml.gz
2026-07-20T21:51:10-0300 INFO Downloading: https://repo.almalinux.org/almalinux/9/AppStream/x86_64/os/repodata/1dcfa2b7f134f8a2519fd607d68b182146e347f39835e1bec5f76acc3f7cbc8c-comps.xml
2026-07-20T21:51:10-0300 INFO Downloading: https://repo.almalinux.org/almalinux/9/AppStream/x86_64/os/repodata/ea96bd32174ce51dc206d3b9a001a51247653ea5bf597d7ed99edf60acbb0101-modules.yaml.gz
2026-07-20T21:51:11-0300 INFO Downloading: https://repo.almalinux.org/almalinux/9/AppStream/x86_64/os/repodata/7510c3cd1764bf79fb48e58f67dc436ed907b709397b96b52d4f0a4a779e503b-updateinfo.xml.gz
2026-07-20T21:51:20-0300 INFO Downloading: https://repo.almalinux.org/almalinux/9/CRB/x86_64/os/repodata/repomd.xml
2026-07-20T21:51:20-0300 INFO Downloading: https://repo.almalinux.org/almalinux/9/CRB/x86_64/os/repodata/f915f219fcf2512035ee203eee9c8da48a4ab6c0af95f91414b9fe603dffd530-primary.xml.gz
2026-07-20T21:51:20-0300 INFO Downloading: https://repo.almalinux.org/almalinux/9/CRB/x86_64/os/repodata/9da0a2ce19e281cfadd9865ade5e6ff6e1406a6dcac052abc74e15295bf45119-filelists.xml.gz
2026-07-20T21:51:20-0300 INFO Downloading: https://repo.almalinux.org/almalinux/9/CRB/x86_64/os/repodata/754d0d291619fa7ce1b5a77d7189cd92ff8ca8a55946bee1bcebfd81f24c4a3d-comps.xml
2026-07-20T21:51:21-0300 INFO Downloading: https://repo.almalinux.org/almalinux/9/CRB/x86_64/os/repodata/bbefb21a82c767f91028938bca1ad0a303060f5e4ba4e20ecb5b2af0585ca2e5-modules.yaml.gz
2026-07-20T21:51:21-0300 INFO Downloading: https://repo.almalinux.org/almalinux/9/CRB/x86_64/os/repodata/6c9ed97d85e4aa19b68753026cc95e60f2d0f239cbaa420d11f8919b885e6308-updateinfo.xml.gz
2026-07-20T21:51:28-0300 INFO Downloading: https://repo.almalinux.org/almalinux/9/BaseOS/x86_64/os/Packages/attr-2.5.1-3.el9.x86_64.rpm
2026-07-20T21:51:28-0300 INFO Downloading: https://repo.almalinux.org/almalinux/9/BaseOS/x86_64/os/Packages/freetype-2.10.4-10.el9_5.x86_64.rpm
2026-07-20T21:51:28-0300 INFO Downloading: https://repo.almalinux.org/almalinux/9/BaseOS/x86_64/os/Packages/graphite2-1.3.14-9.el9.x86_64.rpm
2026-07-20T21:51:28-0300 INFO Downloading: https://repo.almalinux.org/almalinux/9/BaseOS/x86_64/os/Packages/grub2-tools-efi-2.06-126.el9_8.alma.1.x86_64.rpm
2026-07-20T21:51:28-0300 INFO Downloading: https://repo.almalinux.org/almalinux/9/BaseOS/x86_64/os/Packages/grub2-tools-extra-2.06-126.el9_8.alma.1.x86_64.rpm
2026-07-20T21:51:29-0300 INFO Downloading: https://repo.almalinux.org/almalinux/9/BaseOS/x86_64/os/Packages/harfbuzz-2.7.4-10.el9.x86_64.rpm
2026-07-20T21:51:29-0300 INFO Downloading: https://repo.almalinux.org/almalinux/9/BaseOS/x86_64/os/Packages/jq-1.6-19.el9_8.2.x86_64.rpm
2026-07-20T21:51:29-0300 INFO Downloading: https://repo.almalinux.org/almalinux/9/BaseOS/x86_64/os/Packages/kernel-5.14.0-687.26.1.el9_8.x86_64.rpm
2026-07-20T21:51:29-0300 INFO Downloading: https://repo.almalinux.org/almalinux/9/BaseOS/x86_64/os/Packages/kernel-core-5.14.0-687.26.1.el9_8.x86_64.rpm
2026-07-20T21:51:29-0300 INFO Downloading: https://repo.almalinux.org/almalinux/9/BaseOS/x86_64/os/Packages/kernel-modules-5.14.0-687.26.1.el9_8.x86_64.rpm
2026-07-20T21:51:29-0300 INFO Downloading: https://repo.almalinux.org/almalinux/9/BaseOS/x86_64/os/Packages/kernel-modules-core-5.14.0-687.26.1.el9_8.x86_64.rpm
2026-07-20T21:51:30-0300 INFO Downloading: https://repo.almalinux.org/almalinux/9/BaseOS/x86_64/os/Packages/keyutils-1.6.3-1.el9.x86_64.rpm
2026-07-20T21:51:30-0300 INFO Downloading: https://repo.almalinux.org/almalinux/9/BaseOS/x86_64/os/Packages/libnvme-1.16.1-3.el9_8.x86_64.rpm
2026-07-20T21:51:30-0300 INFO Downloading: https://repo.almalinux.org/almalinux/9/BaseOS/x86_64/os/Packages/libpng-1.6.37-15.el9_8.2.x86_64.rpm
2026-07-20T21:51:30-0300 INFO Downloading: https://repo.almalinux.org/almalinux/9/BaseOS/x86_64/os/Packages/libtool-ltdl-2.4.6-46.el9.x86_64.rpm
2026-07-20T21:51:30-0300 INFO Downloading: https://repo.almalinux.org/almalinux/9/BaseOS/x86_64/os/Packages/oniguruma-6.9.6-1.el9.6.x86_64.rpm
2026-07-20T21:51:30-0300 INFO Downloading: https://repo.almalinux.org/almalinux/9/BaseOS/x86_64/os/Packages/openssl-fips-provider-3.5.5-5.el9_8.x86_64.rpm
2026-07-20T21:51:31-0300 INFO Downloading: https://repo.almalinux.org/almalinux/9/BaseOS/x86_64/os/Packages/NetworkManager-1.54.3-3.el9_8.x86_64.rpm
2026-07-20T21:51:31-0300 INFO Downloading: https://repo.almalinux.org/almalinux/9/BaseOS/x86_64/os/Packages/NetworkManager-libnm-1.54.3-3.el9_8.x86_64.rpm
2026-07-20T21:51:31-0300 INFO Downloading: https://repo.almalinux.org/almalinux/9/BaseOS/x86_64/os/Packages/NetworkManager-team-1.54.3-3.el9_8.x86_64.rpm
2026-07-20T21:51:31-0300 INFO Downloading: https://repo.almalinux.org/almalinux/9/BaseOS/x86_64/os/Packages/NetworkManager-tui-1.54.3-3.el9_8.x86_64.rpm
2026-07-20T21:51:31-0300 INFO Downloading: https://repo.almalinux.org/almalinux/9/BaseOS/x86_64/os/Packages/acl-2.3.1-4.el9.x86_64.rpm
2026-07-20T21:51:31-0300 INFO Downloading: https://repo.almalinux.org/almalinux/9/BaseOS/x86_64/os/Packages/alternatives-1.24-2.el9.x86_64.rpm
2026-07-20T21:51:31-0300 INFO Downloading: https://repo.almalinux.org/almalinux/9/BaseOS/x86_64/os/Packages/audit-3.1.5-8.el9.x86_64.rpm
2026-07-20T21:51:31-0300 INFO Downloading: https://repo.almalinux.org/almalinux/9/BaseOS/x86_64/os/Packages/audit-libs-3.1.5-8.el9.x86_64.rpm
2026-07-20T21:51:31-0300 INFO Downloading: https://repo.almalinux.org/almalinux/9/BaseOS/x86_64/os/Packages/authselect-1.2.6-3.el9.x86_64.rpm
2026-07-20T21:51:31-0300 INFO Downloading: https://repo.almalinux.org/almalinux/9/BaseOS/x86_64/os/Packages/authselect-libs-1.2.6-3.el9.x86_64.rpm
2026-07-20T21:51:31-0300 INFO Downloading: https://repo.almalinux.org/almalinux/9/BaseOS/x86_64/os/Packages/bash-5.1.8-9.el9.x86_64.rpm
2026-07-20T21:51:31-0300 INFO Downloading: https://repo.almalinux.org/almalinux/9/BaseOS/x86_64/os/Packages/binutils-2.35.2-72.el9.x86_64.rpm
2026-07-20T21:51:31-0300 INFO Downloading: https://repo.almalinux.org/almalinux/9/BaseOS/x86_64/os/Packages/binutils-gold-2.35.2-72.el9.x86_64.rpm
2026-07-20T21:51:31-0300 INFO Downloading: https://repo.almalinux.org/almalinux/9/BaseOS/x86_64/os/Packages/bzip2-libs-1.0.8-11.el9.x86_64.rpm
2026-07-20T21:51:32-0300 INFO Downloading: https://repo.almalinux.org/almalinux/9/BaseOS/x86_64/os/Packages/c-ares-1.19.1-2.el9_4.x86_64.rpm
2026-07-20T21:51:32-0300 INFO Downloading: https://repo.almalinux.org/almalinux/9/BaseOS/x86_64/os/Packages/ca-certificates-2025.2.80_v9.0.305-91.el9.noarch.rpm
2026-07-20T21:51:32-0300 INFO Downloading: https://repo.almalinux.org/almalinux/9/BaseOS/x86_64/os/Packages/chrony-4.8-1.el9.x86_64.rpm
2026-07-20T21:51:32-0300 INFO Downloading: https://repo.almalinux.org/almalinux/9/BaseOS/x86_64/os/Packages/coreutils-8.32-41.el9_8.x86_64.rpm
2026-07-20T21:51:32-0300 INFO Downloading: https://repo.almalinux.org/almalinux/9/BaseOS/x86_64/os/Packages/coreutils-common-8.32-41.el9_8.x86_64.rpm
2026-07-20T21:51:32-0300 INFO Downloading: https://repo.almalinux.org/almalinux/9/BaseOS/x86_64/os/Packages/cracklib-2.9.6-28.el9.x86_64.rpm
2026-07-20T21:51:32-0300 INFO Downloading: https://repo.almalinux.org/almalinux/9/BaseOS/x86_64/os/Packages/cracklib-dicts-2.9.6-28.el9.x86_64.rpm
2026-07-20T21:51:32-0300 INFO Downloading: https://repo.almalinux.org/almalinux/9/BaseOS/x86_64/os/Packages/cronie-1.5.7-16.el9.x86_64.rpm
2026-07-20T21:51:32-0300 INFO Downloading: https://repo.almalinux.org/almalinux/9/BaseOS/x86_64/os/Packages/cronie-anacron-1.5.7-16.el9.x86_64.rpm
2026-07-20T21:51:32-0300 INFO Downloading: https://repo.almalinux.org/almalinux/9/BaseOS/x86_64/os/Packages/crypto-policies-20260224-1.gitea0f072.el9_8.noarch.rpm
2026-07-20T21:51:32-0300 INFO Downloading: https://repo.almalinux.org/almalinux/9/BaseOS/x86_64/os/Packages/crypto-policies-scripts-20260224-1.gitea0f072.el9_8.noarch.rpm
2026-07-20T21:51:32-0300 INFO Downloading: https://repo.almalinux.org/almalinux/9/BaseOS/x86_64/os/Packages/cryptsetup-libs-2.8.1-3.el9.x86_64.rpm
2026-07-20T21:51:32-0300 INFO Downloading: https://repo.almalinux.org/almalinux/9/BaseOS/x86_64/os/Packages/curl-7.76.1-40.el9.x86_64.rpm
2026-07-20T21:51:32-0300 INFO Downloading: https://repo.almalinux.org/almalinux/9/BaseOS/x86_64/os/Packages/cyrus-sasl-lib-2.1.27-22.el9.x86_64.rpm
2026-07-20T21:51:32-0300 INFO Downloading: https://repo.almalinux.org/almalinux/9/BaseOS/x86_64/os/Packages/device-mapper-1.02.207-4.el9_8.1.x86_64.rpm
2026-07-20T21:51:32-0300 INFO Downloading: https://repo.almalinux.org/almalinux/9/BaseOS/x86_64/os/Packages/device-mapper-event-1.02.207-4.el9_8.1.x86_64.rpm
2026-07-20T21:51:32-0300 INFO Downloading: https://repo.almalinux.org/almalinux/9/BaseOS/x86_64/os/Packages/device-mapper-event-libs-1.02.207-4.el9_8.1.x86_64.rpm
2026-07-20T21:51:32-0300 INFO Downloading: https://repo.almalinux.org/almalinux/9/BaseOS/x86_64/os/Packages/device-mapper-libs-1.02.207-4.el9_8.1.x86_64.rpm
2026-07-20T21:51:32-0300 INFO Downloading: https://repo.almalinux.org/almalinux/9/BaseOS/x86_64/os/Packages/device-mapper-persistent-data-1.1.0-1.el9.x86_64.rpm
2026-07-20T21:51:32-0300 INFO Downloading: https://repo.almalinux.org/almalinux/9/BaseOS/x86_64/os/Packages/dmidecode-3.6-2.el9.x86_64.rpm
2026-07-20T21:51:32-0300 INFO Downloading: https://repo.almalinux.org/almalinux/9/BaseOS/x86_64/os/Packages/dnf-4.14.0-34.el9_8.alma.1.noarch.rpm
2026-07-20T21:51:32-0300 INFO Downloading: https://repo.almalinux.org/almalinux/9/BaseOS/x86_64/os/Packages/dnf-data-4.14.0-34.el9_8.alma.1.noarch.rpm
2026-07-20T21:51:32-0300 INFO Downloading: https://repo.almalinux.org/almalinux/9/BaseOS/x86_64/os/Packages/dnf-plugins-core-4.3.0-26.el9.noarch.rpm
2026-07-20T21:51:32-0300 INFO Downloading: https://repo.almalinux.org/almalinux/9/BaseOS/x86_64/os/Packages/dracut-057-117.git20260625.el9_8.x86_64.rpm
2026-07-20T21:51:32-0300 INFO Downloading: https://repo.almalinux.org/almalinux/9/BaseOS/x86_64/os/Packages/dracut-config-rescue-057-117.git20260625.el9_8.x86_64.rpm
2026-07-20T21:51:32-0300 INFO Downloading: https://repo.almalinux.org/almalinux/9/BaseOS/x86_64/os/Packages/dracut-network-057-117.git20260625.el9_8.x86_64.rpm
2026-07-20T21:51:32-0300 INFO Downloading: https://repo.almalinux.org/almalinux/9/BaseOS/x86_64/os/Packages/dracut-squash-057-117.git20260625.el9_8.x86_64.rpm
2026-07-20T21:51:32-0300 INFO Downloading: https://repo.almalinux.org/almalinux/9/BaseOS/x86_64/os/Packages/e2fsprogs-1.46.5-8.el9.x86_64.rpm
2026-07-20T21:51:32-0300 INFO Downloading: https://repo.almalinux.org/almalinux/9/BaseOS/x86_64/os/Packages/e2fsprogs-libs-1.46.5-8.el9.x86_64.rpm
2026-07-20T21:51:32-0300 INFO Downloading: https://repo.almalinux.org/almalinux/9/BaseOS/x86_64/os/Packages/elfutils-debuginfod-client-0.194-1.el9.alma.1.x86_64.rpm
2026-07-20T21:51:32-0300 INFO Downloading: https://repo.almalinux.org/almalinux/9/BaseOS/x86_64/os/Packages/elfutils-default-yama-scope-0.194-1.el9.alma.1.noarch.rpm
2026-07-20T21:51:32-0300 INFO Downloading: https://repo.almalinux.org/almalinux/9/BaseOS/x86_64/os/Packages/elfutils-libelf-0.194-1.el9.alma.1.x86_64.rpm
2026-07-20T21:51:32-0300 INFO Downloading: https://repo.almalinux.org/almalinux/9/BaseOS/x86_64/os/Packages/elfutils-libs-0.194-1.el9.alma.1.x86_64.rpm
2026-07-20T21:51:32-0300 INFO Downloading: https://repo.almalinux.org/almalinux/9/BaseOS/x86_64/os/Packages/ethtool-6.15-2.el9.x86_64.rpm
2026-07-20T21:51:32-0300 INFO Downloading: https://repo.almalinux.org/almalinux/9/BaseOS/x86_64/os/Packages/expat-2.5.0-6.el9_8.1.x86_64.rpm
2026-07-20T21:51:32-0300 INFO Downloading: https://repo.almalinux.org/almalinux/9/BaseOS/x86_64/os/Packages/file-5.39-17.el9.x86_64.rpm
2026-07-20T21:51:32-0300 INFO Downloading: https://repo.almalinux.org/almalinux/9/BaseOS/x86_64/os/Packages/file-libs-5.39-17.el9.x86_64.rpm
2026-07-20T21:51:32-0300 INFO Downloading: https://repo.almalinux.org/almalinux/9/BaseOS/x86_64/os/Packages/filesystem-3.16-5.el9.x86_64.rpm
2026-07-20T21:51:32-0300 INFO Downloading: https://repo.almalinux.org/almalinux/9/BaseOS/x86_64/os/Packages/findutils-4.8.0-7.el9.x86_64.rpm
2026-07-20T21:51:32-0300 INFO Downloading: https://repo.almalinux.org/almalinux/9/BaseOS/x86_64/os/Packages/firewalld-1.3.4-18.el9_7.noarch.rpm
2026-07-20T21:51:32-0300 INFO Downloading: https://repo.almalinux.org/almalinux/9/BaseOS/x86_64/os/Packages/firewalld-filesystem-1.3.4-18.el9_7.noarch.rpm
2026-07-20T21:51:32-0300 INFO Downloading: https://repo.almalinux.org/almalinux/9/BaseOS/x86_64/os/Packages/fuse-libs-2.9.9-17.el9.x86_64.rpm
2026-07-20T21:51:32-0300 INFO Downloading: https://repo.almalinux.org/almalinux/9/BaseOS/x86_64/os/Packages/gdbm-libs-1.23-1.el9.x86_64.rpm
2026-07-20T21:51:32-0300 INFO Downloading: https://repo.almalinux.org/almalinux/9/BaseOS/x86_64/os/Packages/glib2-2.68.4-19.el9_8.1.x86_64.rpm
2026-07-20T21:51:32-0300 INFO Downloading: https://repo.almalinux.org/almalinux/9/BaseOS/x86_64/os/Packages/glibc-2.34-272.el9_8.x86_64.rpm
2026-07-20T21:51:33-0300 INFO Downloading: https://repo.almalinux.org/almalinux/9/BaseOS/x86_64/os/Packages/glibc-common-2.34-272.el9_8.x86_64.rpm
2026-07-20T21:51:33-0300 INFO Downloading: https://repo.almalinux.org/almalinux/9/BaseOS/x86_64/os/Packages/glibc-gconv-extra-2.34-272.el9_8.x86_64.rpm
2026-07-20T21:51:33-0300 INFO Downloading: https://repo.almalinux.org/almalinux/9/BaseOS/x86_64/os/Packages/glibc-langpack-en-2.34-272.el9_8.x86_64.rpm
2026-07-20T21:51:33-0300 INFO Downloading: https://repo.almalinux.org/almalinux/9/BaseOS/x86_64/os/Packages/gnupg2-2.3.3-5.el9_7.x86_64.rpm
2026-07-20T21:51:33-0300 INFO Downloading: https://repo.almalinux.org/almalinux/9/BaseOS/x86_64/os/Packages/gnutls-3.8.10-4.el9_8.x86_64.rpm
2026-07-20T21:51:33-0300 INFO Downloading: https://repo.almalinux.org/almalinux/9/BaseOS/x86_64/os/Packages/grub2-common-2.06-126.el9_8.alma.1.noarch.rpm
2026-07-20T21:51:33-0300 INFO Downloading: https://repo.almalinux.org/almalinux/9/BaseOS/x86_64/os/Packages/grub2-pc-2.06-126.el9_8.alma.1.x86_64.rpm
2026-07-20T21:51:33-0300 INFO Downloading: https://repo.almalinux.org/almalinux/9/BaseOS/x86_64/os/Packages/grub2-pc-modules-2.06-126.el9_8.alma.1.noarch.rpm
2026-07-20T21:51:33-0300 INFO Downloading: https://repo.almalinux.org/almalinux/9/BaseOS/x86_64/os/Packages/grub2-tools-2.06-126.el9_8.alma.1.x86_64.rpm
2026-07-20T21:51:33-0300 INFO Downloading: https://repo.almalinux.org/almalinux/9/BaseOS/x86_64/os/Packages/grub2-tools-minimal-2.06-126.el9_8.alma.1.x86_64.rpm
2026-07-20T21:51:33-0300 INFO Downloading: https://repo.almalinux.org/almalinux/9/BaseOS/x86_64/os/Packages/grubby-8.40-69.el9.x86_64.rpm
2026-07-20T21:51:33-0300 INFO Downloading: https://repo.almalinux.org/almalinux/9/BaseOS/x86_64/os/Packages/hwdata-0.348-9.22.el9.noarch.rpm
2026-07-20T21:51:33-0300 INFO Downloading: https://repo.almalinux.org/almalinux/9/BaseOS/x86_64/os/Packages/ima-evm-utils-1.6.2-2.el9.x86_64.rpm
2026-07-20T21:51:33-0300 INFO Downloading: https://repo.almalinux.org/almalinux/9/BaseOS/x86_64/os/Packages/initscripts-rename-device-10.11.8-4.el9.x86_64.rpm
2026-07-20T21:51:33-0300 INFO Downloading: https://repo.almalinux.org/almalinux/9/BaseOS/x86_64/os/Packages/initscripts-service-10.11.8-4.el9.noarch.rpm
2026-07-20T21:51:33-0300 INFO Downloading: https://repo.almalinux.org/almalinux/9/BaseOS/x86_64/os/Packages/iproute-6.17.0-2.el9.x86_64.rpm
2026-07-20T21:51:33-0300 INFO Downloading: https://repo.almalinux.org/almalinux/9/BaseOS/x86_64/os/Packages/iproute-tc-6.17.0-2.el9.x86_64.rpm
2026-07-20T21:51:33-0300 INFO Downloading: https://repo.almalinux.org/almalinux/9/BaseOS/x86_64/os/Packages/ipset-7.11-11.el9_5.x86_64.rpm
2026-07-20T21:51:33-0300 INFO Downloading: https://repo.almalinux.org/almalinux/9/BaseOS/x86_64/os/Packages/ipset-libs-7.11-11.el9_5.x86_64.rpm
2026-07-20T21:51:33-0300 INFO Downloading: https://repo.almalinux.org/almalinux/9/BaseOS/x86_64/os/Packages/iptables-libs-1.8.10-11.el9_5.x86_64.rpm
2026-07-20T21:51:33-0300 INFO Downloading: https://repo.almalinux.org/almalinux/9/BaseOS/x86_64/os/Packages/iptables-nft-1.8.10-11.el9_5.x86_64.rpm
2026-07-20T21:51:33-0300 INFO Downloading: https://repo.almalinux.org/almalinux/9/BaseOS/x86_64/os/Packages/iputils-20210202-15.el9_7.x86_64.rpm
2026-07-20T21:51:33-0300 INFO Downloading: https://repo.almalinux.org/almalinux/9/BaseOS/x86_64/os/Packages/irqbalance-1.9.4-5.el9.x86_64.rpm
2026-07-20T21:51:33-0300 INFO Downloading: https://repo.almalinux.org/almalinux/9/BaseOS/x86_64/os/Packages/iwl100-firmware-39.31.5.1-160.el9.noarch.rpm
2026-07-20T21:51:33-0300 INFO Downloading: https://repo.almalinux.org/almalinux/9/BaseOS/x86_64/os/Packages/iwl1000-firmware-39.31.5.1-160.el9.noarch.rpm
2026-07-20T21:51:33-0300 INFO Downloading: https://repo.almalinux.org/almalinux/9/BaseOS/x86_64/os/Packages/iwl105-firmware-18.168.6.1-160.el9.noarch.rpm
2026-07-20T21:51:33-0300 INFO Downloading: https://repo.almalinux.org/almalinux/9/BaseOS/x86_64/os/Packages/iwl135-firmware-18.168.6.1-160.el9.noarch.rpm
2026-07-20T21:51:33-0300 INFO Downloading: https://repo.almalinux.org/almalinux/9/BaseOS/x86_64/os/Packages/iwl2000-firmware-18.168.6.1-160.el9.noarch.rpm
2026-07-20T21:51:33-0300 INFO Downloading: https://repo.almalinux.org/almalinux/9/BaseOS/x86_64/os/Packages/iwl2030-firmware-18.168.6.1-160.el9.noarch.rpm
2026-07-20T21:51:33-0300 INFO Downloading: https://repo.almalinux.org/almalinux/9/BaseOS/x86_64/os/Packages/iwl3160-firmware-25.30.13.0-160.el9.noarch.rpm
2026-07-20T21:51:33-0300 INFO Downloading: https://repo.almalinux.org/almalinux/9/BaseOS/x86_64/os/Packages/iwl5000-firmware-8.83.5.1_1-160.el9.noarch.rpm
2026-07-20T21:51:33-0300 INFO Downloading: https://repo.almalinux.org/almalinux/9/BaseOS/x86_64/os/Packages/iwl5150-firmware-8.24.2.2-160.el9.noarch.rpm
2026-07-20T21:51:33-0300 INFO Downloading: https://repo.almalinux.org/almalinux/9/BaseOS/x86_64/os/Packages/iwl6000g2a-firmware-18.168.6.1-160.el9.noarch.rpm
2026-07-20T21:51:33-0300 INFO Downloading: https://repo.almalinux.org/almalinux/9/BaseOS/x86_64/os/Packages/iwl6050-firmware-41.28.5.1-160.el9.noarch.rpm
2026-07-20T21:51:33-0300 INFO Downloading: https://repo.almalinux.org/almalinux/9/BaseOS/x86_64/os/Packages/iwl7260-firmware-25.30.13.0-160.el9.noarch.rpm
2026-07-20T21:51:33-0300 INFO Downloading: https://repo.almalinux.org/almalinux/9/BaseOS/x86_64/os/Packages/kbd-2.4.0-11.el9.x86_64.rpm
2026-07-20T21:51:33-0300 INFO Downloading: https://repo.almalinux.org/almalinux/9/BaseOS/x86_64/os/Packages/kbd-legacy-2.4.0-11.el9.noarch.rpm
2026-07-20T21:51:33-0300 INFO Downloading: https://repo.almalinux.org/almalinux/9/BaseOS/x86_64/os/Packages/kbd-misc-2.4.0-11.el9.noarch.rpm
2026-07-20T21:51:33-0300 INFO Downloading: https://repo.almalinux.org/almalinux/9/BaseOS/x86_64/os/Packages/kernel-tools-5.14.0-687.26.1.el9_8.x86_64.rpm
2026-07-20T21:51:34-0300 INFO Downloading: https://repo.almalinux.org/almalinux/9/BaseOS/x86_64/os/Packages/kernel-tools-libs-5.14.0-687.26.1.el9_8.x86_64.rpm
2026-07-20T21:51:34-0300 INFO Downloading: https://repo.almalinux.org/almalinux/9/BaseOS/x86_64/os/Packages/kexec-tools-2.0.29-17.el9.x86_64.rpm
2026-07-20T21:51:34-0300 INFO Downloading: https://repo.almalinux.org/almalinux/9/BaseOS/x86_64/os/Packages/kmod-28-11.el9.x86_64.rpm
2026-07-20T21:51:34-0300 INFO Downloading: https://repo.almalinux.org/almalinux/9/BaseOS/x86_64/os/Packages/kmod-libs-28-11.el9.x86_64.rpm
2026-07-20T21:51:34-0300 INFO Downloading: https://repo.almalinux.org/almalinux/9/BaseOS/x86_64/os/Packages/kpartx-0.8.7-45.el9.x86_64.rpm
2026-07-20T21:51:34-0300 INFO Downloading: https://repo.almalinux.org/almalinux/9/BaseOS/x86_64/os/Packages/krb5-libs-1.21.1-10.el9_8.x86_64.rpm
2026-07-20T21:51:34-0300 INFO Downloading: https://repo.almalinux.org/almalinux/9/BaseOS/x86_64/os/Packages/less-590-6.el9.x86_64.rpm
2026-07-20T21:51:34-0300 INFO Downloading: https://repo.almalinux.org/almalinux/9/BaseOS/x86_64/os/Packages/libacl-2.3.1-4.el9.x86_64.rpm
2026-07-20T21:51:34-0300 INFO Downloading: https://repo.almalinux.org/almalinux/9/BaseOS/x86_64/os/Packages/libarchive-3.5.3-9.el9_7.x86_64.rpm
2026-07-20T21:51:34-0300 INFO Downloading: https://repo.almalinux.org/almalinux/9/BaseOS/x86_64/os/Packages/libblkid-2.37.4-25.el9.x86_64.rpm
2026-07-20T21:51:34-0300 INFO Downloading: https://repo.almalinux.org/almalinux/9/BaseOS/x86_64/os/Packages/libbpf-1.5.0-3.el9.x86_64.rpm
2026-07-20T21:51:34-0300 INFO Downloading: https://repo.almalinux.org/almalinux/9/BaseOS/x86_64/os/Packages/libbrotli-1.0.9-9.el9_7.x86_64.rpm
2026-07-20T21:51:34-0300 INFO Downloading: https://repo.almalinux.org/almalinux/9/BaseOS/x86_64/os/Packages/libcap-2.48-10.el9_8.1.x86_64.rpm
2026-07-20T21:51:34-0300 INFO Downloading: https://repo.almalinux.org/almalinux/9/BaseOS/x86_64/os/Packages/libcom_err-1.46.5-8.el9.x86_64.rpm
2026-07-20T21:51:34-0300 INFO Downloading: https://repo.almalinux.org/almalinux/9/BaseOS/x86_64/os/Packages/libcurl-7.76.1-40.el9.x86_64.rpm
2026-07-20T21:51:34-0300 INFO Downloading: https://repo.almalinux.org/almalinux/9/BaseOS/x86_64/os/Packages/libdb-5.3.28-57.el9_6.x86_64.rpm
2026-07-20T21:51:34-0300 INFO Downloading: https://repo.almalinux.org/almalinux/9/BaseOS/x86_64/os/Packages/libdnf-0.69.0-18.el9.alma.1.x86_64.rpm
2026-07-20T21:51:34-0300 INFO Downloading: https://repo.almalinux.org/almalinux/9/BaseOS/x86_64/os/Packages/libdnf-plugin-subscription-manager-1.29.50-1.el9.alma.1.x86_64.rpm
2026-07-20T21:51:34-0300 INFO Downloading: https://repo.almalinux.org/almalinux/9/BaseOS/x86_64/os/Packages/libeconf-0.4.1-7.el9_8.x86_64.rpm
2026-07-20T21:51:34-0300 INFO Downloading: https://repo.almalinux.org/almalinux/9/BaseOS/x86_64/os/Packages/libedit-3.1-39.20210216cvs.el9.x86_64.rpm
2026-07-20T21:51:34-0300 INFO Downloading: https://repo.almalinux.org/almalinux/9/BaseOS/x86_64/os/Packages/libevent-2.1.12-8.el9_4.x86_64.rpm
2026-07-20T21:51:34-0300 INFO Downloading: https://repo.almalinux.org/almalinux/9/BaseOS/x86_64/os/Packages/libfdisk-2.37.4-25.el9.x86_64.rpm
2026-07-20T21:51:34-0300 INFO Downloading: https://repo.almalinux.org/almalinux/9/BaseOS/x86_64/os/Packages/libfido2-1.13.0-2.el9.x86_64.rpm
2026-07-20T21:51:34-0300 INFO Downloading: https://repo.almalinux.org/almalinux/9/BaseOS/x86_64/os/Packages/libgcc-11.5.0-14.el9.alma.1.x86_64.rpm
2026-07-20T21:51:34-0300 INFO Downloading: https://repo.almalinux.org/almalinux/9/BaseOS/x86_64/os/Packages/libgcrypt-1.10.0-11.el9.x86_64.rpm
2026-07-20T21:51:34-0300 INFO Downloading: https://repo.almalinux.org/almalinux/9/BaseOS/x86_64/os/Packages/libgomp-11.5.0-14.el9.alma.1.x86_64.rpm
2026-07-20T21:51:34-0300 INFO Downloading: https://repo.almalinux.org/almalinux/9/BaseOS/x86_64/os/Packages/libibverbs-61.0-2.el9.x86_64.rpm
2026-07-20T21:51:34-0300 INFO Downloading: https://repo.almalinux.org/almalinux/9/BaseOS/x86_64/os/Packages/libkcapi-1.4.0-2.el9.x86_64.rpm
2026-07-20T21:51:34-0300 INFO Downloading: https://repo.almalinux.org/almalinux/9/BaseOS/x86_64/os/Packages/libkcapi-hmaccalc-1.4.0-2.el9.x86_64.rpm
2026-07-20T21:51:34-0300 INFO Downloading: https://repo.almalinux.org/almalinux/9/BaseOS/x86_64/os/Packages/libksba-1.5.1-7.el9.x86_64.rpm
2026-07-20T21:51:34-0300 INFO Downloading: https://repo.almalinux.org/almalinux/9/BaseOS/x86_64/os/Packages/libldb-4.23.5-10.el9_8.x86_64.rpm
2026-07-20T21:51:34-0300 INFO Downloading: https://repo.almalinux.org/almalinux/9/BaseOS/x86_64/os/Packages/libmnl-1.0.4-16.el9_4.x86_64.rpm
2026-07-20T21:51:34-0300 INFO Downloading: https://repo.almalinux.org/almalinux/9/BaseOS/x86_64/os/Packages/libmount-2.37.4-25.el9.x86_64.rpm
2026-07-20T21:51:34-0300 INFO Downloading: https://repo.almalinux.org/almalinux/9/BaseOS/x86_64/os/Packages/libndp-1.9-1.el9.x86_64.rpm
2026-07-20T21:51:34-0300 INFO Downloading: https://repo.almalinux.org/almalinux/9/BaseOS/x86_64/os/Packages/libnfnetlink-1.0.1-23.el9_5.x86_64.rpm
2026-07-20T21:51:34-0300 INFO Downloading: https://repo.almalinux.org/almalinux/9/BaseOS/x86_64/os/Packages/libnftnl-1.2.6-4.el9_4.x86_64.rpm
2026-07-20T21:51:34-0300 INFO Downloading: https://repo.almalinux.org/almalinux/9/BaseOS/x86_64/os/Packages/libnghttp2-1.43.0-6.el9_8.1.x86_64.rpm
2026-07-20T21:51:34-0300 INFO Downloading: https://repo.almalinux.org/almalinux/9/BaseOS/x86_64/os/Packages/libnl3-3.11.0-1.el9.x86_64.rpm
2026-07-20T21:51:34-0300 INFO Downloading: https://repo.almalinux.org/almalinux/9/BaseOS/x86_64/os/Packages/libnl3-cli-3.11.0-1.el9.x86_64.rpm
2026-07-20T21:51:34-0300 INFO Downloading: https://repo.almalinux.org/almalinux/9/BaseOS/x86_64/os/Packages/librepo-1.19.0-1.el9.x86_64.rpm
2026-07-20T21:51:34-0300 INFO Downloading: https://repo.almalinux.org/almalinux/9/BaseOS/x86_64/os/Packages/libreport-filesystem-2.15.2-6.el9.alma.noarch.rpm
2026-07-20T21:51:34-0300 INFO Downloading: https://repo.almalinux.org/almalinux/9/BaseOS/x86_64/os/Packages/librhsm-0.0.3-9.el9.x86_64.rpm
2026-07-20T21:51:34-0300 INFO Downloading: https://repo.almalinux.org/almalinux/9/BaseOS/x86_64/os/Packages/libselinux-3.6-3.el9.x86_64.rpm
2026-07-20T21:51:34-0300 INFO Downloading: https://repo.almalinux.org/almalinux/9/BaseOS/x86_64/os/Packages/libselinux-utils-3.6-3.el9.x86_64.rpm
2026-07-20T21:51:34-0300 INFO Downloading: https://repo.almalinux.org/almalinux/9/BaseOS/x86_64/os/Packages/libsemanage-3.6-5.el9_6.x86_64.rpm
2026-07-20T21:51:34-0300 INFO Downloading: https://repo.almalinux.org/almalinux/9/BaseOS/x86_64/os/Packages/libsepol-3.6-3.el9.x86_64.rpm
2026-07-20T21:51:34-0300 INFO Downloading: https://repo.almalinux.org/almalinux/9/BaseOS/x86_64/os/Packages/libsmartcols-2.37.4-25.el9.x86_64.rpm
2026-07-20T21:51:34-0300 INFO Downloading: https://repo.almalinux.org/almalinux/9/BaseOS/x86_64/os/Packages/libsolv-0.7.24-6.el9_8.x86_64.rpm
2026-07-20T21:51:34-0300 INFO Downloading: https://repo.almalinux.org/almalinux/9/BaseOS/x86_64/os/Packages/libss-1.46.5-8.el9.x86_64.rpm
2026-07-20T21:51:34-0300 INFO Downloading: https://repo.almalinux.org/almalinux/9/BaseOS/x86_64/os/Packages/libssh-0.10.4-18.el9.x86_64.rpm
2026-07-20T21:51:34-0300 INFO Downloading: https://repo.almalinux.org/almalinux/9/BaseOS/x86_64/os/Packages/libssh-config-0.10.4-18.el9.noarch.rpm
2026-07-20T21:51:34-0300 INFO Downloading: https://repo.almalinux.org/almalinux/9/BaseOS/x86_64/os/Packages/libsss_certmap-2.9.8-4.el9_8.x86_64.rpm
2026-07-20T21:51:34-0300 INFO Downloading: https://repo.almalinux.org/almalinux/9/BaseOS/x86_64/os/Packages/libsss_idmap-2.9.8-4.el9_8.x86_64.rpm
2026-07-20T21:51:34-0300 INFO Downloading: https://repo.almalinux.org/almalinux/9/BaseOS/x86_64/os/Packages/libsss_nss_idmap-2.9.8-4.el9_8.x86_64.rpm
2026-07-20T21:51:34-0300 INFO Downloading: https://repo.almalinux.org/almalinux/9/BaseOS/x86_64/os/Packages/libsss_sudo-2.9.8-4.el9_8.x86_64.rpm
2026-07-20T21:51:34-0300 INFO Downloading: https://repo.almalinux.org/almalinux/9/BaseOS/x86_64/os/Packages/libstdc%2b%2b-11.5.0-14.el9.alma.1.x86_64.rpm
2026-07-20T21:51:34-0300 INFO Downloading: https://repo.almalinux.org/almalinux/9/BaseOS/x86_64/os/Packages/libsysfs-2.1.1-11.el9.x86_64.rpm
2026-07-20T21:51:34-0300 INFO Downloading: https://repo.almalinux.org/almalinux/9/BaseOS/x86_64/os/Packages/libtalloc-2.4.3-1.el9.x86_64.rpm
2026-07-20T21:51:34-0300 INFO Downloading: https://repo.almalinux.org/almalinux/9/BaseOS/x86_64/os/Packages/libtasn1-4.16.0-10.el9_8.x86_64.rpm
2026-07-20T21:51:34-0300 INFO Downloading: https://repo.almalinux.org/almalinux/9/BaseOS/x86_64/os/Packages/libtdb-1.4.14-1.el9.x86_64.rpm
2026-07-20T21:51:34-0300 INFO Downloading: https://repo.almalinux.org/almalinux/9/BaseOS/x86_64/os/Packages/libtevent-0.17.1-1.el9.x86_64.rpm
2026-07-20T21:51:34-0300 INFO Downloading: https://repo.almalinux.org/almalinux/9/BaseOS/x86_64/os/Packages/libuser-0.63-17.el9.x86_64.rpm
2026-07-20T21:51:34-0300 INFO Downloading: https://repo.almalinux.org/almalinux/9/BaseOS/x86_64/os/Packages/libuuid-2.37.4-25.el9.x86_64.rpm
2026-07-20T21:51:34-0300 INFO Downloading: https://repo.almalinux.org/almalinux/9/BaseOS/x86_64/os/Packages/libxml2-2.9.13-14.el9_8.2.x86_64.rpm
2026-07-20T21:51:34-0300 INFO Downloading: https://repo.almalinux.org/almalinux/9/BaseOS/x86_64/os/Packages/libzstd-1.5.5-1.el9.x86_64.rpm
2026-07-20T21:51:34-0300 INFO Downloading: https://repo.almalinux.org/almalinux/9/BaseOS/x86_64/os/Packages/linux-firmware-20260411-155.5.el9_7.noarch.rpm
2026-07-20T21:51:34-0300 INFO Downloading: https://repo.almalinux.org/almalinux/9/BaseOS/x86_64/os/Packages/linux-firmware-whence-20260411-155.5.el9_7.noarch.rpm
2026-07-20T21:51:34-0300 INFO Downloading: https://repo.almalinux.org/almalinux/9/BaseOS/x86_64/os/Packages/logrotate-3.18.0-12.el9.x86_64.rpm
2026-07-20T21:51:34-0300 INFO Downloading: https://repo.almalinux.org/almalinux/9/BaseOS/x86_64/os/Packages/lshw-B.02.20-4.el9.x86_64.rpm
2026-07-20T21:51:35-0300 INFO Downloading: https://repo.almalinux.org/almalinux/9/BaseOS/x86_64/os/Packages/lvm2-2.03.33-4.el9_8.1.x86_64.rpm
2026-07-20T21:51:35-0300 INFO Downloading: https://repo.almalinux.org/almalinux/9/BaseOS/x86_64/os/Packages/lvm2-libs-2.03.33-4.el9_8.1.x86_64.rpm
2026-07-20T21:51:35-0300 INFO Downloading: https://repo.almalinux.org/almalinux/9/BaseOS/x86_64/os/Packages/man-db-2.9.3-9.el9.x86_64.rpm
2026-07-20T21:51:35-0300 INFO Downloading: https://repo.almalinux.org/almalinux/9/BaseOS/x86_64/os/Packages/microcode_ctl-20260210-1.el9_8.noarch.rpm
2026-07-20T21:51:35-0300 INFO Downloading: https://repo.almalinux.org/almalinux/9/BaseOS/x86_64/os/Packages/mpfr-4.1.0-10.el9.x86_64.rpm
2026-07-20T21:51:35-0300 INFO Downloading: https://repo.almalinux.org/almalinux/9/BaseOS/x86_64/os/Packages/ncurses-6.2-12.20210508.el9.x86_64.rpm
2026-07-20T21:51:35-0300 INFO Downloading: https://repo.almalinux.org/almalinux/9/BaseOS/x86_64/os/Packages/ncurses-base-6.2-12.20210508.el9.noarch.rpm
2026-07-20T21:51:35-0300 INFO Downloading: https://repo.almalinux.org/almalinux/9/BaseOS/x86_64/os/Packages/ncurses-libs-6.2-12.20210508.el9.x86_64.rpm
2026-07-20T21:51:35-0300 INFO Downloading: https://repo.almalinux.org/almalinux/9/BaseOS/x86_64/os/Packages/nettle-3.10.1-1.el9.x86_64.rpm
2026-07-20T21:51:36-0300 INFO Downloading: https://repo.almalinux.org/almalinux/9/BaseOS/x86_64/os/Packages/nftables-1.0.9-7.el9_8.x86_64.rpm
2026-07-20T21:51:36-0300 INFO Downloading: https://repo.almalinux.org/almalinux/9/BaseOS/x86_64/os/Packages/numactl-libs-2.0.19-3.el9.x86_64.rpm
2026-07-20T21:51:36-0300 INFO Downloading: https://repo.almalinux.org/almalinux/9/BaseOS/x86_64/os/Packages/openldap-2.6.8-4.el9.x86_64.rpm
2026-07-20T21:51:36-0300 INFO Downloading: https://repo.almalinux.org/almalinux/9/BaseOS/x86_64/os/Packages/openssh-9.9p1-7.el9_8.alma.1.x86_64.rpm
2026-07-20T21:51:36-0300 INFO Downloading: https://repo.almalinux.org/almalinux/9/BaseOS/x86_64/os/Packages/openssh-clients-9.9p1-7.el9_8.alma.1.x86_64.rpm
2026-07-20T21:51:36-0300 INFO Downloading: https://repo.almalinux.org/almalinux/9/BaseOS/x86_64/os/Packages/openssh-server-9.9p1-7.el9_8.alma.1.x86_64.rpm
2026-07-20T21:51:36-0300 INFO Downloading: https://repo.almalinux.org/almalinux/9/BaseOS/x86_64/os/Packages/openssl-3.5.5-5.el9_8.x86_64.rpm
2026-07-20T21:51:36-0300 INFO Downloading: https://repo.almalinux.org/almalinux/9/BaseOS/x86_64/os/Packages/openssl-libs-3.5.5-5.el9_8.x86_64.rpm
2026-07-20T21:51:36-0300 INFO Downloading: https://repo.almalinux.org/almalinux/9/BaseOS/x86_64/os/Packages/os-prober-1.77-12.el9_5.x86_64.rpm
2026-07-20T21:51:36-0300 INFO Downloading: https://repo.almalinux.org/almalinux/9/BaseOS/x86_64/os/Packages/p11-kit-0.26.2-1.el9.x86_64.rpm
2026-07-20T21:51:36-0300 INFO Downloading: https://repo.almalinux.org/almalinux/9/BaseOS/x86_64/os/Packages/p11-kit-trust-0.26.2-1.el9.x86_64.rpm
2026-07-20T21:51:36-0300 INFO Downloading: https://repo.almalinux.org/almalinux/9/BaseOS/x86_64/os/Packages/pam-1.5.1-28.el9.x86_64.rpm
2026-07-20T21:51:36-0300 INFO Downloading: https://repo.almalinux.org/almalinux/9/BaseOS/x86_64/os/Packages/parted-3.5-3.el9.x86_64.rpm
2026-07-20T21:51:36-0300 INFO Downloading: https://repo.almalinux.org/almalinux/9/BaseOS/x86_64/os/Packages/pciutils-3.7.0-7.el9.x86_64.rpm
2026-07-20T21:51:36-0300 INFO Downloading: https://repo.almalinux.org/almalinux/9/BaseOS/x86_64/os/Packages/pciutils-libs-3.7.0-7.el9.x86_64.rpm
2026-07-20T21:51:36-0300 INFO Downloading: https://repo.almalinux.org/almalinux/9/BaseOS/x86_64/os/Packages/pcre-8.44-4.el9.x86_64.rpm
2026-07-20T21:51:36-0300 INFO Downloading: https://repo.almalinux.org/almalinux/9/BaseOS/x86_64/os/Packages/pcre2-10.40-6.el9.x86_64.rpm
2026-07-20T21:51:36-0300 INFO Downloading: https://repo.almalinux.org/almalinux/9/BaseOS/x86_64/os/Packages/pcre2-syntax-10.40-6.el9.noarch.rpm
2026-07-20T21:51:36-0300 INFO Downloading: https://repo.almalinux.org/almalinux/9/BaseOS/x86_64/os/Packages/pigz-2.8-1.el9.x86_64.rpm
2026-07-20T21:51:36-0300 INFO Downloading: https://repo.almalinux.org/almalinux/9/BaseOS/x86_64/os/Packages/policycoreutils-3.6-5.el9.x86_64.rpm
2026-07-20T21:51:36-0300 INFO Downloading: https://repo.almalinux.org/almalinux/9/BaseOS/x86_64/os/Packages/procps-ng-3.3.17-14.el9.x86_64.rpm
2026-07-20T21:51:36-0300 INFO Downloading: https://repo.almalinux.org/almalinux/9/BaseOS/x86_64/os/Packages/python3-3.9.25-7.el9_8.2.x86_64.rpm
2026-07-20T21:51:36-0300 INFO Downloading: https://repo.almalinux.org/almalinux/9/BaseOS/x86_64/os/Packages/python3-cloud-what-1.29.50-1.el9.alma.1.x86_64.rpm
2026-07-20T21:51:36-0300 INFO Downloading: https://repo.almalinux.org/almalinux/9/BaseOS/x86_64/os/Packages/python3-dateutil-2.9.0.post0-1.el9_7.noarch.rpm
2026-07-20T21:51:36-0300 INFO Downloading: https://repo.almalinux.org/almalinux/9/BaseOS/x86_64/os/Packages/python3-dnf-4.14.0-34.el9_8.alma.1.noarch.rpm
2026-07-20T21:51:36-0300 INFO Downloading: https://repo.almalinux.org/almalinux/9/BaseOS/x86_64/os/Packages/python3-dnf-plugins-core-4.3.0-26.el9.noarch.rpm
2026-07-20T21:51:36-0300 INFO Downloading: https://repo.almalinux.org/almalinux/9/BaseOS/x86_64/os/Packages/python3-firewall-1.3.4-18.el9_7.noarch.rpm
2026-07-20T21:51:36-0300 INFO Downloading: https://repo.almalinux.org/almalinux/9/BaseOS/x86_64/os/Packages/python3-hawkey-0.69.0-18.el9.alma.1.x86_64.rpm
2026-07-20T21:51:36-0300 INFO Downloading: https://repo.almalinux.org/almalinux/9/BaseOS/x86_64/os/Packages/python3-idna-2.10-7.el9_4.1.noarch.rpm
2026-07-20T21:51:36-0300 INFO Downloading: https://repo.almalinux.org/almalinux/9/BaseOS/x86_64/os/Packages/python3-libdnf-0.69.0-18.el9.alma.1.x86_64.rpm
2026-07-20T21:51:37-0300 INFO Downloading: https://repo.almalinux.org/almalinux/9/BaseOS/x86_64/os/Packages/python3-librepo-1.19.0-1.el9.x86_64.rpm
2026-07-20T21:51:37-0300 INFO Downloading: https://repo.almalinux.org/almalinux/9/BaseOS/x86_64/os/Packages/python3-libs-3.9.25-7.el9_8.2.x86_64.rpm
2026-07-20T21:51:37-0300 INFO Downloading: https://repo.almalinux.org/almalinux/9/BaseOS/x86_64/os/Packages/python3-nftables-1.0.9-7.el9_8.x86_64.rpm
2026-07-20T21:51:37-0300 INFO Downloading: https://repo.almalinux.org/almalinux/9/BaseOS/x86_64/os/Packages/python3-pip-wheel-21.3.1-2.el9_8.noarch.rpm
2026-07-20T21:51:37-0300 INFO Downloading: https://repo.almalinux.org/almalinux/9/BaseOS/x86_64/os/Packages/python3-requests-2.25.1-10.el9_6.noarch.rpm
2026-07-20T21:51:38-0300 INFO Downloading: https://repo.almalinux.org/almalinux/9/BaseOS/x86_64/os/Packages/python3-rpm-4.16.1.3-40.el9.x86_64.rpm
2026-07-20T21:51:38-0300 INFO Downloading: https://repo.almalinux.org/almalinux/9/BaseOS/x86_64/os/Packages/python3-setools-4.4.4-1.el9.x86_64.rpm
2026-07-20T21:51:38-0300 INFO Downloading: https://repo.almalinux.org/almalinux/9/BaseOS/x86_64/os/Packages/python3-setuptools-53.0.0-15.el9.noarch.rpm
2026-07-20T21:51:38-0300 INFO Downloading: https://repo.almalinux.org/almalinux/9/BaseOS/x86_64/os/Packages/python3-setuptools-wheel-53.0.0-15.el9.noarch.rpm
2026-07-20T21:51:38-0300 INFO Downloading: https://repo.almalinux.org/almalinux/9/BaseOS/x86_64/os/Packages/python3-subscription-manager-rhsm-1.29.50-1.el9.alma.1.x86_64.rpm
2026-07-20T21:51:38-0300 INFO Downloading: https://repo.almalinux.org/almalinux/9/BaseOS/x86_64/os/Packages/python3-systemd-234-19.el9.x86_64.rpm
2026-07-20T21:51:38-0300 INFO Downloading: https://repo.almalinux.org/almalinux/9/BaseOS/x86_64/os/Packages/python3-urllib3-1.26.5-8.el9_8.noarch.rpm
2026-07-20T21:51:38-0300 INFO Downloading: https://repo.almalinux.org/almalinux/9/BaseOS/x86_64/os/Packages/rootfiles-8.1-35.el9.noarch.rpm
2026-07-20T21:51:38-0300 INFO Downloading: https://repo.almalinux.org/almalinux/9/BaseOS/x86_64/os/Packages/rpm-4.16.1.3-40.el9.x86_64.rpm
2026-07-20T21:51:38-0300 INFO Downloading: https://repo.almalinux.org/almalinux/9/BaseOS/x86_64/os/Packages/rpm-build-libs-4.16.1.3-40.el9.x86_64.rpm
2026-07-20T21:51:38-0300 INFO Downloading: https://repo.almalinux.org/almalinux/9/BaseOS/x86_64/os/Packages/rpm-libs-4.16.1.3-40.el9.x86_64.rpm
2026-07-20T21:51:38-0300 INFO Downloading: https://repo.almalinux.org/almalinux/9/BaseOS/x86_64/os/Packages/rpm-plugin-audit-4.16.1.3-40.el9.x86_64.rpm
2026-07-20T21:51:38-0300 INFO Downloading: https://repo.almalinux.org/almalinux/9/BaseOS/x86_64/os/Packages/rpm-plugin-selinux-4.16.1.3-40.el9.x86_64.rpm
2026-07-20T21:51:38-0300 INFO Downloading: https://repo.almalinux.org/almalinux/9/BaseOS/x86_64/os/Packages/rpm-sign-libs-4.16.1.3-40.el9.x86_64.rpm
2026-07-20T21:51:38-0300 INFO Downloading: https://repo.almalinux.org/almalinux/9/BaseOS/x86_64/os/Packages/sed-4.8-10.el9.x86_64.rpm
2026-07-20T21:51:38-0300 INFO Downloading: https://repo.almalinux.org/almalinux/9/BaseOS/x86_64/os/Packages/selinux-policy-38.1.75-2.el9_8.noarch.rpm
2026-07-20T21:51:38-0300 INFO Downloading: https://repo.almalinux.org/almalinux/9/BaseOS/x86_64/os/Packages/selinux-policy-targeted-38.1.75-2.el9_8.noarch.rpm
2026-07-20T21:51:38-0300 INFO Downloading: https://repo.almalinux.org/almalinux/9/BaseOS/x86_64/os/Packages/setup-2.13.7-10.el9.noarch.rpm
2026-07-20T21:51:38-0300 INFO Downloading: https://repo.almalinux.org/almalinux/9/BaseOS/x86_64/os/Packages/sg3_utils-1.47-10.el9.x86_64.rpm
2026-07-20T21:51:38-0300 INFO Downloading: https://repo.almalinux.org/almalinux/9/BaseOS/x86_64/os/Packages/sg3_utils-libs-1.47-10.el9.x86_64.rpm
2026-07-20T21:51:38-0300 INFO Downloading: https://repo.almalinux.org/almalinux/9/BaseOS/x86_64/os/Packages/shadow-utils-4.9-16.el9.x86_64.rpm
2026-07-20T21:51:38-0300 INFO Downloading: https://repo.almalinux.org/almalinux/9/BaseOS/x86_64/os/Packages/sqlite-libs-3.34.1-10.el9_8.x86_64.rpm
2026-07-20T21:51:38-0300 INFO Downloading: https://repo.almalinux.org/almalinux/9/BaseOS/x86_64/os/Packages/squashfs-tools-4.4-10.git1.el9.x86_64.rpm
2026-07-20T21:51:38-0300 INFO Downloading: https://repo.almalinux.org/almalinux/9/BaseOS/x86_64/os/Packages/sssd-client-2.9.8-4.el9_8.x86_64.rpm
2026-07-20T21:51:38-0300 INFO Downloading: https://repo.almalinux.org/almalinux/9/BaseOS/x86_64/os/Packages/sssd-common-2.9.8-4.el9_8.x86_64.rpm
2026-07-20T21:51:38-0300 INFO Downloading: https://repo.almalinux.org/almalinux/9/BaseOS/x86_64/os/Packages/sssd-kcm-2.9.8-4.el9_8.x86_64.rpm
2026-07-20T21:51:38-0300 INFO Downloading: https://repo.almalinux.org/almalinux/9/BaseOS/x86_64/os/Packages/subscription-manager-1.29.50-1.el9.alma.1.x86_64.rpm
2026-07-20T21:51:38-0300 INFO Downloading: https://repo.almalinux.org/almalinux/9/BaseOS/x86_64/os/Packages/sudo-1.9.17p2-3.el9_8.x86_64.rpm
2026-07-20T21:51:38-0300 INFO Downloading: https://repo.almalinux.org/almalinux/9/BaseOS/x86_64/os/Packages/systemd-252-67.el9_8.4.alma.1.x86_64.rpm
2026-07-20T21:51:39-0300 INFO Downloading: https://repo.almalinux.org/almalinux/9/BaseOS/x86_64/os/Packages/systemd-libs-252-67.el9_8.4.alma.1.x86_64.rpm
2026-07-20T21:51:39-0300 INFO Downloading: https://repo.almalinux.org/almalinux/9/BaseOS/x86_64/os/Packages/systemd-pam-252-67.el9_8.4.alma.1.x86_64.rpm
2026-07-20T21:51:39-0300 INFO Downloading: https://repo.almalinux.org/almalinux/9/BaseOS/x86_64/os/Packages/systemd-rpm-macros-252-67.el9_8.4.alma.1.noarch.rpm
2026-07-20T21:51:39-0300 INFO Downloading: https://repo.almalinux.org/almalinux/9/BaseOS/x86_64/os/Packages/systemd-udev-252-67.el9_8.4.alma.1.x86_64.rpm
2026-07-20T21:51:39-0300 INFO Downloading: https://repo.almalinux.org/almalinux/9/BaseOS/x86_64/os/Packages/tar-1.34-11.el9.x86_64.rpm
2026-07-20T21:51:39-0300 INFO Downloading: https://repo.almalinux.org/almalinux/9/BaseOS/x86_64/os/Packages/tpm2-tss-3.2.3-1.el9.x86_64.rpm
2026-07-20T21:51:39-0300 INFO Downloading: https://repo.almalinux.org/almalinux/9/BaseOS/x86_64/os/Packages/tzdata-2026b-1.el9.noarch.rpm
2026-07-20T21:51:39-0300 INFO Downloading: https://repo.almalinux.org/almalinux/9/BaseOS/x86_64/os/Packages/usermode-1.114-7.el9.x86_64.rpm
2026-07-20T21:51:39-0300 INFO Downloading: https://repo.almalinux.org/almalinux/9/BaseOS/x86_64/os/Packages/util-linux-2.37.4-25.el9.x86_64.rpm
2026-07-20T21:51:39-0300 INFO Downloading: https://repo.almalinux.org/almalinux/9/BaseOS/x86_64/os/Packages/util-linux-core-2.37.4-25.el9.x86_64.rpm
2026-07-20T21:51:39-0300 INFO Downloading: https://repo.almalinux.org/almalinux/9/BaseOS/x86_64/os/Packages/vim-minimal-8.2.2637-26.el9_8.10.x86_64.rpm
2026-07-20T21:51:39-0300 INFO Downloading: https://repo.almalinux.org/almalinux/9/BaseOS/x86_64/os/Packages/virt-what-1.27-2.el9.x86_64.rpm
2026-07-20T21:51:39-0300 INFO Downloading: https://repo.almalinux.org/almalinux/9/BaseOS/x86_64/os/Packages/which-2.21-30.el9_6.x86_64.rpm
2026-07-20T21:51:39-0300 INFO Downloading: https://repo.almalinux.org/almalinux/9/BaseOS/x86_64/os/Packages/xfsprogs-6.4.0-7.el9.x86_64.rpm
2026-07-20T21:51:40-0300 INFO Downloading: https://repo.almalinux.org/almalinux/9/BaseOS/x86_64/os/Packages/yum-4.14.0-34.el9_8.alma.1.noarch.rpm
2026-07-20T21:51:41-0300 INFO Downloading: https://repo.almalinux.org/almalinux/9/AppStream/x86_64/os/Packages/checkpolicy-3.6-1.el9.x86_64.rpm
2026-07-20T21:51:41-0300 INFO Downloading: https://repo.almalinux.org/almalinux/9/AppStream/x86_64/os/Packages/liburing-2.12-1.el9.x86_64.rpm
2026-07-20T21:51:41-0300 INFO Downloading: https://repo.almalinux.org/almalinux/9/AppStream/x86_64/os/Packages/policycoreutils-python-utils-3.6-5.el9.noarch.rpm
2026-07-20T21:51:41-0300 INFO Downloading: https://repo.almalinux.org/almalinux/9/AppStream/x86_64/os/Packages/python-unversioned-command-3.9.25-7.el9_8.2.noarch.rpm
2026-07-20T21:51:41-0300 INFO Downloading: https://repo.almalinux.org/almalinux/9/AppStream/x86_64/os/Packages/python3-audit-3.1.5-8.el9.x86_64.rpm
2026-07-20T21:51:41-0300 INFO Downloading: https://repo.almalinux.org/almalinux/9/AppStream/x86_64/os/Packages/python3-file-magic-5.39-17.el9.noarch.rpm
2026-07-20T21:51:41-0300 INFO Downloading: https://repo.almalinux.org/almalinux/9/AppStream/x86_64/os/Packages/python3-libselinux-3.6-3.el9.x86_64.rpm
2026-07-20T21:51:41-0300 INFO Downloading: https://repo.almalinux.org/almalinux/9/AppStream/x86_64/os/Packages/python3-libsemanage-3.6-5.el9_6.x86_64.rpm
2026-07-20T21:51:41-0300 INFO Downloading: https://repo.almalinux.org/almalinux/9/AppStream/x86_64/os/Packages/python3-policycoreutils-3.6-5.el9.noarch.rpm
2026-07-20T21:51:41-0300 INFO Downloading: https://repo.almalinux.org/almalinux/9/AppStream/x86_64/os/Packages/qemu-guest-agent-10.1.0-17.el9_8.3.alma.1.x86_64.rpm
2026-07-20T21:51:41-0300 INFO Downloading: https://repo.almalinux.org/almalinux/9/AppStream/x86_64/os/Packages/rpm-plugin-systemd-inhibit-4.16.1.3-40.el9.x86_64.rpm
2026-07-20T21:51:41-0300 INFO Downloading: https://repo.almalinux.org/almalinux/9/AppStream/x86_64/os/Packages/rsyslog-8.2510.0-2.el9.x86_64.rpm
2026-07-20T21:51:41-0300 INFO Downloading: https://repo.almalinux.org/almalinux/9/AppStream/x86_64/os/Packages/rsyslog-logrotate-8.2510.0-2.el9.x86_64.rpm
2026-07-20T21:52:28-0300 INFO Downloading: https://repo.almalinux.org/almalinux/RPM-GPG-KEY-AlmaLinux-9
2026-07-20T22:20:37-0300 INFO Librepo version: 1.19.0 with CURL_GLOBAL_ACK_EINTR support (libcurl/7.76.1 OpenSSL/3.5.5 zlib/1.2.11 brotli/1.0.9 libidn2/2.3.0 libpsl/0.21.1 (+libidn2/2.3.0) libssh/0.10.4/openssl/zlib nghttp2/1.43.0)
2026-07-20T22:20:42-0300 INFO Librepo version: 1.19.0 with CURL_GLOBAL_ACK_EINTR support (libcurl/7.76.1 OpenSSL/3.5.5 zlib/1.2.11 brotli/1.0.9 libidn2/2.3.0 libpsl/0.21.1 (+libidn2/2.3.0) libssh/0.10.4/openssl/zlib nghttp2/1.43.0)
2026-07-20T22:40:45-0300 INFO Librepo version: 1.19.0 with CURL_GLOBAL_ACK_EINTR support (libcurl/7.76.1 OpenSSL/3.5.5 zlib/1.2.11 brotli/1.0.9 libidn2/2.3.0 libpsl/0.21.1 (+libidn2/2.3.0) libssh/0.10.4/openssl/zlib nghttp2/1.43.0)
2026-07-20T22:40:45-0300 INFO Downloading: https://repo.almalinux.org/almalinux/9/BaseOS/x86_64/os/repodata/repomd.xml
2026-07-20T22:40:45-0300 INFO Downloading: https://repo.almalinux.org/almalinux/9/AppStream/x86_64/os/repodata/repomd.xml
2026-07-20T22:40:46-0300 INFO Downloading: https://repo.almalinux.org/almalinux/9/CRB/x86_64/os/repodata/repomd.xml
2026-07-20T22:55:36-0300 INFO Librepo version: 1.19.0 with CURL_GLOBAL_ACK_EINTR support (libcurl/7.76.1 OpenSSL/3.5.5 zlib/1.2.11 brotli/1.0.9 libidn2/2.3.0 libpsl/0.21.1 (+libidn2/2.3.0) libssh/0.10.4/openssl/zlib nghttp2/1.43.0)
2026-07-20T22:55:38-0300 INFO Downloading: https://repo.almalinux.org/almalinux/9/BaseOS/x86_64/os/Packages/vim-filesystem-8.2.2637-26.el9_8.10.noarch.rpm
2026-07-20T22:55:38-0300 INFO Downloading: https://repo.almalinux.org/almalinux/9/AppStream/x86_64/os/Packages/gpm-libs-1.20.7-29.el9.x86_64.rpm
2026-07-20T22:55:38-0300 INFO Downloading: https://repo.almalinux.org/almalinux/9/AppStream/x86_64/os/Packages/vim-common-8.2.2637-26.el9_8.10.x86_64.rpm
2026-07-20T22:55:38-0300 INFO Downloading: https://repo.almalinux.org/almalinux/9/AppStream/x86_64/os/Packages/vim-enhanced-8.2.2637-26.el9_8.10.x86_64.rpm
2026-07-20T23:00:12-0300 INFO Librepo version: 1.19.0 with CURL_GLOBAL_ACK_EINTR support (libcurl/7.76.1 OpenSSL/3.5.5 zlib/1.2.11 brotli/1.0.9 libidn2/2.3.0 libpsl/0.21.1 (+libidn2/2.3.0) libssh/0.10.4/openssl/zlib nghttp2/1.43.0)
2026-07-20T23:00:13-0300 INFO Downloading: https://repo.almalinux.org/almalinux/9/AppStream/x86_64/os/Packages/git-2.52.0-1.el9.x86_64.rpm
2026-07-20T23:00:13-0300 INFO Downloading: https://repo.almalinux.org/almalinux/9/AppStream/x86_64/os/Packages/git-core-2.52.0-1.el9.x86_64.rpm
2026-07-20T23:00:13-0300 INFO Downloading: https://repo.almalinux.org/almalinux/9/AppStream/x86_64/os/Packages/git-core-doc-2.52.0-1.el9.noarch.rpm
2026-07-20T23:00:13-0300 INFO Downloading: https://repo.almalinux.org/almalinux/9/AppStream/x86_64/os/Packages/perl-AutoLoader-5.74-481.1.el9_6.noarch.rpm
2026-07-20T23:00:13-0300 INFO Downloading: https://repo.almalinux.org/almalinux/9/AppStream/x86_64/os/Packages/perl-B-1.80-481.1.el9_6.x86_64.rpm
2026-07-20T23:00:13-0300 INFO Downloading: https://repo.almalinux.org/almalinux/9/AppStream/x86_64/os/Packages/perl-Carp-1.50-460.el9.noarch.rpm
2026-07-20T23:00:13-0300 INFO Downloading: https://repo.almalinux.org/almalinux/9/AppStream/x86_64/os/Packages/perl-Class-Struct-0.66-481.1.el9_6.noarch.rpm
2026-07-20T23:00:13-0300 INFO Downloading: https://repo.almalinux.org/almalinux/9/AppStream/x86_64/os/Packages/perl-Data-Dumper-2.174-462.el9.x86_64.rpm
2026-07-20T23:00:13-0300 INFO Downloading: https://repo.almalinux.org/almalinux/9/AppStream/x86_64/os/Packages/perl-Digest-1.19-4.el9.noarch.rpm
2026-07-20T23:00:13-0300 INFO Downloading: https://repo.almalinux.org/almalinux/9/AppStream/x86_64/os/Packages/perl-Digest-MD5-2.58-4.el9.x86_64.rpm
2026-07-20T23:00:13-0300 INFO Downloading: https://repo.almalinux.org/almalinux/9/AppStream/x86_64/os/Packages/perl-DynaLoader-1.47-481.1.el9_6.x86_64.rpm
2026-07-20T23:00:13-0300 INFO Downloading: https://repo.almalinux.org/almalinux/9/AppStream/x86_64/os/Packages/perl-Encode-3.08-462.el9.x86_64.rpm
2026-07-20T23:00:13-0300 INFO Downloading: https://repo.almalinux.org/almalinux/9/AppStream/x86_64/os/Packages/perl-Errno-1.30-481.1.el9_6.x86_64.rpm
2026-07-20T23:00:13-0300 INFO Downloading: https://repo.almalinux.org/almalinux/9/AppStream/x86_64/os/Packages/perl-Error-0.17029-7.el9.noarch.rpm
2026-07-20T23:00:13-0300 INFO Downloading: https://repo.almalinux.org/almalinux/9/AppStream/x86_64/os/Packages/perl-Exporter-5.74-461.el9.noarch.rpm
2026-07-20T23:00:13-0300 INFO Downloading: https://repo.almalinux.org/almalinux/9/AppStream/x86_64/os/Packages/perl-Fcntl-1.13-481.1.el9_6.x86_64.rpm
2026-07-20T23:00:13-0300 INFO Downloading: https://repo.almalinux.org/almalinux/9/AppStream/x86_64/os/Packages/perl-File-Basename-2.85-481.1.el9_6.noarch.rpm
2026-07-20T23:00:13-0300 INFO Downloading: https://repo.almalinux.org/almalinux/9/AppStream/x86_64/os/Packages/perl-File-Path-2.18-4.el9.noarch.rpm
2026-07-20T23:00:13-0300 INFO Downloading: https://repo.almalinux.org/almalinux/9/AppStream/x86_64/os/Packages/perl-File-Temp-0.231.100-4.el9.noarch.rpm
2026-07-20T23:00:13-0300 INFO Downloading: https://repo.almalinux.org/almalinux/9/AppStream/x86_64/os/Packages/perl-File-stat-1.09-481.1.el9_6.noarch.rpm
2026-07-20T23:00:13-0300 INFO Downloading: https://repo.almalinux.org/almalinux/9/AppStream/x86_64/os/Packages/perl-FileHandle-2.03-481.1.el9_6.noarch.rpm
2026-07-20T23:00:13-0300 INFO Downloading: https://repo.almalinux.org/almalinux/9/AppStream/x86_64/os/Packages/perl-Getopt-Long-2.52-4.el9.noarch.rpm
2026-07-20T23:00:13-0300 INFO Downloading: https://repo.almalinux.org/almalinux/9/AppStream/x86_64/os/Packages/perl-Getopt-Std-1.12-481.1.el9_6.noarch.rpm
2026-07-20T23:00:13-0300 INFO Downloading: https://repo.almalinux.org/almalinux/9/AppStream/x86_64/os/Packages/perl-Git-2.52.0-1.el9.noarch.rpm
2026-07-20T23:00:13-0300 INFO Downloading: https://repo.almalinux.org/almalinux/9/AppStream/x86_64/os/Packages/perl-HTTP-Tiny-0.076-462.el9.noarch.rpm
2026-07-20T23:00:13-0300 INFO Downloading: https://repo.almalinux.org/almalinux/9/AppStream/x86_64/os/Packages/perl-IO-1.43-481.1.el9_6.x86_64.rpm
2026-07-20T23:00:13-0300 INFO Downloading: https://repo.almalinux.org/almalinux/9/AppStream/x86_64/os/Packages/perl-IO-Socket-IP-0.41-5.el9.noarch.rpm
2026-07-20T23:00:13-0300 INFO Downloading: https://repo.almalinux.org/almalinux/9/AppStream/x86_64/os/Packages/perl-IO-Socket-SSL-2.073-2.el9.noarch.rpm
2026-07-20T23:00:13-0300 INFO Downloading: https://repo.almalinux.org/almalinux/9/AppStream/x86_64/os/Packages/perl-IPC-Open3-1.21-481.1.el9_6.noarch.rpm
2026-07-20T23:00:13-0300 INFO Downloading: https://repo.almalinux.org/almalinux/9/AppStream/x86_64/os/Packages/perl-MIME-Base64-3.16-4.el9.x86_64.rpm
2026-07-20T23:00:13-0300 INFO Downloading: https://repo.almalinux.org/almalinux/9/AppStream/x86_64/os/Packages/perl-Mozilla-CA-20200520-6.el9.noarch.rpm
2026-07-20T23:00:13-0300 INFO Downloading: https://repo.almalinux.org/almalinux/9/AppStream/x86_64/os/Packages/perl-NDBM_File-1.15-481.1.el9_6.x86_64.rpm
2026-07-20T23:00:13-0300 INFO Downloading: https://repo.almalinux.org/almalinux/9/AppStream/x86_64/os/Packages/perl-Net-SSLeay-1.94-3.el9.x86_64.rpm
2026-07-20T23:00:13-0300 INFO Downloading: https://repo.almalinux.org/almalinux/9/AppStream/x86_64/os/Packages/perl-POSIX-1.94-481.1.el9_6.x86_64.rpm
2026-07-20T23:00:13-0300 INFO Downloading: https://repo.almalinux.org/almalinux/9/AppStream/x86_64/os/Packages/perl-PathTools-3.78-461.el9.x86_64.rpm
2026-07-20T23:00:13-0300 INFO Downloading: https://repo.almalinux.org/almalinux/9/AppStream/x86_64/os/Packages/perl-Pod-Escapes-1.07-460.el9.noarch.rpm
2026-07-20T23:00:13-0300 INFO Downloading: https://repo.almalinux.org/almalinux/9/AppStream/x86_64/os/Packages/perl-Pod-Perldoc-3.28.01-461.el9.noarch.rpm
2026-07-20T23:00:13-0300 INFO Downloading: https://repo.almalinux.org/almalinux/9/AppStream/x86_64/os/Packages/perl-Pod-Simple-3.42-4.el9.noarch.rpm
2026-07-20T23:00:13-0300 INFO Downloading: https://repo.almalinux.org/almalinux/9/AppStream/x86_64/os/Packages/perl-Pod-Usage-2.01-4.el9.noarch.rpm
2026-07-20T23:00:13-0300 INFO Downloading: https://repo.almalinux.org/almalinux/9/AppStream/x86_64/os/Packages/perl-Scalar-List-Utils-1.56-462.el9.x86_64.rpm
2026-07-20T23:00:13-0300 INFO Downloading: https://repo.almalinux.org/almalinux/9/AppStream/x86_64/os/Packages/perl-SelectSaver-1.02-481.1.el9_6.noarch.rpm
2026-07-20T23:00:13-0300 INFO Downloading: https://repo.almalinux.org/almalinux/9/AppStream/x86_64/os/Packages/perl-Socket-2.031-4.el9.x86_64.rpm
2026-07-20T23:00:13-0300 INFO Downloading: https://repo.almalinux.org/almalinux/9/AppStream/x86_64/os/Packages/perl-Storable-3.21-460.el9.x86_64.rpm
2026-07-20T23:00:13-0300 INFO Downloading: https://repo.almalinux.org/almalinux/9/AppStream/x86_64/os/Packages/perl-Symbol-1.08-481.1.el9_6.noarch.rpm
2026-07-20T23:00:13-0300 INFO Downloading: https://repo.almalinux.org/almalinux/9/AppStream/x86_64/os/Packages/perl-Term-ANSIColor-5.01-461.el9.noarch.rpm
2026-07-20T23:00:13-0300 INFO Downloading: https://repo.almalinux.org/almalinux/9/AppStream/x86_64/os/Packages/perl-Term-Cap-1.17-460.el9.noarch.rpm
2026-07-20T23:00:13-0300 INFO Downloading: https://repo.almalinux.org/almalinux/9/AppStream/x86_64/os/Packages/perl-TermReadKey-2.38-11.el9.x86_64.rpm
2026-07-20T23:00:13-0300 INFO Downloading: https://repo.almalinux.org/almalinux/9/AppStream/x86_64/os/Packages/perl-Text-ParseWords-3.30-460.el9.noarch.rpm
2026-07-20T23:00:13-0300 INFO Downloading: https://repo.almalinux.org/almalinux/9/AppStream/x86_64/os/Packages/perl-Text-Tabs%2bWrap-2013.0523-460.el9.noarch.rpm
2026-07-20T23:00:13-0300 INFO Downloading: https://repo.almalinux.org/almalinux/9/AppStream/x86_64/os/Packages/perl-Time-Local-1.300-7.el9.noarch.rpm
2026-07-20T23:00:13-0300 INFO Downloading: https://repo.almalinux.org/almalinux/9/AppStream/x86_64/os/Packages/perl-URI-5.09-3.el9.noarch.rpm
2026-07-20T23:00:13-0300 INFO Downloading: https://repo.almalinux.org/almalinux/9/AppStream/x86_64/os/Packages/perl-base-2.27-481.1.el9_6.noarch.rpm
2026-07-20T23:00:13-0300 INFO Downloading: https://repo.almalinux.org/almalinux/9/AppStream/x86_64/os/Packages/perl-constant-1.33-461.el9.noarch.rpm
2026-07-20T23:00:13-0300 INFO Downloading: https://repo.almalinux.org/almalinux/9/AppStream/x86_64/os/Packages/perl-if-0.60.800-481.1.el9_6.noarch.rpm
2026-07-20T23:00:13-0300 INFO Downloading: https://repo.almalinux.org/almalinux/9/AppStream/x86_64/os/Packages/perl-interpreter-5.32.1-481.1.el9_6.x86_64.rpm
2026-07-20T23:00:13-0300 INFO Downloading: https://repo.almalinux.org/almalinux/9/AppStream/x86_64/os/Packages/perl-lib-0.65-481.1.el9_6.x86_64.rpm
2026-07-20T23:00:13-0300 INFO Downloading: https://repo.almalinux.org/almalinux/9/AppStream/x86_64/os/Packages/perl-libnet-3.13-4.el9.noarch.rpm
2026-07-20T23:00:13-0300 INFO Downloading: https://repo.almalinux.org/almalinux/9/AppStream/x86_64/os/Packages/perl-libs-5.32.1-481.1.el9_6.x86_64.rpm
2026-07-20T23:00:13-0300 INFO Downloading: https://repo.almalinux.org/almalinux/9/AppStream/x86_64/os/Packages/perl-mro-1.23-481.1.el9_6.x86_64.rpm
2026-07-20T23:00:13-0300 INFO Downloading: https://repo.almalinux.org/almalinux/9/AppStream/x86_64/os/Packages/perl-overload-1.31-481.1.el9_6.noarch.rpm
2026-07-20T23:00:13-0300 INFO Downloading: https://repo.almalinux.org/almalinux/9/AppStream/x86_64/os/Packages/perl-overloading-0.02-481.1.el9_6.noarch.rpm
2026-07-20T23:00:13-0300 INFO Downloading: https://repo.almalinux.org/almalinux/9/AppStream/x86_64/os/Packages/perl-parent-0.238-460.el9.noarch.rpm
2026-07-20T23:00:13-0300 INFO Downloading: https://repo.almalinux.org/almalinux/9/AppStream/x86_64/os/Packages/perl-podlators-4.14-460.el9.noarch.rpm
2026-07-20T23:00:13-0300 INFO Downloading: https://repo.almalinux.org/almalinux/9/AppStream/x86_64/os/Packages/perl-subs-1.03-481.1.el9_6.noarch.rpm
2026-07-20T23:00:13-0300 INFO Downloading: https://repo.almalinux.org/almalinux/9/AppStream/x86_64/os/Packages/perl-vars-1.05-481.1.el9_6.noarch.rpm
2026-07-20T23:01:55-0300 INFO Librepo version: 1.19.0 with CURL_GLOBAL_ACK_EINTR support (libcurl/7.76.1 OpenSSL/3.5.5 zlib/1.2.11 brotli/1.0.9 libidn2/2.3.0 libpsl/0.21.1 (+libidn2/2.3.0) libssh/0.10.4/openssl/zlib nghttp2/1.43.0)
2026-07-20T23:02:00-0300 INFO Librepo version: 1.19.0 with CURL_GLOBAL_ACK_EINTR support (libcurl/7.76.1 OpenSSL/3.5.5 zlib/1.2.11 brotli/1.0.9 libidn2/2.3.0 libpsl/0.21.1 (+libidn2/2.3.0) libssh/0.10.4/openssl/zlib nghttp2/1.43.0)
2026-07-20T23:02:06-0300 INFO Librepo version: 1.19.0 with CURL_GLOBAL_ACK_EINTR support (libcurl/7.76.1 OpenSSL/3.5.5 zlib/1.2.11 brotli/1.0.9 libidn2/2.3.0 libpsl/0.21.1 (+libidn2/2.3.0) libssh/0.10.4/openssl/zlib nghttp2/1.43.0)
2026-07-20T23:02:09-0300 INFO Downloading: https://repo.almalinux.org/almalinux/9/AppStream/x86_64/os/Packages/python3-pip-21.3.1-2.el9_8.noarch.rpm
2026-07-20T23:03:26-0300 INFO Librepo version: 1.19.0 with CURL_GLOBAL_ACK_EINTR support (libcurl/7.76.1 OpenSSL/3.5.5 zlib/1.2.11 brotli/1.0.9 libidn2/2.3.0 libpsl/0.21.1 (+libidn2/2.3.0) libssh/0.10.4/openssl/zlib nghttp2/1.43.0)
2026-07-20T23:03:28-0300 INFO Downloading: https://repo.almalinux.org/almalinux/9/BaseOS/x86_64/os/Packages/unzip-6.0-60.el9.x86_64.rpm
2026-07-20T23:03:28-0300 INFO Downloading: https://repo.almalinux.org/almalinux/9/BaseOS/x86_64/os/Packages/zip-3.0-35.el9.x86_64.rpm
