[   133.313] (WW) Failed to open protocol names file /usr/lib64/xorg/protocol.txt
[   133.313] 
X.Org X Server 1.20.11
X Protocol Version 11, Revision 0
[   133.313] Build Operating System:  4.18.0-425.10.1.el8_7.x86_64 
[   133.313] Current Operating System: Linux localhost.localdomain 5.14.0-362.8.1.el9_3.x86_64 #1 SMP PREEMPT_DYNAMIC Tue Oct 3 11:12:36 EDT 2023 x86_64
[   133.313] Kernel command line: BOOT_IMAGE=vmlinuz initrd=initrd.img inst.stage2=hd:LABEL=RHEL-9-3-0-BaseOS-x86_64 rd.live.check quiet
[   133.313] Build Date: 06 June 2023  12:00:00AM
[   133.313] Build ID: xorg-x11-server 1.20.11-19.el9 
[   133.313] Current version of pixman: 0.40.0
[   133.314] 	Before reporting problems, check http://wiki.x.org
	to make sure that you have the latest version.
[   133.314] Markers: (--) probed, (**) from config file, (==) default setting,
	(++) from command line, (!!) notice, (II) informational,
	(WW) warning, (EE) error, (NI) not implemented, (??) unknown.
[   133.314] (++) Log file: "/tmp/X.log", Time: Mon Jul 20 11:27:26 2026
[   133.337] (==) Using config directory: "/etc/X11/xorg.conf.d"
[   133.337] (==) Using system config directory "/usr/share/X11/xorg.conf.d"
[   133.343] (==) No Layout section.  Using the first Screen section.
[   133.343] (==) No screen section available. Using defaults.
[   133.343] (**) |-->Screen "Default Screen Section" (0)
[   133.343] (**) |   |-->Monitor "<default monitor>"
[   133.343] (==) No monitor specified for screen "Default Screen Section".
	Using a default monitor configuration.
[   133.343] (==) Automatically adding devices
[   133.343] (==) Automatically enabling devices
[   133.343] (==) Automatically adding GPU devices
[   133.343] (==) Automatically binding GPU devices
[   133.343] (==) Max clients allowed: 256, resource mask: 0x1fffff
[   133.343] (==) FontPath set to:
	catalogue:/etc/X11/fontpath.d,
	built-ins
[   133.343] (==) ModulePath set to "/usr/lib64/xorg/modules"
[   133.343] (II) The server relies on udev to provide the list of input devices.
	If no devices become available, reconfigure udev or disable AutoAddDevices.
[   133.343] (II) Loader magic: 0x55ae2875ed40
[   133.343] (II) Module ABI versions:
[   133.343] 	X.Org ANSI C Emulation: 0.4
[   133.343] 	X.Org Video Driver: 24.1
[   133.343] 	X.Org XInput driver : 24.1
[   133.343] 	X.Org Server Extension : 10.0
[   133.345] (++) using VT number 6

[   133.345] (II) systemd-logind: logind integration requires -keeptty and -keeptty was not provided, disabling logind integration
[   133.347] (II) xfree86: Adding drm device (/dev/dri/card0)
[   133.357] (--) PCI:*(0@0:2:0) 1234:1111:1af4:1100 rev 2, Mem @ 0xfd000000/16777216, 0xfea50000/4096, BIOS @ 0x????????/131072
[   133.357] (II) LoadModule: "glx"
[   133.359] (II) Loading /usr/lib64/xorg/modules/extensions/libglx.so
[   133.400] (II) Module glx: vendor="X.Org Foundation"
[   133.400] 	compiled for 1.20.11, module version = 1.0.0
[   133.400] 	ABI class: X.Org Server Extension, version 10.0
[   133.400] (==) Matched modesetting as autoconfigured driver 0
[   133.400] (==) Matched fbdev as autoconfigured driver 1
[   133.400] (==) Matched vesa as autoconfigured driver 2
[   133.400] (==) Assigned the driver to the xf86ConfigLayout
[   133.400] (II) LoadModule: "modesetting"
[   133.401] (II) Loading /usr/lib64/xorg/modules/drivers/modesetting_drv.so
[   133.424] (II) Module modesetting: vendor="X.Org Foundation"
[   133.424] 	compiled for 1.20.11, module version = 1.20.11
[   133.424] 	Module class: X.Org Video Driver
[   133.424] 	ABI class: X.Org Video Driver, version 24.1
[   133.424] (II) LoadModule: "fbdev"
[   133.424] (II) Loading /usr/lib64/xorg/modules/drivers/fbdev_drv.so
[   133.425] (II) Module fbdev: vendor="X.Org Foundation"
[   133.425] 	compiled for 1.20.11, module version = 0.5.0
[   133.425] 	Module class: X.Org Video Driver
[   133.425] 	ABI class: X.Org Video Driver, version 24.1
[   133.425] (II) LoadModule: "vesa"
[   133.425] (WW) Warning, couldn't open module vesa
[   133.425] (EE) Failed to load module "vesa" (module does not exist, 0)
[   133.425] (II) modesetting: Driver for Modesetting Kernel Drivers: kms
[   133.425] (II) FBDEV: driver for framebuffer: fbdev
[   133.434] (II) modeset(0): using drv /dev/dri/card0
[   133.434] (II) modeset(0): Creating default Display subsection in Screen section
	"Default Screen Section" for depth/fbbpp 24/32
[   133.434] (==) modeset(0): Depth 24, (==) framebuffer bpp 32
[   133.434] (==) modeset(0): RGB weight 888
[   133.434] (==) modeset(0): Default visual is TrueColor
[   133.434] (II) Loading sub module "glamoregl"
[   133.434] (II) LoadModule: "glamoregl"
[   133.434] (II) Loading /usr/lib64/xorg/modules/libglamoregl.so
[   133.482] (II) Module glamoregl: vendor="X.Org Foundation"
[   133.482] 	compiled for 1.20.11, module version = 1.0.1
[   133.482] 	ABI class: X.Org ANSI C Emulation, version 0.4
[   137.479] (II) modeset(0): Refusing to try glamor on llvmpipe
[   137.482] (EE) modeset(0): glamor initialization failed
[   137.482] (II) modeset(0): ShadowFB: preferred NO, enabled NO
[   137.483] (II) modeset(0): Output Virtual-1 has no monitor section
[   137.484] (II) modeset(0): EDID for output Virtual-1
[   137.484] (II) modeset(0): Manufacturer: RHT  Model: 1234  Serial#: 0
[   137.484] (II) modeset(0): Year: 2014  Week: 42
[   137.484] (II) modeset(0): EDID Version: 1.4
[   137.484] (II) modeset(0): Digital Display Input
[   137.484] (II) modeset(0): 8 bits per channel
[   137.484] (II) modeset(0): Digital interface is DisplayPort
[   137.484] (II) modeset(0): Max Image Size [cm]: horiz.: 32  vert.: 20
[   137.484] (II) modeset(0): Gamma: 2.20
[   137.484] (II) modeset(0): No DPMS capabilities specified
[   137.484] (II) modeset(0): Supported color encodings: RGB 4:4:4 
[   137.484] (II) modeset(0): Default color space is primary color space
[   137.484] (II) modeset(0): First detailed timing is preferred mode
[   137.484] (II) modeset(0): Preferred mode is native pixel format and refresh rate
[   137.484] (II) modeset(0): redX: 0.640 redY: 0.330   greenX: 0.300 greenY: 0.600
[   137.484] (II) modeset(0): blueX: 0.150 blueY: 0.060   whiteX: 0.312 whiteY: 0.329
[   137.484] (II) modeset(0): Supported established timings:
[   137.484] (II) modeset(0): 640x480@60Hz
[   137.484] (II) modeset(0): 800x600@60Hz
[   137.484] (II) modeset(0): 1024x768@60Hz
[   137.484] (II) modeset(0): Manufacturer's mask: 0
[   137.484] (II) modeset(0): Supported standard timings:
[   137.484] (II) modeset(0): #0: hsize: 2048  vsize 1152  refresh: 60  vid: 49377
[   137.484] (II) modeset(0): #1: hsize: 1920  vsize 1080  refresh: 60  vid: 49361
[   137.484] (II) modeset(0): #2: hsize: 1920  vsize 1200  refresh: 60  vid: 209
[   137.484] (II) modeset(0): #3: hsize: 1600  vsize 1200  refresh: 60  vid: 16553
[   137.484] (II) modeset(0): #4: hsize: 1680  vsize 1050  refresh: 60  vid: 179
[   137.484] (II) modeset(0): #5: hsize: 1440  vsize 900  refresh: 60  vid: 149
[   137.484] (II) modeset(0): #6: hsize: 1280  vsize 1024  refresh: 60  vid: 32897
[   137.484] (II) modeset(0): #7: hsize: 1280  vsize 960  refresh: 60  vid: 16513
[   137.484] (II) modeset(0): Supported detailed timing:
[   137.484] (II) modeset(0): clock: 107.3 MHz   Image Size:  325 x 203 mm
[   137.484] (II) modeset(0): h_active: 1280  h_sync: 1600  h_sync_end 1638 h_blank_end 1728 h_border: 0
[   137.484] (II) modeset(0): v_active: 800  v_sync: 804  v_sync_end 808 v_blanking: 828 v_border: 0
[   137.484] (II) modeset(0): Established timings III: (not decoded)
[   137.484] (II) modeset(0): Ranges: V min: 50 V max: 125 Hz, H min: 30 H max: 160 kHz,
[   137.484] (II) modeset(0): Monitor name: QEMU Monitor
[   137.484] (II) modeset(0): Number of EDID sections to follow: 1
[   137.484] (II) modeset(0): EDID (in hex):
[   137.484] (II) modeset(0): 	00ffffffffffff004914341200000000
[   137.484] (II) modeset(0): 	2a180104a520147806ee91a3544c9926
[   137.484] (II) modeset(0): 	0f5054210800e1c0d1c0d100a940b300
[   137.484] (II) modeset(0): 	950081808140ea2900c051201c304026
[   137.484] (II) modeset(0): 	444045cb10000018000000f7000a0040
[   137.484] (II) modeset(0): 	82002820000000000000000000fd0032
[   137.484] (II) modeset(0): 	7d1ea0ff010a202020202020000000fc
[   137.484] (II) modeset(0): 	0051454d55204d6f6e69746f720a013a
[   137.484] (II) modeset(0): 	02030b00467d6560591f610000001000
[   137.484] (II) modeset(0): 	00000000000000000000000000000000
[   137.484] (II) modeset(0): 	10000000000000000000000000000000
[   137.484] (II) modeset(0): 	00001000000000000000000000000000
[   137.484] (II) modeset(0): 	00000000100000000000000000000000
[   137.484] (II) modeset(0): 	00000000000010000000000000000000
[   137.484] (II) modeset(0): 	00000000000000001000000000000000
[   137.484] (II) modeset(0): 	0000000000000000000000000000002f
[   137.484] (II) modeset(0): Printing probed modes for output Virtual-1
[   137.485] (II) modeset(0): Modeline "1280x800"x75.0  107.30  1280 1600 1638 1728  800 804 808 828 -hsync -vsync (62.1 kHz eP)
[   137.485] (II) modeset(0): Modeline "1920x1080"x60.0  148.50  1920 2008 2052 2200  1080 1084 1089 1125 -hsync -vsync (67.5 kHz e)
[   137.485] (II) modeset(0): Modeline "1920x1080"x50.0  148.50  1920 2448 2492 2640  1080 1084 1089 1125 +hsync +vsync (56.2 kHz e)
[   137.485] (II) modeset(0): Modeline "1600x1200"x60.0  162.00  1600 1664 1856 2160  1200 1201 1204 1250 +hsync +vsync (75.0 kHz e)
[   137.485] (II) modeset(0): Modeline "1680x1050"x60.0  146.25  1680 1784 1960 2240  1050 1053 1059 1089 -hsync +vsync (65.3 kHz e)
[   137.485] (II) modeset(0): Modeline "1400x1050"x60.0  121.75  1400 1488 1632 1864  1050 1053 1057 1089 -hsync +vsync (65.3 kHz e)
[   137.485] (II) modeset(0): Modeline "1280x1024"x60.0  108.00  1280 1328 1440 1688  1024 1025 1028 1066 +hsync +vsync (64.0 kHz e)
[   137.485] (II) modeset(0): Modeline "1440x900"x59.9  106.50  1440 1520 1672 1904  900 903 909 934 -hsync +vsync (55.9 kHz e)
[   137.485] (II) modeset(0): Modeline "1280x960"x60.0  108.00  1280 1376 1488 1800  960 961 964 1000 +hsync +vsync (60.0 kHz e)
[   137.485] (II) modeset(0): Modeline "1360x768"x60.0   85.50  1360 1424 1536 1792  768 771 777 795 +hsync +vsync (47.7 kHz e)
[   137.485] (II) modeset(0): Modeline "1280x768"x59.9   79.50  1280 1344 1472 1664  768 771 778 798 -hsync +vsync (47.8 kHz e)
[   137.485] (II) modeset(0): Modeline "1024x768"x60.0   65.00  1024 1048 1184 1344  768 771 777 806 -hsync -vsync (48.4 kHz e)
[   137.485] (II) modeset(0): Modeline "800x600"x60.3   40.00  800 840 968 1056  600 601 605 628 +hsync +vsync (37.9 kHz e)
[   137.485] (II) modeset(0): Modeline "640x480"x60.0   25.20  640 656 752 800  480 490 492 525 -hsync -vsync (31.5 kHz e)
[   137.485] (II) modeset(0): Modeline "640x480"x59.9   25.18  640 656 752 800  480 490 492 525 -hsync -vsync (31.5 kHz e)
[   137.485] (II) modeset(0): Output Virtual-1 connected
[   137.485] (II) modeset(0): Using exact sizes for initial modes
[   137.485] (II) modeset(0): Output Virtual-1 using initial mode 1280x800 +0+0
[   137.485] (==) modeset(0): Using gamma correction (1.0, 1.0, 1.0)
[   137.485] (++) modeset(0): DPI set to (96, 96)
[   137.485] (II) Loading sub module "fb"
[   137.485] (II) LoadModule: "fb"
[   137.485] (II) Module "fb" already built-in
[   137.485] (II) UnloadModule: "fbdev"
[   137.485] (II) Unloading fbdev
[   137.508] (==) modeset(0): Backing store enabled
[   137.508] (==) modeset(0): Silken mouse enabled
[   137.509] (II) modeset(0): Initializing kms color map for depth 24, 8 bpc.
[   137.509] (==) modeset(0): DPMS enabled
[   137.509] (II) Initializing extension Generic Event Extension
[   137.509] (II) Initializing extension SHAPE
[   137.509] (II) Initializing extension MIT-SHM
[   137.509] (II) Initializing extension XInputExtension
[   137.509] (II) Initializing extension XTEST
[   137.509] (II) Initializing extension BIG-REQUESTS
[   137.509] (II) Initializing extension SYNC
[   137.509] (II) Initializing extension XKEYBOARD
[   137.510] (II) Initializing extension XC-MISC
[   137.510] (II) Initializing extension SECURITY
[   137.510] (II) Initializing extension XFIXES
[   137.510] (II) Initializing extension RENDER
[   137.510] (II) Initializing extension RANDR
[   137.510] (II) Initializing extension COMPOSITE
[   137.510] (II) Initializing extension DAMAGE
[   137.510] (II) Initializing extension MIT-SCREEN-SAVER
[   137.510] (II) Initializing extension DOUBLE-BUFFER
[   137.510] (II) Initializing extension RECORD
[   137.510] (II) Initializing extension DPMS
[   137.510] (II) Initializing extension Present
[   137.510] (II) Initializing extension DRI3
[   137.510] (II) Initializing extension X-Resource
[   137.510] (II) Initializing extension XVideo
[   137.510] (II) Initializing extension XVideo-MotionCompensation
[   137.510] (II) Initializing extension SELinux
[   137.510] (II) SELinux: Disabled by boolean
[   137.510] (II) Initializing extension GLX
[   137.510] (II) AIGLX: Screen 0 is not DRI2 capable
[   137.529] (II) IGLX: Loaded and initialized swrast
[   137.529] (II) GLX: Initialized DRISWRAST GL provider for screen 0
[   137.529] (II) Initializing extension XFree86-VidModeExtension
[   137.529] (II) Initializing extension XFree86-DGA
[   137.529] (II) Initializing extension DRI2
[   137.530] (II) modeset(0): Damage tracking initialized
[   137.530] (II) modeset(0): Setting screen physical size to 338 x 211
[   137.808] (II) config/udev: Adding input device Power Button (/dev/input/event0)
[   137.808] (**) Power Button: Applying InputClass "evdev keyboard catchall"
[   137.808] (**) Power Button: Applying InputClass "libinput keyboard catchall"
[   137.808] (II) LoadModule: "libinput"
[   137.808] (II) Loading /usr/lib64/xorg/modules/input/libinput_drv.so
[   137.823] (II) Module libinput: vendor="X.Org Foundation"
[   137.823] 	compiled for 1.20.11, module version = 1.0.1
[   137.823] 	Module class: X.Org XInput Driver
[   137.823] 	ABI class: X.Org XInput driver, version 24.1
[   137.823] (II) Using input driver 'libinput' for 'Power Button'
[   137.823] (**) Power Button: always reports core events
[   137.823] (**) Option "Device" "/dev/input/event0"
[   137.823] (**) Option "_source" "server/udev"
[   137.842] (II) event0  - Power Button: is tagged by udev as: Keyboard
[   137.843] (II) event0  - Power Button: device is a keyboard
[   137.843] (II) event0  - Power Button: device removed
[   137.851] (**) Option "config_info" "udev:/sys/devices/LNXSYSTM:00/LNXPWRBN:00/input/input0/event0"
[   137.851] (II) XINPUT: Adding extended input device "Power Button" (type: KEYBOARD, id 6)
[   137.853] (II) event0  - Power Button: is tagged by udev as: Keyboard
[   137.853] (II) event0  - Power Button: device is a keyboard
[   137.856] (II) config/udev: Adding input device QEMU QEMU USB Tablet (/dev/input/event4)
[   137.856] (**) QEMU QEMU USB Tablet: Applying InputClass "evdev pointer catchall"
[   137.856] (**) QEMU QEMU USB Tablet: Applying InputClass "libinput pointer catchall"
[   137.856] (II) Using input driver 'libinput' for 'QEMU QEMU USB Tablet'
[   137.856] (**) QEMU QEMU USB Tablet: always reports core events
[   137.856] (**) Option "Device" "/dev/input/event4"
[   137.856] (**) Option "_source" "server/udev"
[   137.988] (II) event4  - QEMU QEMU USB Tablet: is tagged by udev as: Mouse
[   137.989] (II) event4  - QEMU QEMU USB Tablet: device is a pointer
[   137.990] (II) event4  - QEMU QEMU USB Tablet: device removed
[   138.005] (**) Option "config_info" "udev:/sys/devices/pci0000:00/0000:00:01.2/usb1/1-1/1-1:1.0/0003:0627:0001.0001/input/input5/event4"
[   138.005] (II) XINPUT: Adding extended input device "QEMU QEMU USB Tablet" (type: MOUSE, id 7)
[   138.005] (**) Option "AccelerationScheme" "none"
[   138.005] (**) QEMU QEMU USB Tablet: (accel) selected scheme none/0
[   138.005] (**) QEMU QEMU USB Tablet: (accel) acceleration factor: 2.000
[   138.005] (**) QEMU QEMU USB Tablet: (accel) acceleration threshold: 4
[   138.061] (II) event4  - QEMU QEMU USB Tablet: is tagged by udev as: Mouse
[   138.062] (II) event4  - QEMU QEMU USB Tablet: device is a pointer
[   138.065] (II) config/udev: Adding input device QEMU QEMU USB Tablet (/dev/input/js0)
[   138.065] (II) No input driver specified, ignoring this device.
[   138.065] (II) This device may have been added with another device file.
[   138.067] (II) config/udev: Adding input device QEMU QEMU USB Tablet (/dev/input/mouse2)
[   138.067] (II) No input driver specified, ignoring this device.
[   138.067] (II) This device may have been added with another device file.
[   138.069] (II) config/udev: Adding input device AT Translated Set 2 keyboard (/dev/input/event1)
[   138.069] (**) AT Translated Set 2 keyboard: Applying InputClass "evdev keyboard catchall"
[   138.069] (**) AT Translated Set 2 keyboard: Applying InputClass "libinput keyboard catchall"
[   138.069] (II) Using input driver 'libinput' for 'AT Translated Set 2 keyboard'
[   138.069] (**) AT Translated Set 2 keyboard: always reports core events
[   138.069] (**) Option "Device" "/dev/input/event1"
[   138.069] (**) Option "_source" "server/udev"
[   138.072] (II) event1  - AT Translated Set 2 keyboard: is tagged by udev as: Keyboard
[   138.072] (II) event1  - AT Translated Set 2 keyboard: device is a keyboard
[   138.073] (II) event1  - AT Translated Set 2 keyboard: device removed
[   138.085] (**) Option "config_info" "udev:/sys/devices/platform/i8042/serio0/input/input1/event1"
[   138.085] (II) XINPUT: Adding extended input device "AT Translated Set 2 keyboard" (type: KEYBOARD, id 8)
[   138.088] (II) event1  - AT Translated Set 2 keyboard: is tagged by udev as: Keyboard
[   138.088] (II) event1  - AT Translated Set 2 keyboard: device is a keyboard
[   138.090] (II) config/udev: Adding input device VirtualPS/2 VMware VMMouse (/dev/input/event3)
[   138.090] (**) VirtualPS/2 VMware VMMouse: Applying InputClass "evdev pointer catchall"
[   138.090] (**) VirtualPS/2 VMware VMMouse: Applying InputClass "libinput pointer catchall"
[   138.090] (II) Using input driver 'libinput' for 'VirtualPS/2 VMware VMMouse'
[   138.090] (**) VirtualPS/2 VMware VMMouse: always reports core events
[   138.090] (**) Option "Device" "/dev/input/event3"
[   138.090] (**) Option "_source" "server/udev"
[   138.093] (II) event3  - VirtualPS/2 VMware VMMouse: is tagged by udev as: Mouse
[   138.093] (II) event3  - VirtualPS/2 VMware VMMouse: device is a pointer
[   138.094] (II) event3  - VirtualPS/2 VMware VMMouse: device removed
[   138.109] (**) Option "config_info" "udev:/sys/devices/platform/i8042/serio1/input/input3/event3"
[   138.109] (II) XINPUT: Adding extended input device "VirtualPS/2 VMware VMMouse" (type: MOUSE, id 9)
[   138.109] (**) Option "AccelerationScheme" "none"
[   138.109] (**) VirtualPS/2 VMware VMMouse: (accel) selected scheme none/0
[   138.109] (**) VirtualPS/2 VMware VMMouse: (accel) acceleration factor: 2.000
[   138.109] (**) VirtualPS/2 VMware VMMouse: (accel) acceleration threshold: 4
[   138.111] (II) event3  - VirtualPS/2 VMware VMMouse: is tagged by udev as: Mouse
[   138.112] (II) event3  - VirtualPS/2 VMware VMMouse: device is a pointer
[   138.114] (II) config/udev: Adding input device VirtualPS/2 VMware VMMouse (/dev/input/mouse1)
[   138.114] (II) No input driver specified, ignoring this device.
[   138.114] (II) This device may have been added with another device file.
[   138.115] (II) config/udev: Adding input device VirtualPS/2 VMware VMMouse (/dev/input/event2)
[   138.115] (**) VirtualPS/2 VMware VMMouse: Applying InputClass "evdev pointer catchall"
[   138.116] (**) VirtualPS/2 VMware VMMouse: Applying InputClass "libinput pointer catchall"
[   138.116] (II) Using input driver 'libinput' for 'VirtualPS/2 VMware VMMouse'
[   138.116] (**) VirtualPS/2 VMware VMMouse: always reports core events
[   138.116] (**) Option "Device" "/dev/input/event2"
[   138.116] (**) Option "_source" "server/udev"
[   138.118] (II) event2  - VirtualPS/2 VMware VMMouse: is tagged by udev as: Mouse
[   138.119] (II) event2  - VirtualPS/2 VMware VMMouse: device is a pointer
[   138.120] (II) event2  - VirtualPS/2 VMware VMMouse: device removed
[   138.137] (**) Option "config_info" "udev:/sys/devices/platform/i8042/serio1/input/input4/event2"
[   138.137] (II) XINPUT: Adding extended input device "VirtualPS/2 VMware VMMouse" (type: MOUSE, id 10)
[   138.137] (**) Option "AccelerationScheme" "none"
[   138.137] (**) VirtualPS/2 VMware VMMouse: (accel) selected scheme none/0
[   138.137] (**) VirtualPS/2 VMware VMMouse: (accel) acceleration factor: 2.000
[   138.137] (**) VirtualPS/2 VMware VMMouse: (accel) acceleration threshold: 4
[   138.139] (II) event2  - VirtualPS/2 VMware VMMouse: is tagged by udev as: Mouse
[   138.140] (II) event2  - VirtualPS/2 VMware VMMouse: device is a pointer
[   138.142] (II) config/udev: Adding input device VirtualPS/2 VMware VMMouse (/dev/input/mouse0)
[   138.142] (II) No input driver specified, ignoring this device.
[   138.142] (II) This device may have been added with another device file.
[   138.144] (II) config/udev: Adding input device PC Speaker (/dev/input/event5)
[   138.144] (II) No input driver specified, ignoring this device.
[   138.144] (II) This device may have been added with another device file.
[   139.321] (II) modeset(0): EDID vendor "RHT", prod id 4660
[   139.321] (II) modeset(0): Using EDID range info for horizontal sync
[   139.321] (II) modeset(0): Using EDID range info for vertical refresh
[   139.321] (II) modeset(0): Printing DDC gathered Modelines:
[   139.321] (II) modeset(0): Modeline "1280x800"x0.0  107.30  1280 1600 1638 1728  800 804 808 828 -hsync -vsync (62.1 kHz eP)
[   139.321] (II) modeset(0): Modeline "1280x768"x0.0   79.50  1280 1344 1472 1664  768 771 778 798 -hsync +vsync (47.8 kHz e)
[   139.321] (II) modeset(0): Modeline "1360x768"x0.0   85.50  1360 1424 1536 1792  768 771 777 795 +hsync +vsync (47.7 kHz e)
[   139.321] (II) modeset(0): Modeline "1400x1050"x0.0  121.75  1400 1488 1632 1864  1050 1053 1057 1089 -hsync +vsync (65.3 kHz e)
[   139.322] (II) modeset(0): Modeline "1792x1344"x0.0  204.75  1792 1920 2120 2448  1344 1345 1348 1394 -hsync +vsync (83.6 kHz e)
[   139.322] (II) modeset(0): Modeline "1856x1392"x0.0  218.25  1856 1952 2176 2528  1392 1393 1396 1439 -hsync +vsync (86.3 kHz e)
[   139.322] (II) modeset(0): Modeline "1920x1440"x0.0  234.00  1920 2048 2256 2600  1440 1441 1444 1500 -hsync +vsync (90.0 kHz e)
[   139.322] (II) modeset(0): Modeline "1920x1080"x0.0  148.50  1920 2448 2492 2640  1080 1084 1089 1125 +hsync +vsync (56.2 kHz e)
[   139.322] (II) modeset(0): Modeline "800x600"x0.0   40.00  800 840 968 1056  600 601 605 628 +hsync +vsync (37.9 kHz e)
[   139.322] (II) modeset(0): Modeline "640x480"x0.0   25.18  640 656 752 800  480 490 492 525 -hsync -vsync (31.5 kHz e)
[   139.322] (II) modeset(0): Modeline "1024x768"x0.0   65.00  1024 1048 1184 1344  768 771 777 806 -hsync -vsync (48.4 kHz e)
[   139.322] (II) modeset(0): Modeline "2048x1152"x60.0  197.97  2048 2184 2408 2768  1152 1153 1156 1192 -hsync +vsync (71.5 kHz e)
[   139.322] (II) modeset(0): Modeline "1920x1080"x60.0  172.80  1920 2040 2248 2576  1080 1081 1084 1118 -hsync +vsync (67.1 kHz e)
[   139.322] (II) modeset(0): Modeline "1920x1200"x0.0  193.25  1920 2056 2256 2592  1200 1203 1209 1245 -hsync +vsync (74.6 kHz e)
[   139.322] (II) modeset(0): Modeline "1600x1200"x0.0  162.00  1600 1664 1856 2160  1200 1201 1204 1250 +hsync +vsync (75.0 kHz e)
[   139.322] (II) modeset(0): Modeline "1680x1050"x0.0  146.25  1680 1784 1960 2240  1050 1053 1059 1089 -hsync +vsync (65.3 kHz e)
[   139.322] (II) modeset(0): Modeline "1440x900"x0.0  106.50  1440 1520 1672 1904  900 903 909 934 -hsync +vsync (55.9 kHz e)
[   139.322] (II) modeset(0): Modeline "1280x1024"x0.0  108.00  1280 1328 1440 1688  1024 1025 1028 1066 +hsync +vsync (64.0 kHz e)
[   139.322] (II) modeset(0): Modeline "1280x960"x0.0  108.00  1280 1376 1488 1800  960 961 964 1000 +hsync +vsync (60.0 kHz e)
[   139.535] (II) modeset(0): EDID vendor "RHT", prod id 4660
[   139.536] (II) modeset(0): Using hsync ranges from config file
[   139.536] (II) modeset(0): Using vrefresh ranges from config file
[   139.536] (II) modeset(0): Printing DDC gathered Modelines:
[   139.536] (II) modeset(0): Modeline "1280x800"x0.0  107.30  1280 1600 1638 1728  800 804 808 828 -hsync -vsync (62.1 kHz eP)
[   139.536] (II) modeset(0): Modeline "1280x768"x0.0   79.50  1280 1344 1472 1664  768 771 778 798 -hsync +vsync (47.8 kHz e)
[   139.536] (II) modeset(0): Modeline "1360x768"x0.0   85.50  1360 1424 1536 1792  768 771 777 795 +hsync +vsync (47.7 kHz e)
[   139.536] (II) modeset(0): Modeline "1400x1050"x0.0  121.75  1400 1488 1632 1864  1050 1053 1057 1089 -hsync +vsync (65.3 kHz e)
[   139.536] (II) modeset(0): Modeline "1792x1344"x0.0  204.75  1792 1920 2120 2448  1344 1345 1348 1394 -hsync +vsync (83.6 kHz e)
[   139.536] (II) modeset(0): Modeline "1856x1392"x0.0  218.25  1856 1952 2176 2528  1392 1393 1396 1439 -hsync +vsync (86.3 kHz e)
[   139.536] (II) modeset(0): Modeline "1920x1440"x0.0  234.00  1920 2048 2256 2600  1440 1441 1444 1500 -hsync +vsync (90.0 kHz e)
[   139.536] (II) modeset(0): Modeline "1920x1080"x0.0  148.50  1920 2448 2492 2640  1080 1084 1089 1125 +hsync +vsync (56.2 kHz e)
[   139.536] (II) modeset(0): Modeline "800x600"x0.0   40.00  800 840 968 1056  600 601 605 628 +hsync +vsync (37.9 kHz e)
[   139.536] (II) modeset(0): Modeline "640x480"x0.0   25.18  640 656 752 800  480 490 492 525 -hsync -vsync (31.5 kHz e)
[   139.536] (II) modeset(0): Modeline "1024x768"x0.0   65.00  1024 1048 1184 1344  768 771 777 806 -hsync -vsync (48.4 kHz e)
[   139.536] (II) modeset(0): Modeline "2048x1152"x60.0  197.97  2048 2184 2408 2768  1152 1153 1156 1192 -hsync +vsync (71.5 kHz e)
[   139.536] (II) modeset(0): Modeline "1920x1080"x60.0  172.80  1920 2040 2248 2576  1080 1081 1084 1118 -hsync +vsync (67.1 kHz e)
[   139.536] (II) modeset(0): Modeline "1920x1200"x0.0  193.25  1920 2056 2256 2592  1200 1203 1209 1245 -hsync +vsync (74.6 kHz e)
[   139.536] (II) modeset(0): Modeline "1600x1200"x0.0  162.00  1600 1664 1856 2160  1200 1201 1204 1250 +hsync +vsync (75.0 kHz e)
[   139.536] (II) modeset(0): Modeline "1680x1050"x0.0  146.25  1680 1784 1960 2240  1050 1053 1059 1089 -hsync +vsync (65.3 kHz e)
[   139.536] (II) modeset(0): Modeline "1440x900"x0.0  106.50  1440 1520 1672 1904  900 903 909 934 -hsync +vsync (55.9 kHz e)
[   139.536] (II) modeset(0): Modeline "1280x1024"x0.0  108.00  1280 1328 1440 1688  1024 1025 1028 1066 +hsync +vsync (64.0 kHz e)
[   139.536] (II) modeset(0): Modeline "1280x960"x0.0  108.00  1280 1376 1488 1800  960 961 964 1000 +hsync +vsync (60.0 kHz e)
[   139.805] (II) modeset(0): Disabling kernel dirty updates, not required.
